<?xml version="1.0" encoding="UTF-8"?>
<testsuite name="com.adaptionsoft.games.trivia.SomeTest" tests="17" skipped="0" failures="0" errors="0" timestamp="2023-03-17T11:38:17" hostname="MacBook-Pro-de-Clement.local" time="0.078">
  <properties/>
  <testcase name="player can use joker, doesn't answer and doesn't win gold()" classname="com.adaptionsoft.games.trivia.SomeTest" time="0.017"/>
  <testcase name="game with less than 6 gold should throw()" classname="com.adaptionsoft.games.trivia.SomeTest" time="0.002"/>
  <testcase name="when using expansion pack, specific categories must be played()" classname="com.adaptionsoft.games.trivia.SomeTest" time="0.044"/>
  <testcase name="game should run if player are 2 or more and 6 or less()" classname="com.adaptionsoft.games.trivia.SomeTest" time="0.002"/>
  <testcase name="cannot replay game if no game has been played()" classname="com.adaptionsoft.games.trivia.SomeTest" time="0.001"/>
  <testcase name="should quit prison()" classname="com.adaptionsoft.games.trivia.SomeTest" time="0.001"/>
  <testcase name="game should not run if player are more than 6()" classname="com.adaptionsoft.games.trivia.SomeTest" time="0.001"/>
  <testcase name="game should not run if player are less than 2()" classname="com.adaptionsoft.games.trivia.SomeTest" time="0.0"/>
  <testcase name="player doesn't want to answer the question and leave the game()" classname="com.adaptionsoft.games.trivia.SomeTest" time="0.001"/>
  <testcase name="game with 6 gold should not throw()" classname="com.adaptionsoft.games.trivia.SomeTest" time="0.001"/>
  <testcase name="should stay in prison()" classname="com.adaptionsoft.games.trivia.SomeTest" time="0.001"/>
  <testcase name="game more than 6 gold should not throw()" classname="com.adaptionsoft.games.trivia.SomeTest" time="0.002"/>
  <testcase name="number of questions should be infinite()" classname="com.adaptionsoft.games.trivia.SomeTest" time="0.002"/>
  <testcase name="when NOT using expansion pack, specific categories MUST NOT be played()" classname="com.adaptionsoft.games.trivia.SomeTest" time="0.001"/>
  <testcase name="without replacing category is rock and not techno()" classname="com.adaptionsoft.games.trivia.SomeTest" time="0.0"/>
  <testcase name="game can be replayed()" classname="com.adaptionsoft.games.trivia.SomeTest" time="0.0"/>
  <testcase name="should replace rock by techno()" classname="com.adaptionsoft.games.trivia.SomeTest" time="0.0"/>
  <system-out><![CDATA[Gatien was added
They are player number 1
Louis was added
They are player number 2
Gatien is the current player
They have rolled a 5
Gatien's new location is 5
The category is SCIENCE
Science Question 0
Answer was corrent!!!!
Gatien now has 1 Gold Coins.
Louis is the current player
They have rolled a 2
Louis's new location is 2
The category is SPORT
Louis uses his joker
Gatien is the current player
They have rolled a 5
Gatien's new location is 10
The category is SPORT
Sports Question 0
Answer was corrent!!!!
Gatien now has 2 Gold Coins.
Louis is the current player
They have rolled a 5
Louis's new location is 7
The category is ROCK
Louis uses his joker
Gatien is the current player
They have rolled a 2
Gatien's new location is 0
The category is POP
Pop Question 0
Answer was corrent!!!!
Gatien now has 3 Gold Coins.
Louis is the current player
They have rolled a 4
Louis's new location is 11
The category is ROCK
Louis uses his joker
Gatien is the current player
They have rolled a 1
Gatien's new location is 1
The category is SCIENCE
Science Question 1
Answer was corrent!!!!
Gatien now has 4 Gold Coins.
Louis is the current player
They have rolled a 1
Louis's new location is 0
The category is POP
Louis uses his joker
Gatien is the current player
They have rolled a 4
Gatien's new location is 5
The category is SCIENCE
Science Question 2
Answer was corrent!!!!
Gatien now has 5 Gold Coins.
Louis is the current player
They have rolled a 5
Louis's new location is 5
The category is SCIENCE
Louis uses his joker
Gatien is the current player
They have rolled a 1
Gatien's new location is 6
The category is SPORT
Sports Question 1
Answer was corrent!!!!
Gatien now has 6 Gold Coins.
Gatien was added
They are player number 1
Gatien was added
They are player number 2
Gatien was added
They are player number 1
Gatien was added
They are player number 2
Gatien is the current player
They have rolled a 7
Gatien's new location is 7
The category is GEO
Question was incorrectly answered
Gatien was sent to the penalty box
Gatien is the current player
They have rolled a 7
Gatien's new location is 7
The category is GEO
Question was incorrectly answered
Gatien was sent to the penalty box
Gatien is the current player
They have rolled a 7
Gatien is getting out of the penalty box
Gatien's new location is 2
The category is SPORT
Sports Question 0
Question was incorrectly answered
Gatien was sent to the penalty box
Gatien is the current player
They have rolled a 7
Gatien is getting out of the penalty box
Gatien's new location is 2
The category is SPORT
Sports Question 1
Question was incorrectly answered
Gatien was sent to the penalty box
Gatien is the current player
They have rolled a 7
Gatien is getting out of the penalty box
Gatien's new location is 9
The category is LITTERATURE
Question was incorrectly answered
Gatien was sent to the penalty box
Gatien is the current player
They have rolled a 7
Gatien is getting out of the penalty box
Gatien's new location is 9
The category is LITTERATURE
Question was incorrectly answered
Gatien was sent to the penalty box
Gatien is the current player
They have rolled a 7
Gatien is getting out of the penalty box
Gatien's new location is 4
The category is GEO
Question was incorrectly answered
Gatien was sent to the penalty box
Gatien is the current player
They have rolled a 7
Gatien is getting out of the penalty box
Gatien's new location is 4
The category is GEO
Question was incorrectly answered
Gatien was sent to the penalty box
Gatien is the current player
They have rolled a 7
Gatien is getting out of the penalty box
Gatien's new location is 11
The category is RAP
Question was incorrectly answered
Gatien was sent to the penalty box
Gatien is the current player
They have rolled a 7
Gatien is getting out of the penalty box
Gatien's new location is 11
The category is RAP
Question was incorrectly answered
Gatien was sent to the penalty box
Gatien is the current player
They have rolled a 7
Gatien is getting out of the penalty box
Gatien's new location is 6
The category is ROCK
Rock Question 0
Question was incorrectly answered
Gatien was sent to the penalty box
Gatien is the current player
They have rolled a 7
Gatien is getting out of the penalty box
Gatien's new location is 6
The category is ROCK
Rock Question 1
Question was incorrectly answered
Gatien was sent to the penalty box
Gatien is the current player
They have rolled a 7
Gatien is getting out of the penalty box
Gatien's new location is 1
The category is SCIENCE
Science Question 0
Question was incorrectly answered
Gatien was sent to the penalty box
Gatien is the current player
They have rolled a 7
Gatien is getting out of the penalty box
Gatien's new location is 1
The category is SCIENCE
Science Question 1
Question was incorrectly answered
Gatien was sent to the penalty box
Gatien is the current player
They have rolled a 7
Gatien is getting out of the penalty box
Gatien's new location is 8
The category is PHILO
Question was incorrectly answered
Gatien was sent to the penalty box
Gatien is the current player
They have rolled a 7
Gatien is getting out of the penalty box
Gatien's new location is 8
The category is PHILO
Question was incorrectly answered
Gatien was sent to the penalty box
Gatien is the current player
They have rolled a 7
Gatien is getting out of the penalty box
Gatien's new location is 3
The category is RAP
Question was incorrectly answered
Gatien was sent to the penalty box
Gatien is the current player
They have rolled a 7
Gatien is getting out of the penalty box
Gatien's new location is 3
The category is RAP
Question was incorrectly answered
Gatien was sent to the penalty box
Gatien is the current player
They have rolled a 7
Gatien is getting out of the penalty box
Gatien's new location is 10
The category is SPORT
Sports Question 2
Question was incorrectly answered
Gatien was sent to the penalty box
Gatien is the current player
They have rolled a 7
Gatien is getting out of the penalty box
Gatien's new location is 10
The category is SPORT
Sports Question 3
Question was incorrectly answered
Gatien was sent to the penalty box
Gatien is the current player
They have rolled a 7
Gatien is getting out of the penalty box
Gatien's new location is 5
The category is ROCK
Rock Question 2
Question was incorrectly answered
Gatien was sent to the penalty box
Gatien is the current player
They have rolled a 7
Gatien is getting out of the penalty box
Gatien's new location is 5
The category is ROCK
Rock Question 3
Question was incorrectly answered
Gatien was sent to the penalty box
Gatien is the current player
They have rolled a 7
Gatien is getting out of the penalty box
Gatien's new location is 0
The category is POP
Pop Question 0
Question was incorrectly answered
Gatien was sent to the penalty box
Gatien is the current player
They have rolled a 7
Gatien is getting out of the penalty box
Gatien's new location is 0
The category is POP
Pop Question 1
Question was incorrectly answered
Gatien was sent to the penalty box
Gatien is the current player
They have rolled a 7
Gatien is getting out of the penalty box
Gatien's new location is 7
The category is GEO
Question was incorrectly answered
Gatien was sent to the penalty box
Gatien is the current player
They have rolled a 7
Gatien is getting out of the penalty box
Gatien's new location is 7
The category is GEO
Question was incorrectly answered
Gatien was sent to the penalty box
Gatien is the current player
They have rolled a 7
Gatien is getting out of the penalty box
Gatien's new location is 2
The category is SPORT
Sports Question 4
Question was incorrectly answered
Gatien was sent to the penalty box
Gatien is the current player
They have rolled a 7
Gatien is getting out of the penalty box
Gatien's new location is 2
The category is SPORT
Sports Question 5
Question was incorrectly answered
Gatien was sent to the penalty box
Gatien is the current player
They have rolled a 7
Gatien is getting out of the penalty box
Gatien's new location is 9
The category is LITTERATURE
Question was incorrectly answered
Gatien was sent to the penalty box
Gatien is the current player
They have rolled a 7
Gatien is getting out of the penalty box
Gatien's new location is 9
The category is LITTERATURE
Question was incorrectly answered
Gatien was sent to the penalty box
Gatien is the current player
They have rolled a 7
Gatien is getting out of the penalty box
Gatien's new location is 4
The category is GEO
Question was incorrectly answered
Gatien was sent to the penalty box
Gatien is the current player
They have rolled a 7
Gatien is getting out of the penalty box
Gatien's new location is 4
The category is GEO
Question was incorrectly answered
Gatien was sent to the penalty box
Gatien is the current player
They have rolled a 7
Gatien is getting out of the penalty box
Gatien's new location is 11
The category is RAP
Question was incorrectly answered
Gatien was sent to the penalty box
Gatien is the current player
They have rolled a 7
Gatien is getting out of the penalty box
Gatien's new location is 11
The category is RAP
Question was incorrectly answered
Gatien was sent to the penalty box
Gatien is the current player
They have rolled a 7
Gatien is getting out of the penalty box
Gatien's new location is 6
The category is ROCK
Rock Question 4
Question was incorrectly answered
Gatien was sent to the penalty box
Gatien is the current player
They have rolled a 7
Gatien is getting out of the penalty box
Gatien's new location is 6
The category is ROCK
Rock Question 5
Question was incorrectly answered
Gatien was sent to the penalty box
Gatien is the current player
They have rolled a 7
Gatien is getting out of the penalty box
Gatien's new location is 1
The category is SCIENCE
Science Question 2
Question was incorrectly answered
Gatien was sent to the penalty box
Gatien is the current player
They have rolled a 7
Gatien is getting out of the penalty box
Gatien's new location is 1
The category is SCIENCE
Science Question 3
Question was incorrectly answered
Gatien was sent to the penalty box
Gatien is the current player
They have rolled a 7
Gatien is getting out of the penalty box
Gatien's new location is 8
The category is PHILO
Question was incorrectly answered
Gatien was sent to the penalty box
Gatien is the current player
They have rolled a 7
Gatien is getting out of the penalty box
Gatien's new location is 8
The category is PHILO
Question was incorrectly answered
Gatien was sent to the penalty box
Gatien is the current player
They have rolled a 7
Gatien is getting out of the penalty box
Gatien's new location is 3
The category is RAP
Question was incorrectly answered
Gatien was sent to the penalty box
Gatien is the current player
They have rolled a 7
Gatien is getting out of the penalty box
Gatien's new location is 3
The category is RAP
Question was incorrectly answered
Gatien was sent to the penalty box
Gatien is the current player
They have rolled a 7
Gatien is getting out of the penalty box
Gatien's new location is 10
The category is SPORT
Sports Question 6
Question was incorrectly answered
Gatien was sent to the penalty box
Gatien is the current player
They have rolled a 7
Gatien is getting out of the penalty box
Gatien's new location is 10
The category is SPORT
Sports Question 7
Question was incorrectly answered
Gatien was sent to the penalty box
Gatien is the current player
They have rolled a 7
Gatien is getting out of the penalty box
Gatien's new location is 5
The category is ROCK
Rock Question 6
Question was incorrectly answered
Gatien was sent to the penalty box
Gatien is the current player
They have rolled a 7
Gatien is getting out of the penalty box
Gatien's new location is 5
The category is ROCK
Rock Question 7
Question was incorrectly answered
Gatien was sent to the penalty box
Gatien is the current player
They have rolled a 7
Gatien is getting out of the penalty box
Gatien's new location is 0
The category is POP
Pop Question 2
Question was incorrectly answered
Gatien was sent to the penalty box
Gatien is the current player
They have rolled a 7
Gatien is getting out of the penalty box
Gatien's new location is 0
The category is POP
Pop Question 3
Question was incorrectly answered
Gatien was sent to the penalty box
Gatien is the current player
They have rolled a 7
Gatien is getting out of the penalty box
Gatien's new location is 7
The category is GEO
Question was incorrectly answered
Gatien was sent to the penalty box
Gatien is the current player
They have rolled a 7
Gatien is getting out of the penalty box
Gatien's new location is 7
The category is GEO
Question was incorrectly answered
Gatien was sent to the penalty box
Gatien is the current player
They have rolled a 7
Gatien is getting out of the penalty box
Gatien's new location is 2
The category is SPORT
Sports Question 8
Question was incorrectly answered
Gatien was sent to the penalty box
Gatien is the current player
They have rolled a 7
Gatien is getting out of the penalty box
Gatien's new location is 2
The category is SPORT
Sports Question 9
Question was incorrectly answered
Gatien was sent to the penalty box
Gatien is the current player
They have rolled a 7
Gatien is getting out of the penalty box
Gatien's new location is 9
The category is LITTERATURE
Question was incorrectly answered
Gatien was sent to the penalty box
Gatien is the current player
They have rolled a 7
Gatien is getting out of the penalty box
Gatien's new location is 9
The category is LITTERATURE
Question was incorrectly answered
Gatien was sent to the penalty box
Gatien is the current player
They have rolled a 7
Gatien is getting out of the penalty box
Gatien's new location is 4
The category is GEO
Question was incorrectly answered
Gatien was sent to the penalty box
Gatien is the current player
They have rolled a 7
Gatien is getting out of the penalty box
Gatien's new location is 4
The category is GEO
Question was incorrectly answered
Gatien was sent to the penalty box
Gatien is the current player
They have rolled a 7
Gatien is getting out of the penalty box
Gatien's new location is 11
The category is RAP
Question was incorrectly answered
Gatien was sent to the penalty box
Gatien is the current player
They have rolled a 7
Gatien is getting out of the penalty box
Gatien's new location is 11
The category is RAP
Question was incorrectly answered
Gatien was sent to the penalty box
Gatien is the current player
They have rolled a 7
Gatien is getting out of the penalty box
Gatien's new location is 6
The category is ROCK
Rock Question 8
Question was incorrectly answered
Gatien was sent to the penalty box
Gatien is the current player
They have rolled a 7
Gatien is getting out of the penalty box
Gatien's new location is 6
The category is ROCK
Rock Question 9
Question was incorrectly answered
Gatien was sent to the penalty box
Gatien is the current player
They have rolled a 7
Gatien is getting out of the penalty box
Gatien's new location is 1
The category is SCIENCE
Science Question 4
Question was incorrectly answered
Gatien was sent to the penalty box
Gatien is the current player
They have rolled a 7
Gatien is getting out of the penalty box
Gatien's new location is 1
The category is SCIENCE
Science Question 5
Question was incorrectly answered
Gatien was sent to the penalty box
Gatien is the current player
They have rolled a 7
Gatien is getting out of the penalty box
Gatien's new location is 8
The category is PHILO
Question was incorrectly answered
Gatien was sent to the penalty box
Gatien is the current player
They have rolled a 7
Gatien is getting out of the penalty box
Gatien's new location is 8
The category is PHILO
Question was incorrectly answered
Gatien was sent to the penalty box
Gatien is the current player
They have rolled a 7
Gatien is getting out of the penalty box
Gatien's new location is 3
The category is RAP
Question was incorrectly answered
Gatien was sent to the penalty box
Gatien is the current player
They have rolled a 7
Gatien is getting out of the penalty box
Gatien's new location is 3
The category is RAP
Question was incorrectly answered
Gatien was sent to the penalty box
Gatien is the current player
They have rolled a 7
Gatien is getting out of the penalty box
Gatien's new location is 10
The category is SPORT
Sports Question 10
Question was incorrectly answered
Gatien was sent to the penalty box
Gatien is the current player
They have rolled a 7
Gatien is getting out of the penalty box
Gatien's new location is 10
The category is SPORT
Sports Question 11
Question was incorrectly answered
Gatien was sent to the penalty box
Gatien is the current player
They have rolled a 7
Gatien is getting out of the penalty box
Gatien's new location is 5
The category is ROCK
Rock Question 10
Question was incorrectly answered
Gatien was sent to the penalty box
Gatien is the current player
They have rolled a 7
Gatien is getting out of the penalty box
Gatien's new location is 5
The category is ROCK
Rock Question 11
Question was incorrectly answered
Gatien was sent to the penalty box
Gatien is the current player
They have rolled a 7
Gatien is getting out of the penalty box
Gatien's new location is 0
The category is POP
Pop Question 4
Question was incorrectly answered
Gatien was sent to the penalty box
Gatien is the current player
They have rolled a 7
Gatien is getting out of the penalty box
Gatien's new location is 0
The category is POP
Pop Question 5
Question was incorrectly answered
Gatien was sent to the penalty box
Gatien is the current player
They have rolled a 7
Gatien is getting out of the penalty box
Gatien's new location is 7
The category is GEO
Question was incorrectly answered
Gatien was sent to the penalty box
Gatien is the current player
They have rolled a 7
Gatien is getting out of the penalty box
Gatien's new location is 7
The category is GEO
Question was incorrectly answered
Gatien was sent to the penalty box
Gatien is the current player
They have rolled a 7
Gatien is getting out of the penalty box
Gatien's new location is 2
The category is SPORT
Sports Question 12
Question was incorrectly answered
Gatien was sent to the penalty box
Gatien is the current player
They have rolled a 7
Gatien is getting out of the penalty box
Gatien's new location is 2
The category is SPORT
Sports Question 13
Question was incorrectly answered
Gatien was sent to the penalty box
Gatien is the current player
They have rolled a 7
Gatien is getting out of the penalty box
Gatien's new location is 9
The category is LITTERATURE
Question was incorrectly answered
Gatien was sent to the penalty box
Gatien is the current player
They have rolled a 7
Gatien is getting out of the penalty box
Gatien's new location is 9
The category is LITTERATURE
Question was incorrectly answered
Gatien was sent to the penalty box
Gatien is the current player
They have rolled a 7
Gatien is getting out of the penalty box
Gatien's new location is 4
The category is GEO
Question was incorrectly answered
Gatien was sent to the penalty box
Gatien is the current player
They have rolled a 7
Gatien is getting out of the penalty box
Gatien's new location is 4
The category is GEO
Question was incorrectly answered
Gatien was sent to the penalty box
Gatien is the current player
They have rolled a 7
Gatien is getting out of the penalty box
Gatien's new location is 11
The category is RAP
Question was incorrectly answered
Gatien was sent to the penalty box
Gatien is the current player
They have rolled a 7
Gatien is getting out of the penalty box
Gatien's new location is 11
The category is RAP
Question was incorrectly answered
Gatien was sent to the penalty box
Gatien is the current player
They have rolled a 7
Gatien is getting out of the penalty box
Gatien's new location is 6
The category is ROCK
Rock Question 12
Question was incorrectly answered
Gatien was sent to the penalty box
Gatien is the current player
They have rolled a 7
Gatien is getting out of the penalty box
Gatien's new location is 6
The category is ROCK
Rock Question 13
Question was incorrectly answered
Gatien was sent to the penalty box
Gatien is the current player
They have rolled a 7
Gatien is getting out of the penalty box
Gatien's new location is 1
The category is SCIENCE
Science Question 6
Question was incorrectly answered
Gatien was sent to the penalty box
Gatien is the current player
They have rolled a 7
Gatien is getting out of the penalty box
Gatien's new location is 1
The category is SCIENCE
Science Question 7
Question was incorrectly answered
Gatien was sent to the penalty box
Gatien is the current player
They have rolled a 7
Gatien is getting out of the penalty box
Gatien's new location is 8
The category is PHILO
Question was incorrectly answered
Gatien was sent to the penalty box
Gatien is the current player
They have rolled a 7
Gatien is getting out of the penalty box
Gatien's new location is 8
The category is PHILO
Question was incorrectly answered
Gatien was sent to the penalty box
Gatien is the current player
They have rolled a 7
Gatien is getting out of the penalty box
Gatien's new location is 3
The category is RAP
Question was incorrectly answered
Gatien was sent to the penalty box
Gatien is the current player
They have rolled a 7
Gatien is getting out of the penalty box
Gatien's new location is 3
The category is RAP
Question was incorrectly answered
Gatien was sent to the penalty box
Gatien is the current player
They have rolled a 7
Gatien is getting out of the penalty box
Gatien's new location is 10
The category is SPORT
Sports Question 14
Question was incorrectly answered
Gatien was sent to the penalty box
Gatien is the current player
They have rolled a 7
Gatien is getting out of the penalty box
Gatien's new location is 10
The category is SPORT
Sports Question 15
Question was incorrectly answered
Gatien was sent to the penalty box
Gatien is the current player
They have rolled a 7
Gatien is getting out of the penalty box
Gatien's new location is 5
The category is ROCK
Rock Question 14
Question was incorrectly answered
Gatien was sent to the penalty box
Gatien is the current player
They have rolled a 7
Gatien is getting out of the penalty box
Gatien's new location is 5
The category is ROCK
Rock Question 15
Question was incorrectly answered
Gatien was sent to the penalty box
Gatien is the current player
They have rolled a 7
Gatien is getting out of the penalty box
Gatien's new location is 0
The category is POP
Pop Question 6
Question was incorrectly answered
Gatien was sent to the penalty box
Gatien is the current player
They have rolled a 7
Gatien is getting out of the penalty box
Gatien's new location is 0
The category is POP
Pop Question 7
Question was incorrectly answered
Gatien was sent to the penalty box
Gatien is the current player
They have rolled a 7
Gatien is getting out of the penalty box
Gatien's new location is 7
The category is GEO
Question was incorrectly answered
Gatien was sent to the penalty box
Gatien is the current player
They have rolled a 7
Gatien is getting out of the penalty box
Gatien's new location is 7
The category is GEO
Question was incorrectly answered
Gatien was sent to the penalty box
Gatien is the current player
They have rolled a 7
Gatien is getting out of the penalty box
Gatien's new location is 2
The category is SPORT
Sports Question 16
Question was incorrectly answered
Gatien was sent to the penalty box
Gatien is the current player
They have rolled a 7
Gatien is getting out of the penalty box
Gatien's new location is 2
The category is SPORT
Sports Question 17
Question was incorrectly answered
Gatien was sent to the penalty box
Gatien is the current player
They have rolled a 7
Gatien is getting out of the penalty box
Gatien's new location is 9
The category is LITTERATURE
Question was incorrectly answered
Gatien was sent to the penalty box
Gatien is the current player
They have rolled a 7
Gatien is getting out of the penalty box
Gatien's new location is 9
The category is LITTERATURE
Question was incorrectly answered
Gatien was sent to the penalty box
Gatien is the current player
They have rolled a 7
Gatien is getting out of the penalty box
Gatien's new location is 4
The category is GEO
Question was incorrectly answered
Gatien was sent to the penalty box
Gatien is the current player
They have rolled a 7
Gatien is getting out of the penalty box
Gatien's new location is 4
The category is GEO
Question was incorrectly answered
Gatien was sent to the penalty box
Gatien is the current player
They have rolled a 7
Gatien is getting out of the penalty box
Gatien's new location is 11
The category is RAP
Question was incorrectly answered
Gatien was sent to the penalty box
Gatien is the current player
They have rolled a 7
Gatien is getting out of the penalty box
Gatien's new location is 11
The category is RAP
Question was incorrectly answered
Gatien was sent to the penalty box
Gatien is the current player
They have rolled a 7
Gatien is getting out of the penalty box
Gatien's new location is 6
The category is ROCK
Rock Question 16
Question was incorrectly answered
Gatien was sent to the penalty box
Gatien is the current player
They have rolled a 7
Gatien is getting out of the penalty box
Gatien's new location is 6
The category is ROCK
Rock Question 17
Question was incorrectly answered
Gatien was sent to the penalty box
Gatien is the current player
They have rolled a 7
Gatien is getting out of the penalty box
Gatien's new location is 1
The category is SCIENCE
Science Question 8
Question was incorrectly answered
Gatien was sent to the penalty box
Gatien is the current player
They have rolled a 7
Gatien is getting out of the penalty box
Gatien's new location is 1
The category is SCIENCE
Science Question 9
Question was incorrectly answered
Gatien was sent to the penalty box
Gatien is the current player
They have rolled a 7
Gatien is getting out of the penalty box
Gatien's new location is 8
The category is PHILO
Question was incorrectly answered
Gatien was sent to the penalty box
Gatien is the current player
They have rolled a 7
Gatien is getting out of the penalty box
Gatien's new location is 8
The category is PHILO
Question was incorrectly answered
Gatien was sent to the penalty box
Gatien is the current player
They have rolled a 7
Gatien is getting out of the penalty box
Gatien's new location is 3
The category is RAP
Question was incorrectly answered
Gatien was sent to the penalty box
Gatien is the current player
They have rolled a 7
Gatien is getting out of the penalty box
Gatien's new location is 3
The category is RAP
Question was incorrectly answered
Gatien was sent to the penalty box
Gatien is the current player
They have rolled a 7
Gatien is getting out of the penalty box
Gatien's new location is 10
The category is SPORT
Sports Question 18
Question was incorrectly answered
Gatien was sent to the penalty box
Gatien is the current player
They have rolled a 7
Gatien is getting out of the penalty box
Gatien's new location is 10
The category is SPORT
Sports Question 19
Question was incorrectly answered
Gatien was sent to the penalty box
Gatien is the current player
They have rolled a 7
Gatien is getting out of the penalty box
Gatien's new location is 5
The category is ROCK
Rock Question 18
Question was incorrectly answered
Gatien was sent to the penalty box
Gatien is the current player
They have rolled a 7
Gatien is getting out of the penalty box
Gatien's new location is 5
The category is ROCK
Rock Question 19
Question was incorrectly answered
Gatien was sent to the penalty box
Gatien is the current player
They have rolled a 7
Gatien is getting out of the penalty box
Gatien's new location is 0
The category is POP
Pop Question 8
Question was incorrectly answered
Gatien was sent to the penalty box
Gatien is the current player
They have rolled a 7
Gatien is getting out of the penalty box
Gatien's new location is 0
The category is POP
Pop Question 9
Question was incorrectly answered
Gatien was sent to the penalty box
Gatien is the current player
They have rolled a 7
Gatien is getting out of the penalty box
Gatien's new location is 7
The category is GEO
Question was incorrectly answered
Gatien was sent to the penalty box
Gatien is the current player
They have rolled a 7
Gatien is getting out of the penalty box
Gatien's new location is 7
The category is GEO
Question was incorrectly answered
Gatien was sent to the penalty box
Gatien is the current player
They have rolled a 7
Gatien is getting out of the penalty box
Gatien's new location is 2
The category is SPORT
Sports Question 20
Question was incorrectly answered
Gatien was sent to the penalty box
Gatien is the current player
They have rolled a 7
Gatien is getting out of the penalty box
Gatien's new location is 2
The category is SPORT
Sports Question 21
Question was incorrectly answered
Gatien was sent to the penalty box
Gatien is the current player
They have rolled a 7
Gatien is getting out of the penalty box
Gatien's new location is 9
The category is LITTERATURE
Question was incorrectly answered
Gatien was sent to the penalty box
Gatien is the current player
They have rolled a 7
Gatien is getting out of the penalty box
Gatien's new location is 9
The category is LITTERATURE
Question was incorrectly answered
Gatien was sent to the penalty box
Gatien is the current player
They have rolled a 7
Gatien is getting out of the penalty box
Gatien's new location is 4
The category is GEO
Question was incorrectly answered
Gatien was sent to the penalty box
Gatien is the current player
They have rolled a 7
Gatien is getting out of the penalty box
Gatien's new location is 4
The category is GEO
Question was incorrectly answered
Gatien was sent to the penalty box
Gatien is the current player
They have rolled a 7
Gatien is getting out of the penalty box
Gatien's new location is 11
The category is RAP
Question was incorrectly answered
Gatien was sent to the penalty box
Gatien is the current player
They have rolled a 7
Gatien is getting out of the penalty box
Gatien's new location is 11
The category is RAP
Question was incorrectly answered
Gatien was sent to the penalty box
Gatien is the current player
They have rolled a 7
Gatien is getting out of the penalty box
Gatien's new location is 6
The category is ROCK
Rock Question 20
Question was incorrectly answered
Gatien was sent to the penalty box
Gatien is the current player
They have rolled a 7
Gatien is getting out of the penalty box
Gatien's new location is 6
The category is ROCK
Rock Question 21
Question was incorrectly answered
Gatien was sent to the penalty box
Gatien is the current player
They have rolled a 7
Gatien is getting out of the penalty box
Gatien's new location is 1
The category is SCIENCE
Science Question 10
Question was incorrectly answered
Gatien was sent to the penalty box
Gatien is the current player
They have rolled a 7
Gatien is getting out of the penalty box
Gatien's new location is 1
The category is SCIENCE
Science Question 11
Question was incorrectly answered
Gatien was sent to the penalty box
Gatien is the current player
They have rolled a 7
Gatien is getting out of the penalty box
Gatien's new location is 8
The category is PHILO
Question was incorrectly answered
Gatien was sent to the penalty box
Gatien is the current player
They have rolled a 7
Gatien is getting out of the penalty box
Gatien's new location is 8
The category is PHILO
Question was incorrectly answered
Gatien was sent to the penalty box
Gatien is the current player
They have rolled a 7
Gatien is getting out of the penalty box
Gatien's new location is 3
The category is RAP
Question was incorrectly answered
Gatien was sent to the penalty box
Gatien is the current player
They have rolled a 7
Gatien is getting out of the penalty box
Gatien's new location is 3
The category is RAP
Question was incorrectly answered
Gatien was sent to the penalty box
Gatien is the current player
They have rolled a 7
Gatien is getting out of the penalty box
Gatien's new location is 10
The category is SPORT
Sports Question 22
Question was incorrectly answered
Gatien was sent to the penalty box
Gatien is the current player
They have rolled a 7
Gatien is getting out of the penalty box
Gatien's new location is 10
The category is SPORT
Sports Question 23
Question was incorrectly answered
Gatien was sent to the penalty box
Gatien is the current player
They have rolled a 7
Gatien is getting out of the penalty box
Gatien's new location is 5
The category is ROCK
Rock Question 22
Question was incorrectly answered
Gatien was sent to the penalty box
Gatien is the current player
They have rolled a 7
Gatien is getting out of the penalty box
Gatien's new location is 5
The category is ROCK
Rock Question 23
Question was incorrectly answered
Gatien was sent to the penalty box
Gatien is the current player
They have rolled a 7
Gatien is getting out of the penalty box
Gatien's new location is 0
The category is POP
Pop Question 10
Question was incorrectly answered
Gatien was sent to the penalty box
Gatien is the current player
They have rolled a 7
Gatien is getting out of the penalty box
Gatien's new location is 0
The category is POP
Pop Question 11
Question was incorrectly answered
Gatien was sent to the penalty box
Gatien is the current player
They have rolled a 7
Gatien is getting out of the penalty box
Gatien's new location is 7
The category is GEO
Question was incorrectly answered
Gatien was sent to the penalty box
Gatien is the current player
They have rolled a 7
Gatien is getting out of the penalty box
Gatien's new location is 7
The category is GEO
Question was incorrectly answered
Gatien was sent to the penalty box
Gatien is the current player
They have rolled a 7
Gatien is getting out of the penalty box
Gatien's new location is 2
The category is SPORT
Sports Question 24
Question was incorrectly answered
Gatien was sent to the penalty box
Gatien is the current player
They have rolled a 7
Gatien is getting out of the penalty box
Gatien's new location is 2
The category is SPORT
Sports Question 25
Question was incorrectly answered
Gatien was sent to the penalty box
Gatien is the current player
They have rolled a 7
Gatien is getting out of the penalty box
Gatien's new location is 9
The category is LITTERATURE
Question was incorrectly answered
Gatien was sent to the penalty box
Gatien is the current player
They have rolled a 7
Gatien is getting out of the penalty box
Gatien's new location is 9
The category is LITTERATURE
Question was incorrectly answered
Gatien was sent to the penalty box
Gatien is the current player
They have rolled a 7
Gatien is getting out of the penalty box
Gatien's new location is 4
The category is GEO
Question was incorrectly answered
Gatien was sent to the penalty box
Gatien is the current player
They have rolled a 7
Gatien is getting out of the penalty box
Gatien's new location is 4
The category is GEO
Question was incorrectly answered
Gatien was sent to the penalty box
Gatien is the current player
They have rolled a 7
Gatien is getting out of the penalty box
Gatien's new location is 11
The category is RAP
Question was incorrectly answered
Gatien was sent to the penalty box
Gatien is the current player
They have rolled a 7
Gatien is getting out of the penalty box
Gatien's new location is 11
The category is RAP
Question was incorrectly answered
Gatien was sent to the penalty box
Gatien is the current player
They have rolled a 7
Gatien is getting out of the penalty box
Gatien's new location is 6
The category is ROCK
Rock Question 24
Question was incorrectly answered
Gatien was sent to the penalty box
Gatien is the current player
They have rolled a 7
Gatien is getting out of the penalty box
Gatien's new location is 6
The category is ROCK
Rock Question 25
Question was incorrectly answered
Gatien was sent to the penalty box
Gatien is the current player
They have rolled a 7
Gatien is getting out of the penalty box
Gatien's new location is 1
The category is SCIENCE
Science Question 12
Question was incorrectly answered
Gatien was sent to the penalty box
Gatien is the current player
They have rolled a 7
Gatien is getting out of the penalty box
Gatien's new location is 1
The category is SCIENCE
Science Question 13
Question was incorrectly answered
Gatien was sent to the penalty box
Gatien is the current player
They have rolled a 7
Gatien is getting out of the penalty box
Gatien's new location is 8
The category is PHILO
Question was incorrectly answered
Gatien was sent to the penalty box
Gatien is the current player
They have rolled a 7
Gatien is getting out of the penalty box
Gatien's new location is 8
The category is PHILO
Question was incorrectly answered
Gatien was sent to the penalty box
Gatien is the current player
They have rolled a 7
Gatien is getting out of the penalty box
Gatien's new location is 3
The category is RAP
Question was incorrectly answered
Gatien was sent to the penalty box
Gatien is the current player
They have rolled a 7
Gatien is getting out of the penalty box
Gatien's new location is 3
The category is RAP
Question was incorrectly answered
Gatien was sent to the penalty box
Gatien is the current player
They have rolled a 7
Gatien is getting out of the penalty box
Gatien's new location is 10
The category is SPORT
Sports Question 26
Question was incorrectly answered
Gatien was sent to the penalty box
Gatien is the current player
They have rolled a 7
Gatien is getting out of the penalty box
Gatien's new location is 10
The category is SPORT
Sports Question 27
Question was incorrectly answered
Gatien was sent to the penalty box
Gatien is the current player
They have rolled a 7
Gatien is getting out of the penalty box
Gatien's new location is 5
The category is ROCK
Rock Question 26
Question was incorrectly answered
Gatien was sent to the penalty box
Gatien is the current player
They have rolled a 7
Gatien is getting out of the penalty box
Gatien's new location is 5
The category is ROCK
Rock Question 27
Question was incorrectly answered
Gatien was sent to the penalty box
Gatien is the current player
They have rolled a 7
Gatien is getting out of the penalty box
Gatien's new location is 0
The category is POP
Pop Question 12
Question was incorrectly answered
Gatien was sent to the penalty box
Gatien is the current player
They have rolled a 7
Gatien is getting out of the penalty box
Gatien's new location is 0
The category is POP
Pop Question 13
Question was incorrectly answered
Gatien was sent to the penalty box
Gatien is the current player
They have rolled a 7
Gatien is getting out of the penalty box
Gatien's new location is 7
The category is GEO
Question was incorrectly answered
Gatien was sent to the penalty box
Gatien is the current player
They have rolled a 7
Gatien is getting out of the penalty box
Gatien's new location is 7
The category is GEO
Question was incorrectly answered
Gatien was sent to the penalty box
Gatien is the current player
They have rolled a 7
Gatien is getting out of the penalty box
Gatien's new location is 2
The category is SPORT
Sports Question 28
Question was incorrectly answered
Gatien was sent to the penalty box
Gatien is the current player
They have rolled a 7
Gatien is getting out of the penalty box
Gatien's new location is 2
The category is SPORT
Sports Question 29
Question was incorrectly answered
Gatien was sent to the penalty box
Gatien is the current player
They have rolled a 7
Gatien is getting out of the penalty box
Gatien's new location is 9
The category is LITTERATURE
Question was incorrectly answered
Gatien was sent to the penalty box
Gatien is the current player
They have rolled a 7
Gatien is getting out of the penalty box
Gatien's new location is 9
The category is LITTERATURE
Question was incorrectly answered
Gatien was sent to the penalty box
Gatien is the current player
They have rolled a 7
Gatien is getting out of the penalty box
Gatien's new location is 4
The category is GEO
Question was incorrectly answered
Gatien was sent to the penalty box
Gatien is the current player
They have rolled a 7
Gatien is getting out of the penalty box
Gatien's new location is 4
The category is GEO
Question was incorrectly answered
Gatien was sent to the penalty box
Gatien is the current player
They have rolled a 7
Gatien is getting out of the penalty box
Gatien's new location is 11
The category is RAP
Question was incorrectly answered
Gatien was sent to the penalty box
Gatien is the current player
They have rolled a 7
Gatien is getting out of the penalty box
Gatien's new location is 11
The category is RAP
Question was incorrectly answered
Gatien was sent to the penalty box
Gatien is the current player
They have rolled a 7
Gatien is getting out of the penalty box
Gatien's new location is 6
The category is ROCK
Rock Question 28
Question was incorrectly answered
Gatien was sent to the penalty box
Gatien is the current player
They have rolled a 7
Gatien is getting out of the penalty box
Gatien's new location is 6
The category is ROCK
Rock Question 29
Question was incorrectly answered
Gatien was sent to the penalty box
Gatien is the current player
They have rolled a 7
Gatien is getting out of the penalty box
Gatien's new location is 1
The category is SCIENCE
Science Question 14
Question was incorrectly answered
Gatien was sent to the penalty box
Gatien is the current player
They have rolled a 7
Gatien is getting out of the penalty box
Gatien's new location is 1
The category is SCIENCE
Science Question 15
Question was incorrectly answered
Gatien was sent to the penalty box
Gatien is the current player
They have rolled a 7
Gatien is getting out of the penalty box
Gatien's new location is 8
The category is PHILO
Question was incorrectly answered
Gatien was sent to the penalty box
Gatien is the current player
They have rolled a 7
Gatien is getting out of the penalty box
Gatien's new location is 8
The category is PHILO
Question was incorrectly answered
Gatien was sent to the penalty box
Gatien is the current player
They have rolled a 7
Gatien is getting out of the penalty box
Gatien's new location is 3
The category is RAP
Question was incorrectly answered
Gatien was sent to the penalty box
Gatien is the current player
They have rolled a 7
Gatien is getting out of the penalty box
Gatien's new location is 3
The category is RAP
Question was incorrectly answered
Gatien was sent to the penalty box
Gatien is the current player
They have rolled a 7
Gatien is getting out of the penalty box
Gatien's new location is 10
The category is SPORT
Sports Question 30
Question was incorrectly answered
Gatien was sent to the penalty box
Gatien is the current player
They have rolled a 7
Gatien is getting out of the penalty box
Gatien's new location is 10
The category is SPORT
Sports Question 31
Question was incorrectly answered
Gatien was sent to the penalty box
Gatien is the current player
They have rolled a 7
Gatien is getting out of the penalty box
Gatien's new location is 5
The category is ROCK
Rock Question 30
Question was incorrectly answered
Gatien was sent to the penalty box
Gatien is the current player
They have rolled a 7
Gatien is getting out of the penalty box
Gatien's new location is 5
The category is ROCK
Rock Question 31
Question was incorrectly answered
Gatien was sent to the penalty box
Gatien is the current player
They have rolled a 7
Gatien is getting out of the penalty box
Gatien's new location is 0
The category is POP
Pop Question 14
Question was incorrectly answered
Gatien was sent to the penalty box
Gatien is the current player
They have rolled a 7
Gatien is getting out of the penalty box
Gatien's new location is 0
The category is POP
Pop Question 15
Question was incorrectly answered
Gatien was sent to the penalty box
Gatien is the current player
They have rolled a 7
Gatien is getting out of the penalty box
Gatien's new location is 7
The category is GEO
Question was incorrectly answered
Gatien was sent to the penalty box
Gatien is the current player
They have rolled a 7
Gatien is getting out of the penalty box
Gatien's new location is 7
The category is GEO
Question was incorrectly answered
Gatien was sent to the penalty box
Gatien is the current player
They have rolled a 7
Gatien is getting out of the penalty box
Gatien's new location is 2
The category is SPORT
Sports Question 32
Question was incorrectly answered
Gatien was sent to the penalty box
Gatien is the current player
They have rolled a 7
Gatien is getting out of the penalty box
Gatien's new location is 2
The category is SPORT
Sports Question 33
Question was incorrectly answered
Gatien was sent to the penalty box
Gatien is the current player
They have rolled a 7
Gatien is getting out of the penalty box
Gatien's new location is 9
The category is LITTERATURE
Question was incorrectly answered
Gatien was sent to the penalty box
Gatien is the current player
They have rolled a 7
Gatien is getting out of the penalty box
Gatien's new location is 9
The category is LITTERATURE
Question was incorrectly answered
Gatien was sent to the penalty box
Gatien is the current player
They have rolled a 7
Gatien is getting out of the penalty box
Gatien's new location is 4
The category is GEO
Question was incorrectly answered
Gatien was sent to the penalty box
Gatien is the current player
They have rolled a 7
Gatien is getting out of the penalty box
Gatien's new location is 4
The category is GEO
Question was incorrectly answered
Gatien was sent to the penalty box
Gatien is the current player
They have rolled a 7
Gatien is getting out of the penalty box
Gatien's new location is 11
The category is RAP
Question was incorrectly answered
Gatien was sent to the penalty box
Gatien is the current player
They have rolled a 7
Gatien is getting out of the penalty box
Gatien's new location is 11
The category is RAP
Question was incorrectly answered
Gatien was sent to the penalty box
Gatien is the current player
They have rolled a 7
Gatien is getting out of the penalty box
Gatien's new location is 6
The category is ROCK
Rock Question 32
Question was incorrectly answered
Gatien was sent to the penalty box
Gatien is the current player
They have rolled a 7
Gatien is getting out of the penalty box
Gatien's new location is 6
The category is ROCK
Rock Question 33
Question was incorrectly answered
Gatien was sent to the penalty box
Gatien is the current player
They have rolled a 7
Gatien is getting out of the penalty box
Gatien's new location is 1
The category is SCIENCE
Science Question 16
Question was incorrectly answered
Gatien was sent to the penalty box
Gatien is the current player
They have rolled a 7
Gatien is getting out of the penalty box
Gatien's new location is 1
The category is SCIENCE
Science Question 17
Question was incorrectly answered
Gatien was sent to the penalty box
Gatien is the current player
They have rolled a 7
Gatien is getting out of the penalty box
Gatien's new location is 8
The category is PHILO
Question was incorrectly answered
Gatien was sent to the penalty box
Gatien is the current player
They have rolled a 7
Gatien is getting out of the penalty box
Gatien's new location is 8
The category is PHILO
Question was incorrectly answered
Gatien was sent to the penalty box
Gatien is the current player
They have rolled a 7
Gatien is getting out of the penalty box
Gatien's new location is 3
The category is RAP
Question was incorrectly answered
Gatien was sent to the penalty box
Gatien is the current player
They have rolled a 7
Gatien is getting out of the penalty box
Gatien's new location is 3
The category is RAP
Question was incorrectly answered
Gatien was sent to the penalty box
Gatien is the current player
They have rolled a 7
Gatien is getting out of the penalty box
Gatien's new location is 10
The category is SPORT
Sports Question 34
Question was incorrectly answered
Gatien was sent to the penalty box
Gatien is the current player
They have rolled a 7
Gatien is getting out of the penalty box
Gatien's new location is 10
The category is SPORT
Sports Question 35
Question was incorrectly answered
Gatien was sent to the penalty box
Gatien is the current player
They have rolled a 7
Gatien is getting out of the penalty box
Gatien's new location is 5
The category is ROCK
Rock Question 34
Question was incorrectly answered
Gatien was sent to the penalty box
Gatien is the current player
They have rolled a 7
Gatien is getting out of the penalty box
Gatien's new location is 5
The category is ROCK
Rock Question 35
Question was incorrectly answered
Gatien was sent to the penalty box
Gatien is the current player
They have rolled a 7
Gatien is getting out of the penalty box
Gatien's new location is 0
The category is POP
Pop Question 16
Question was incorrectly answered
Gatien was sent to the penalty box
Gatien is the current player
They have rolled a 7
Gatien is getting out of the penalty box
Gatien's new location is 0
The category is POP
Pop Question 17
Question was incorrectly answered
Gatien was sent to the penalty box
Gatien is the current player
They have rolled a 7
Gatien is getting out of the penalty box
Gatien's new location is 7
The category is GEO
Question was incorrectly answered
Gatien was sent to the penalty box
Gatien is the current player
They have rolled a 7
Gatien is getting out of the penalty box
Gatien's new location is 7
The category is GEO
Question was incorrectly answered
Gatien was sent to the penalty box
Gatien is the current player
They have rolled a 7
Gatien is getting out of the penalty box
Gatien's new location is 2
The category is SPORT
Sports Question 36
Question was incorrectly answered
Gatien was sent to the penalty box
Gatien is the current player
They have rolled a 7
Gatien is getting out of the penalty box
Gatien's new location is 2
The category is SPORT
Sports Question 37
Question was incorrectly answered
Gatien was sent to the penalty box
Gatien is the current player
They have rolled a 7
Gatien is getting out of the penalty box
Gatien's new location is 9
The category is LITTERATURE
Question was incorrectly answered
Gatien was sent to the penalty box
Gatien is the current player
They have rolled a 7
Gatien is getting out of the penalty box
Gatien's new location is 9
The category is LITTERATURE
Question was incorrectly answered
Gatien was sent to the penalty box
Gatien is the current player
They have rolled a 7
Gatien is getting out of the penalty box
Gatien's new location is 4
The category is GEO
Question was incorrectly answered
Gatien was sent to the penalty box
Gatien is the current player
They have rolled a 7
Gatien is getting out of the penalty box
Gatien's new location is 4
The category is GEO
Question was incorrectly answered
Gatien was sent to the penalty box
Gatien is the current player
They have rolled a 7
Gatien is getting out of the penalty box
Gatien's new location is 11
The category is RAP
Question was incorrectly answered
Gatien was sent to the penalty box
Gatien is the current player
They have rolled a 7
Gatien is getting out of the penalty box
Gatien's new location is 11
The category is RAP
Question was incorrectly answered
Gatien was sent to the penalty box
Gatien is the current player
They have rolled a 7
Gatien is getting out of the penalty box
Gatien's new location is 6
The category is ROCK
Rock Question 36
Question was incorrectly answered
Gatien was sent to the penalty box
Gatien is the current player
They have rolled a 7
Gatien is getting out of the penalty box
Gatien's new location is 6
The category is ROCK
Rock Question 37
Question was incorrectly answered
Gatien was sent to the penalty box
Gatien is the current player
They have rolled a 7
Gatien is getting out of the penalty box
Gatien's new location is 1
The category is SCIENCE
Science Question 18
Question was incorrectly answered
Gatien was sent to the penalty box
Gatien is the current player
They have rolled a 7
Gatien is getting out of the penalty box
Gatien's new location is 1
The category is SCIENCE
Science Question 19
Question was incorrectly answered
Gatien was sent to the penalty box
Gatien is the current player
They have rolled a 7
Gatien is getting out of the penalty box
Gatien's new location is 8
The category is PHILO
Question was incorrectly answered
Gatien was sent to the penalty box
Gatien is the current player
They have rolled a 7
Gatien is getting out of the penalty box
Gatien's new location is 8
The category is PHILO
Question was incorrectly answered
Gatien was sent to the penalty box
Gatien is the current player
They have rolled a 7
Gatien is getting out of the penalty box
Gatien's new location is 3
The category is RAP
Question was incorrectly answered
Gatien was sent to the penalty box
Gatien is the current player
They have rolled a 7
Gatien is getting out of the penalty box
Gatien's new location is 3
The category is RAP
Question was incorrectly answered
Gatien was sent to the penalty box
Gatien is the current player
They have rolled a 7
Gatien is getting out of the penalty box
Gatien's new location is 10
The category is SPORT
Sports Question 38
Question was incorrectly answered
Gatien was sent to the penalty box
Gatien is the current player
They have rolled a 7
Gatien is getting out of the penalty box
Gatien's new location is 10
The category is SPORT
Sports Question 39
Question was incorrectly answered
Gatien was sent to the penalty box
Gatien is the current player
They have rolled a 7
Gatien is getting out of the penalty box
Gatien's new location is 5
The category is ROCK
Rock Question 38
Question was incorrectly answered
Gatien was sent to the penalty box
Gatien is the current player
They have rolled a 7
Gatien is getting out of the penalty box
Gatien's new location is 5
The category is ROCK
Rock Question 39
Question was incorrectly answered
Gatien was sent to the penalty box
Gatien is the current player
They have rolled a 7
Gatien is getting out of the penalty box
Gatien's new location is 0
The category is POP
Pop Question 18
Question was incorrectly answered
Gatien was sent to the penalty box
Gatien is the current player
They have rolled a 7
Gatien is getting out of the penalty box
Gatien's new location is 0
The category is POP
Pop Question 19
Question was incorrectly answered
Gatien was sent to the penalty box
Gatien is the current player
They have rolled a 7
Gatien is getting out of the penalty box
Gatien's new location is 7
The category is GEO
Question was incorrectly answered
Gatien was sent to the penalty box
Gatien is the current player
They have rolled a 7
Gatien is getting out of the penalty box
Gatien's new location is 7
The category is GEO
Question was incorrectly answered
Gatien was sent to the penalty box
Gatien is the current player
They have rolled a 7
Gatien is getting out of the penalty box
Gatien's new location is 2
The category is SPORT
Sports Question 40
Question was incorrectly answered
Gatien was sent to the penalty box
Gatien is the current player
They have rolled a 7
Gatien is getting out of the penalty box
Gatien's new location is 2
The category is SPORT
Sports Question 41
Question was incorrectly answered
Gatien was sent to the penalty box
Gatien is the current player
They have rolled a 7
Gatien is getting out of the penalty box
Gatien's new location is 9
The category is LITTERATURE
Question was incorrectly answered
Gatien was sent to the penalty box
Gatien is the current player
They have rolled a 7
Gatien is getting out of the penalty box
Gatien's new location is 9
The category is LITTERATURE
Question was incorrectly answered
Gatien was sent to the penalty box
Gatien is the current player
They have rolled a 7
Gatien is getting out of the penalty box
Gatien's new location is 4
The category is GEO
Question was incorrectly answered
Gatien was sent to the penalty box
Gatien is the current player
They have rolled a 7
Gatien is getting out of the penalty box
Gatien's new location is 4
The category is GEO
Question was incorrectly answered
Gatien was sent to the penalty box
Gatien is the current player
They have rolled a 7
Gatien is getting out of the penalty box
Gatien's new location is 11
The category is RAP
Question was incorrectly answered
Gatien was sent to the penalty box
Gatien is the current player
They have rolled a 7
Gatien is getting out of the penalty box
Gatien's new location is 11
The category is RAP
Question was incorrectly answered
Gatien was sent to the penalty box
Gatien is the current player
They have rolled a 7
Gatien is getting out of the penalty box
Gatien's new location is 6
The category is ROCK
Rock Question 40
Question was incorrectly answered
Gatien was sent to the penalty box
Gatien is the current player
They have rolled a 7
Gatien is getting out of the penalty box
Gatien's new location is 6
The category is ROCK
Rock Question 41
Question was incorrectly answered
Gatien was sent to the penalty box
Gatien is the current player
They have rolled a 7
Gatien is getting out of the penalty box
Gatien's new location is 1
The category is SCIENCE
Science Question 20
Question was incorrectly answered
Gatien was sent to the penalty box
Gatien is the current player
They have rolled a 7
Gatien is getting out of the penalty box
Gatien's new location is 1
The category is SCIENCE
Science Question 21
Question was incorrectly answered
Gatien was sent to the penalty box
Gatien is the current player
They have rolled a 7
Gatien is getting out of the penalty box
Gatien's new location is 8
The category is PHILO
Question was incorrectly answered
Gatien was sent to the penalty box
Gatien is the current player
They have rolled a 7
Gatien is getting out of the penalty box
Gatien's new location is 8
The category is PHILO
Question was incorrectly answered
Gatien was sent to the penalty box
Gatien is the current player
They have rolled a 7
Gatien is getting out of the penalty box
Gatien's new location is 3
The category is RAP
Question was incorrectly answered
Gatien was sent to the penalty box
Gatien is the current player
They have rolled a 7
Gatien is getting out of the penalty box
Gatien's new location is 3
The category is RAP
Question was incorrectly answered
Gatien was sent to the penalty box
Gatien is the current player
They have rolled a 7
Gatien is getting out of the penalty box
Gatien's new location is 10
The category is SPORT
Sports Question 42
Question was incorrectly answered
Gatien was sent to the penalty box
Gatien is the current player
They have rolled a 7
Gatien is getting out of the penalty box
Gatien's new location is 10
The category is SPORT
Sports Question 43
Question was incorrectly answered
Gatien was sent to the penalty box
Gatien is the current player
They have rolled a 7
Gatien is getting out of the penalty box
Gatien's new location is 5
The category is ROCK
Rock Question 42
Question was incorrectly answered
Gatien was sent to the penalty box
Gatien is the current player
They have rolled a 7
Gatien is getting out of the penalty box
Gatien's new location is 5
The category is ROCK
Rock Question 43
Question was incorrectly answered
Gatien was sent to the penalty box
Gatien is the current player
They have rolled a 7
Gatien is getting out of the penalty box
Gatien's new location is 0
The category is POP
Pop Question 20
Question was incorrectly answered
Gatien was sent to the penalty box
Gatien is the current player
They have rolled a 7
Gatien is getting out of the penalty box
Gatien's new location is 0
The category is POP
Pop Question 21
Question was incorrectly answered
Gatien was sent to the penalty box
Gatien is the current player
They have rolled a 7
Gatien is getting out of the penalty box
Gatien's new location is 7
The category is GEO
Question was incorrectly answered
Gatien was sent to the penalty box
Gatien is the current player
They have rolled a 7
Gatien is getting out of the penalty box
Gatien's new location is 7
The category is GEO
Question was incorrectly answered
Gatien was sent to the penalty box
Gatien is the current player
They have rolled a 7
Gatien is getting out of the penalty box
Gatien's new location is 2
The category is SPORT
Sports Question 44
Question was incorrectly answered
Gatien was sent to the penalty box
Gatien is the current player
They have rolled a 7
Gatien is getting out of the penalty box
Gatien's new location is 2
The category is SPORT
Sports Question 45
Question was incorrectly answered
Gatien was sent to the penalty box
Gatien is the current player
They have rolled a 7
Gatien is getting out of the penalty box
Gatien's new location is 9
The category is LITTERATURE
Question was incorrectly answered
Gatien was sent to the penalty box
Gatien is the current player
They have rolled a 7
Gatien is getting out of the penalty box
Gatien's new location is 9
The category is LITTERATURE
Question was incorrectly answered
Gatien was sent to the penalty box
Gatien is the current player
They have rolled a 7
Gatien is getting out of the penalty box
Gatien's new location is 4
The category is GEO
Question was incorrectly answered
Gatien was sent to the penalty box
Gatien is the current player
They have rolled a 7
Gatien is getting out of the penalty box
Gatien's new location is 4
The category is GEO
Question was incorrectly answered
Gatien was sent to the penalty box
Gatien is the current player
They have rolled a 7
Gatien is getting out of the penalty box
Gatien's new location is 11
The category is RAP
Question was incorrectly answered
Gatien was sent to the penalty box
Gatien is the current player
They have rolled a 7
Gatien is getting out of the penalty box
Gatien's new location is 11
The category is RAP
Question was incorrectly answered
Gatien was sent to the penalty box
Gatien is the current player
They have rolled a 7
Gatien is getting out of the penalty box
Gatien's new location is 6
The category is ROCK
Rock Question 44
Question was incorrectly answered
Gatien was sent to the penalty box
Gatien is the current player
They have rolled a 7
Gatien is getting out of the penalty box
Gatien's new location is 6
The category is ROCK
Rock Question 45
Question was incorrectly answered
Gatien was sent to the penalty box
Gatien is the current player
They have rolled a 7
Gatien is getting out of the penalty box
Gatien's new location is 1
The category is SCIENCE
Science Question 22
Question was incorrectly answered
Gatien was sent to the penalty box
Gatien is the current player
They have rolled a 7
Gatien is getting out of the penalty box
Gatien's new location is 1
The category is SCIENCE
Science Question 23
Question was incorrectly answered
Gatien was sent to the penalty box
Gatien is the current player
They have rolled a 7
Gatien is getting out of the penalty box
Gatien's new location is 8
The category is PHILO
Question was incorrectly answered
Gatien was sent to the penalty box
Gatien is the current player
They have rolled a 7
Gatien is getting out of the penalty box
Gatien's new location is 8
The category is PHILO
Question was incorrectly answered
Gatien was sent to the penalty box
Gatien is the current player
They have rolled a 7
Gatien is getting out of the penalty box
Gatien's new location is 3
The category is RAP
Question was incorrectly answered
Gatien was sent to the penalty box
Gatien is the current player
They have rolled a 7
Gatien is getting out of the penalty box
Gatien's new location is 3
The category is RAP
Question was incorrectly answered
Gatien was sent to the penalty box
Gatien is the current player
They have rolled a 7
Gatien is getting out of the penalty box
Gatien's new location is 10
The category is SPORT
Sports Question 46
Question was incorrectly answered
Gatien was sent to the penalty box
Gatien is the current player
They have rolled a 7
Gatien is getting out of the penalty box
Gatien's new location is 10
The category is SPORT
Sports Question 47
Question was incorrectly answered
Gatien was sent to the penalty box
Gatien is the current player
They have rolled a 7
Gatien is getting out of the penalty box
Gatien's new location is 5
The category is ROCK
Rock Question 46
Question was incorrectly answered
Gatien was sent to the penalty box
Gatien is the current player
They have rolled a 7
Gatien is getting out of the penalty box
Gatien's new location is 5
The category is ROCK
Rock Question 47
Question was incorrectly answered
Gatien was sent to the penalty box
Gatien is the current player
They have rolled a 7
Gatien is getting out of the penalty box
Gatien's new location is 0
The category is POP
Pop Question 22
Question was incorrectly answered
Gatien was sent to the penalty box
Gatien is the current player
They have rolled a 7
Gatien is getting out of the penalty box
Gatien's new location is 0
The category is POP
Pop Question 23
Question was incorrectly answered
Gatien was sent to the penalty box
Gatien is the current player
They have rolled a 7
Gatien is getting out of the penalty box
Gatien's new location is 7
The category is GEO
Question was incorrectly answered
Gatien was sent to the penalty box
Gatien is the current player
They have rolled a 7
Gatien is getting out of the penalty box
Gatien's new location is 7
The category is GEO
Question was incorrectly answered
Gatien was sent to the penalty box
Gatien is the current player
They have rolled a 7
Gatien is getting out of the penalty box
Gatien's new location is 2
The category is SPORT
Sports Question 48
Question was incorrectly answered
Gatien was sent to the penalty box
Gatien is the current player
They have rolled a 7
Gatien is getting out of the penalty box
Gatien's new location is 2
The category is SPORT
Sports Question 49
Question was incorrectly answered
Gatien was sent to the penalty box
Gatien is the current player
They have rolled a 7
Gatien is getting out of the penalty box
Gatien's new location is 9
The category is LITTERATURE
Question was incorrectly answered
Gatien was sent to the penalty box
Gatien is the current player
They have rolled a 7
Gatien is getting out of the penalty box
Gatien's new location is 9
The category is LITTERATURE
Question was incorrectly answered
Gatien was sent to the penalty box
Gatien is the current player
They have rolled a 7
Gatien is getting out of the penalty box
Gatien's new location is 4
The category is GEO
Question was incorrectly answered
Gatien was sent to the penalty box
Gatien is the current player
They have rolled a 7
Gatien is getting out of the penalty box
Gatien's new location is 4
The category is GEO
Question was incorrectly answered
Gatien was sent to the penalty box
Gatien is the current player
They have rolled a 7
Gatien is getting out of the penalty box
Gatien's new location is 11
The category is RAP
Question was incorrectly answered
Gatien was sent to the penalty box
Gatien is the current player
They have rolled a 7
Gatien is getting out of the penalty box
Gatien's new location is 11
The category is RAP
Question was incorrectly answered
Gatien was sent to the penalty box
Gatien is the current player
They have rolled a 7
Gatien is getting out of the penalty box
Gatien's new location is 6
The category is ROCK
Rock Question 48
Question was incorrectly answered
Gatien was sent to the penalty box
Gatien is the current player
They have rolled a 7
Gatien is getting out of the penalty box
Gatien's new location is 6
The category is ROCK
Rock Question 49
Question was incorrectly answered
Gatien was sent to the penalty box
Gatien is the current player
They have rolled a 7
Gatien is getting out of the penalty box
Gatien's new location is 1
The category is SCIENCE
Science Question 24
Question was incorrectly answered
Gatien was sent to the penalty box
Gatien is the current player
They have rolled a 7
Gatien is getting out of the penalty box
Gatien's new location is 1
The category is SCIENCE
Science Question 25
Question was incorrectly answered
Gatien was sent to the penalty box
Gatien is the current player
They have rolled a 7
Gatien is getting out of the penalty box
Gatien's new location is 8
The category is PHILO
Question was incorrectly answered
Gatien was sent to the penalty box
Gatien is the current player
They have rolled a 7
Gatien is getting out of the penalty box
Gatien's new location is 8
The category is PHILO
Question was incorrectly answered
Gatien was sent to the penalty box
Gatien is the current player
They have rolled a 7
Gatien is getting out of the penalty box
Gatien's new location is 3
The category is RAP
Question was incorrectly answered
Gatien was sent to the penalty box
Gatien is the current player
They have rolled a 7
Gatien is getting out of the penalty box
Gatien's new location is 3
The category is RAP
Question was incorrectly answered
Gatien was sent to the penalty box
Gatien is the current player
They have rolled a 7
Gatien is getting out of the penalty box
Gatien's new location is 10
The category is SPORT
Sports Question 49
Question was incorrectly answered
Gatien was sent to the penalty box
Gatien is the current player
They have rolled a 7
Gatien is getting out of the penalty box
Gatien's new location is 10
The category is SPORT
Sports Question 50
Question was incorrectly answered
Gatien was sent to the penalty box
Gatien is the current player
They have rolled a 7
Gatien is getting out of the penalty box
Gatien's new location is 5
The category is ROCK
Rock Question 49
Question was incorrectly answered
Gatien was sent to the penalty box
Gatien is the current player
They have rolled a 7
Gatien is getting out of the penalty box
Gatien's new location is 5
The category is ROCK
Rock Question 50
Question was incorrectly answered
Gatien was sent to the penalty box
Gatien is the current player
They have rolled a 7
Gatien is getting out of the penalty box
Gatien's new location is 0
The category is POP
Pop Question 24
Question was incorrectly answered
Gatien was sent to the penalty box
Gatien is the current player
They have rolled a 7
Gatien is getting out of the penalty box
Gatien's new location is 0
The category is POP
Pop Question 25
Question was incorrectly answered
Gatien was sent to the penalty box
Gatien is the current player
They have rolled a 7
Gatien is getting out of the penalty box
Gatien's new location is 7
The category is GEO
Question was incorrectly answered
Gatien was sent to the penalty box
Gatien is the current player
They have rolled a 7
Gatien is getting out of the penalty box
Gatien's new location is 7
The category is GEO
Question was incorrectly answered
Gatien was sent to the penalty box
Gatien is the current player
They have rolled a 7
Gatien is getting out of the penalty box
Gatien's new location is 2
The category is SPORT
Sports Question 51
Question was incorrectly answered
Gatien was sent to the penalty box
Gatien is the current player
They have rolled a 7
Gatien is getting out of the penalty box
Gatien's new location is 2
The category is SPORT
Sports Question 52
Question was incorrectly answered
Gatien was sent to the penalty box
Gatien is the current player
They have rolled a 7
Gatien is getting out of the penalty box
Gatien's new location is 9
The category is LITTERATURE
Question was incorrectly answered
Gatien was sent to the penalty box
Gatien is the current player
They have rolled a 7
Gatien is getting out of the penalty box
Gatien's new location is 9
The category is LITTERATURE
Question was incorrectly answered
Gatien was sent to the penalty box
Gatien is the current player
They have rolled a 7
Gatien is getting out of the penalty box
Gatien's new location is 4
The category is GEO
Question was incorrectly answered
Gatien was sent to the penalty box
Gatien is the current player
They have rolled a 7
Gatien is getting out of the penalty box
Gatien's new location is 4
The category is GEO
Question was incorrectly answered
Gatien was sent to the penalty box
Gatien is the current player
They have rolled a 7
Gatien is getting out of the penalty box
Gatien's new location is 11
The category is RAP
Question was incorrectly answered
Gatien was sent to the penalty box
Gatien is the current player
They have rolled a 7
Gatien is getting out of the penalty box
Gatien's new location is 11
The category is RAP
Question was incorrectly answered
Gatien was sent to the penalty box
Gatien is the current player
They have rolled a 7
Gatien is getting out of the penalty box
Gatien's new location is 6
The category is ROCK
Rock Question 51
Question was incorrectly answered
Gatien was sent to the penalty box
Gatien is the current player
They have rolled a 7
Gatien is getting out of the penalty box
Gatien's new location is 6
The category is ROCK
Rock Question 52
Question was incorrectly answered
Gatien was sent to the penalty box
Gatien is the current player
They have rolled a 7
Gatien is getting out of the penalty box
Gatien's new location is 1
The category is SCIENCE
Science Question 26
Question was incorrectly answered
Gatien was sent to the penalty box
Gatien is the current player
They have rolled a 7
Gatien is getting out of the penalty box
Gatien's new location is 1
The category is SCIENCE
Science Question 27
Question was incorrectly answered
Gatien was sent to the penalty box
Gatien is the current player
They have rolled a 7
Gatien is getting out of the penalty box
Gatien's new location is 8
The category is PHILO
Question was incorrectly answered
Gatien was sent to the penalty box
Gatien is the current player
They have rolled a 7
Gatien is getting out of the penalty box
Gatien's new location is 8
The category is PHILO
Question was incorrectly answered
Gatien was sent to the penalty box
Gatien is the current player
They have rolled a 7
Gatien is getting out of the penalty box
Gatien's new location is 3
The category is RAP
Question was incorrectly answered
Gatien was sent to the penalty box
Gatien is the current player
They have rolled a 7
Gatien is getting out of the penalty box
Gatien's new location is 3
The category is RAP
Question was incorrectly answered
Gatien was sent to the penalty box
Gatien is the current player
They have rolled a 7
Gatien is getting out of the penalty box
Gatien's new location is 10
The category is SPORT
Sports Question 53
Question was incorrectly answered
Gatien was sent to the penalty box
Gatien is the current player
They have rolled a 7
Gatien is getting out of the penalty box
Gatien's new location is 10
The category is SPORT
Sports Question 54
Question was incorrectly answered
Gatien was sent to the penalty box
Gatien is the current player
They have rolled a 7
Gatien is getting out of the penalty box
Gatien's new location is 5
The category is ROCK
Rock Question 53
Question was incorrectly answered
Gatien was sent to the penalty box
Gatien is the current player
They have rolled a 7
Gatien is getting out of the penalty box
Gatien's new location is 5
The category is ROCK
Rock Question 54
Question was incorrectly answered
Gatien was sent to the penalty box
Gatien is the current player
They have rolled a 7
Gatien is getting out of the penalty box
Gatien's new location is 0
The category is POP
Pop Question 26
Question was incorrectly answered
Gatien was sent to the penalty box
Gatien is the current player
They have rolled a 7
Gatien is getting out of the penalty box
Gatien's new location is 0
The category is POP
Pop Question 27
Question was incorrectly answered
Gatien was sent to the penalty box
Gatien is the current player
They have rolled a 7
Gatien is getting out of the penalty box
Gatien's new location is 7
The category is GEO
Question was incorrectly answered
Gatien was sent to the penalty box
Gatien is the current player
They have rolled a 7
Gatien is getting out of the penalty box
Gatien's new location is 7
The category is GEO
Question was incorrectly answered
Gatien was sent to the penalty box
Gatien is the current player
They have rolled a 7
Gatien is getting out of the penalty box
Gatien's new location is 2
The category is SPORT
Sports Question 55
Question was incorrectly answered
Gatien was sent to the penalty box
Gatien is the current player
They have rolled a 7
Gatien is getting out of the penalty box
Gatien's new location is 2
The category is SPORT
Sports Question 56
Question was incorrectly answered
Gatien was sent to the penalty box
Gatien is the current player
They have rolled a 7
Gatien is getting out of the penalty box
Gatien's new location is 9
The category is LITTERATURE
Question was incorrectly answered
Gatien was sent to the penalty box
Gatien is the current player
They have rolled a 7
Gatien is getting out of the penalty box
Gatien's new location is 9
The category is LITTERATURE
Question was incorrectly answered
Gatien was sent to the penalty box
Gatien is the current player
They have rolled a 7
Gatien is getting out of the penalty box
Gatien's new location is 4
The category is GEO
Question was incorrectly answered
Gatien was sent to the penalty box
Gatien is the current player
They have rolled a 7
Gatien is getting out of the penalty box
Gatien's new location is 4
The category is GEO
Question was incorrectly answered
Gatien was sent to the penalty box
Gatien is the current player
They have rolled a 7
Gatien is getting out of the penalty box
Gatien's new location is 11
The category is RAP
Question was incorrectly answered
Gatien was sent to the penalty box
Gatien is the current player
They have rolled a 7
Gatien is getting out of the penalty box
Gatien's new location is 11
The category is RAP
Question was incorrectly answered
Gatien was sent to the penalty box
Gatien is the current player
They have rolled a 7
Gatien is getting out of the penalty box
Gatien's new location is 6
The category is ROCK
Rock Question 55
Question was incorrectly answered
Gatien was sent to the penalty box
Gatien is the current player
They have rolled a 7
Gatien is getting out of the penalty box
Gatien's new location is 6
The category is ROCK
Rock Question 56
Question was incorrectly answered
Gatien was sent to the penalty box
[...]
They have rolled a 5
Gatien is getting out of the penalty box
Gatien's new location is 2
The category is SPORT
Sports Question 9
Answer was corrent!!!!
Gatien now has 21 Gold Coins.
Gatien is the current player
They have rolled a 5
Gatien's new location is 4
The category is POP
Pop Question 18
Answer was corrent!!!!
Gatien now has 27 Gold Coins.
Gatien is the current player
They have rolled a 5
Gatien's new location is 7
The category is ROCK
Rock Question 13
Answer was corrent!!!!
Gatien now has 22 Gold Coins.
Gatien is the current player
They have rolled a 2
Gatien's new location is 6
The category is SPORT
Sports Question 10
Answer was corrent!!!!
Gatien now has 28 Gold Coins.
Gatien is the current player
They have rolled a 1
Gatien's new location is 8
The category is POP
Pop Question 19
Answer was corrent!!!!
Gatien now has 23 Gold Coins.
Gatien is the current player
They have rolled a 4
Gatien's new location is 10
The category is SPORT
Sports Question 11
Answer was corrent!!!!
Gatien now has 29 Gold Coins.
Gatien is the current player
They have rolled a 5
Gatien's new location is 1
The category is SCIENCE
Science Question 11
Answer was corrent!!!!
Gatien now has 24 Gold Coins.
Gatien is the current player
They have rolled a 4
Gatien's new location is 2
The category is SPORT
Sports Question 12
Answer was corrent!!!!
Gatien now has 30 Gold Coins.
Gatien is the current player
They have rolled a 3
Gatien's new location is 4
The category is POP
Pop Question 20
Answer was corrent!!!!
Gatien now has 25 Gold Coins.
Gatien is the current player
They have rolled a 1
Gatien's new location is 3
The category is ROCK
Rock Question 14
Answer was corrent!!!!
Gatien now has 31 Gold Coins.
Gatien is the current player
They have rolled a 4
Gatien's new location is 8
The category is POP
Pop Question 21
Answer was corrent!!!!
Gatien now has 26 Gold Coins.
Gatien is the current player
They have rolled a 2
Gatien's new location is 5
The category is SCIENCE
Science Question 12
Answer was corrent!!!!
Gatien now has 32 Gold Coins.
Gatien is the current player
They have rolled a 4
Gatien's new location is 0
The category is POP
Pop Question 22
Answer was corrent!!!!
Gatien now has 27 Gold Coins.
Gatien is the current player
They have rolled a 4
Gatien's new location is 9
The category is SCIENCE
Science Question 13
Answer was corrent!!!!
Gatien now has 33 Gold Coins.
Gatien is the current player
They have rolled a 2
Gatien's new location is 2
The category is SPORT
Sports Question 13
Answer was corrent!!!!
Gatien now has 28 Gold Coins.
Gatien is the current player
They have rolled a 3
Gatien's new location is 0
The category is POP
Pop Question 23
Answer was corrent!!!!
Gatien now has 34 Gold Coins.
Gatien is the current player
They have rolled a 3
Gatien's new location is 5
The category is SCIENCE
Science Question 14
Answer was corrent!!!!
Gatien now has 29 Gold Coins.
Gatien is the current player
They have rolled a 4
Gatien's new location is 4
The category is POP
Pop Question 24
Answer was corrent!!!!
Gatien now has 35 Gold Coins.
Gatien is the current player
They have rolled a 1
Gatien's new location is 6
The category is SPORT
Sports Question 14
Answer was corrent!!!!
Gatien now has 30 Gold Coins.
Gatien is the current player
They have rolled a 4
Gatien's new location is 8
The category is POP
Pop Question 25
Answer was corrent!!!!
Gatien now has 36 Gold Coins.
Gatien is the current player
They have rolled a 5
Gatien's new location is 11
The category is ROCK
Rock Question 15
Answer was corrent!!!!
Gatien now has 31 Gold Coins.
Gatien is the current player
They have rolled a 2
Gatien's new location is 10
The category is SPORT
Sports Question 15
Answer was corrent!!!!
Gatien now has 37 Gold Coins.
Gatien is the current player
They have rolled a 1
Gatien's new location is 0
The category is POP
Pop Question 26
Answer was corrent!!!!
Gatien now has 32 Gold Coins.
Gatien is the current player
They have rolled a 1
Gatien's new location is 11
The category is ROCK
Rock Question 16
Answer was corrent!!!!
Gatien now has 38 Gold Coins.
Gatien is the current player
They have rolled a 4
Gatien's new location is 4
The category is POP
Pop Question 27
Answer was corrent!!!!
Gatien now has 33 Gold Coins.
Gatien is the current player
They have rolled a 5
Gatien's new location is 4
The category is POP
Pop Question 28
Answer was corrent!!!!
Gatien now has 39 Gold Coins.
Gatien is the current player
They have rolled a 5
Gatien's new location is 9
The category is SCIENCE
Science Question 15
Answer was corrent!!!!
Gatien now has 34 Gold Coins.
Gatien is the current player
They have rolled a 5
Gatien's new location is 9
The category is SCIENCE
Science Question 16
Answer was corrent!!!!
Gatien now has 40 Gold Coins.
Gatien was added
They are player number 1
Gatien was added
They are player number 2
Gatien is the current player
They have rolled a 2
Gatien's new location is 2
The category is SPORT
Sports Question 0
Question was incorrectly answered
Gatien was sent to the penalty box
Gatien is the current player
They have rolled a 2
Gatien's new location is 2
The category is SPORT
Sports Question 1
Question was incorrectly answered
Gatien was sent to the penalty box
Gatien is the current player
They have rolled a 2
Gatien is not getting out of the penalty box
Question was incorrectly answered
Gatien was sent to the penalty box
Gatien is the current player
They have rolled a 2
Gatien is not getting out of the penalty box
Question was incorrectly answered
Gatien was sent to the penalty box
Gatien is the current player
They have rolled a 2
Gatien is not getting out of the penalty box
Question was incorrectly answered
Gatien was sent to the penalty box
Gatien is the current player
They have rolled a 2
Gatien is not getting out of the penalty box
Question was incorrectly answered
Gatien was sent to the penalty box
Gatien is the current player
They have rolled a 2
Gatien is not getting out of the penalty box
Question was incorrectly answered
Gatien was sent to the penalty box
Gatien is the current player
They have rolled a 2
Gatien is not getting out of the penalty box
Question was incorrectly answered
Gatien was sent to the penalty box
Gatien is the current player
They have rolled a 2
Gatien is not getting out of the penalty box
Question was incorrectly answered
Gatien was sent to the penalty box
Gatien is the current player
They have rolled a 2
Gatien is not getting out of the penalty box
Question was incorrectly answered
Gatien was sent to the penalty box
Gatien is the current player
They have rolled a 2
Gatien is not getting out of the penalty box
Question was incorrectly answered
Gatien was sent to the penalty box
Gatien is the current player
They have rolled a 2
Gatien is not getting out of the penalty box
Question was incorrectly answered
Gatien was sent to the penalty box
Gatien is the current player
They have rolled a 2
Gatien is not getting out of the penalty box
Question was incorrectly answered
Gatien was sent to the penalty box
Gatien is the current player
They have rolled a 2
Gatien is not getting out of the penalty box
Question was incorrectly answered
Gatien was sent to the penalty box
Gatien is the current player
They have rolled a 2
Gatien is not getting out of the penalty box
Question was incorrectly answered
Gatien was sent to the penalty box
Gatien is the current player
They have rolled a 2
Gatien is not getting out of the penalty box
Question was incorrectly answered
Gatien was sent to the penalty box
Gatien is the current player
They have rolled a 2
Gatien is not getting out of the penalty box
Question was incorrectly answered
Gatien was sent to the penalty box
Gatien is the current player
They have rolled a 2
Gatien is not getting out of the penalty box
Question was incorrectly answered
Gatien was sent to the penalty box
Gatien is the current player
They have rolled a 2
Gatien is not getting out of the penalty box
Question was incorrectly answered
Gatien was sent to the penalty box
Gatien is the current player
They have rolled a 2
Gatien is not getting out of the penalty box
Question was incorrectly answered
Gatien was sent to the penalty box
Gatien is the current player
They have rolled a 2
Gatien is not getting out of the penalty box
Question was incorrectly answered
Gatien was sent to the penalty box
Gatien is the current player
They have rolled a 2
Gatien is not getting out of the penalty box
Question was incorrectly answered
Gatien was sent to the penalty box
Gatien is the current player
They have rolled a 2
Gatien is not getting out of the penalty box
Question was incorrectly answered
Gatien was sent to the penalty box
Gatien is the current player
They have rolled a 2
Gatien is not getting out of the penalty box
Question was incorrectly answered
Gatien was sent to the penalty box
Gatien is the current player
They have rolled a 2
Gatien is not getting out of the penalty box
Question was incorrectly answered
Gatien was sent to the penalty box
Gatien is the current player
They have rolled a 2
Gatien is not getting out of the penalty box
Question was incorrectly answered
Gatien was sent to the penalty box
Gatien is the current player
They have rolled a 2
Gatien is not getting out of the penalty box
Question was incorrectly answered
Gatien was sent to the penalty box
Gatien is the current player
They have rolled a 2
Gatien is not getting out of the penalty box
Question was incorrectly answered
Gatien was sent to the penalty box
Gatien is the current player
They have rolled a 2
Gatien is not getting out of the penalty box
Question was incorrectly answered
Gatien was sent to the penalty box
Gatien is the current player
They have rolled a 2
Gatien is not getting out of the penalty box
Question was incorrectly answered
Gatien was sent to the penalty box
Gatien is the current player
They have rolled a 2
Gatien is not getting out of the penalty box
Question was incorrectly answered
Gatien was sent to the penalty box
Gatien is the current player
They have rolled a 2
Gatien is not getting out of the penalty box
Question was incorrectly answered
Gatien was sent to the penalty box
Gatien is the current player
They have rolled a 2
Gatien is not getting out of the penalty box
Question was incorrectly answered
Gatien was sent to the penalty box
Gatien is the current player
They have rolled a 2
Gatien is not getting out of the penalty box
Question was incorrectly answered
Gatien was sent to the penalty box
Gatien is the current player
They have rolled a 2
Gatien is not getting out of the penalty box
Question was incorrectly answered
Gatien was sent to the penalty box
Gatien is the current player
They have rolled a 2
Gatien is not getting out of the penalty box
Question was incorrectly answered
Gatien was sent to the penalty box
Gatien is the current player
They have rolled a 2
Gatien is not getting out of the penalty box
Question was incorrectly answered
Gatien was sent to the penalty box
Gatien is the current player
They have rolled a 2
Gatien is not getting out of the penalty box
Question was incorrectly answered
Gatien was sent to the penalty box
Gatien is the current player
They have rolled a 2
Gatien is not getting out of the penalty box
Question was incorrectly answered
Gatien was sent to the penalty box
Gatien is the current player
They have rolled a 2
Gatien is not getting out of the penalty box
Question was incorrectly answered
Gatien was sent to the penalty box

Number of roll: 40

Gatien was added
They are player number 1
Gatien was added
They are player number 2
Gatien is the current player
They have rolled a 4
Gatien's new location is 4
The category is POP
Pop Question 0
Answer was corrent!!!!
Gatien now has 1 Gold Coins.
Gatien is the current player
They have rolled a 5
Gatien's new location is 5
The category is SCIENCE
Science Question 0
Answer was corrent!!!!
Gatien now has 1 Gold Coins.
Gatien is the current player
They have rolled a 2
Gatien's new location is 6
The category is SPORT
Sports Question 0
Answer was corrent!!!!
Gatien now has 2 Gold Coins.
Gatien is the current player
They have rolled a 2
Gatien's new location is 7
The category is ROCK
Rock Question 0
Answer was corrent!!!!
Gatien now has 2 Gold Coins.
Gatien is the current player
They have rolled a 4
Gatien's new location is 10
The category is SPORT
Sports Question 1
Answer was corrent!!!!
Gatien now has 3 Gold Coins.
Gatien is the current player
They have rolled a 4
Gatien's new location is 11
The category is ROCK
Rock Question 1
Answer was corrent!!!!
Gatien now has 3 Gold Coins.
Gatien is the current player
They have rolled a 4
Gatien's new location is 2
The category is SPORT
Sports Question 2
Answer was corrent!!!!
Gatien now has 4 Gold Coins.
Gatien is the current player
They have rolled a 5
Gatien's new location is 4
The category is POP
Pop Question 1
Answer was corrent!!!!
Gatien now has 4 Gold Coins.
Gatien is the current player
They have rolled a 5
Gatien's new location is 7
The category is ROCK
Rock Question 2
Answer was corrent!!!!
Gatien now has 5 Gold Coins.
Gatien is the current player
They have rolled a 4
Gatien's new location is 8
The category is POP
Pop Question 2
Question was incorrectly answered
Gatien was sent to the penalty box
Gatien is the current player
They have rolled a 3
Gatien's new location is 10
The category is SPORT
Sports Question 3
Answer was corrent!!!!
Gatien now has 6 Gold Coins.
Gatien was added
They are player number 1
Gatien was added
They are player number 2
Gatien is the current player
They have rolled a 2
Gatien's new location is 2
The category is SPORT
Sports Question 0
Answer was corrent!!!!
Gatien now has 1 Gold Coins.
Gatien is the current player
They have rolled a 3
Gatien's new location is 3
The category is ROCK
Rock Question 0
Answer was corrent!!!!
Gatien now has 1 Gold Coins.
Gatien is the current player
They have rolled a 5
Gatien's new location is 7
The category is ROCK
Rock Question 1
Answer was corrent!!!!
Gatien now has 2 Gold Coins.
Gatien is the current player
They have rolled a 1
Gatien's new location is 4
The category is POP
Pop Question 0
Answer was corrent!!!!
Gatien now has 2 Gold Coins.
Gatien is the current player
They have rolled a 1
Gatien's new location is 8
The category is POP
Pop Question 1
Answer was corrent!!!!
Gatien now has 3 Gold Coins.
Gatien is the current player
They have rolled a 4
Gatien's new location is 8
The category is POP
Pop Question 2
Answer was corrent!!!!
Gatien now has 3 Gold Coins.
Gatien is the current player
They have rolled a 1
Gatien's new location is 9
The category is SCIENCE
Science Question 0
Answer was corrent!!!!
Gatien now has 4 Gold Coins.
Gatien is the current player
They have rolled a 4
Gatien's new location is 0
The category is POP
Pop Question 3
Answer was corrent!!!!
Gatien now has 4 Gold Coins.
Gatien is the current player
They have rolled a 5
Gatien's new location is 2
The category is SPORT
Sports Question 1
Answer was corrent!!!!
Gatien now has 5 Gold Coins.
Gatien is the current player
They have rolled a 4
Gatien's new location is 4
The category is POP
Pop Question 4
Answer was corrent!!!!
Gatien now has 5 Gold Coins.
Gatien is the current player
They have rolled a 3
Gatien's new location is 5
The category is SCIENCE
Science Question 1
Answer was corrent!!!!
Gatien now has 6 Gold Coins.
Gatien was added
They are player number 1
Gatien was added
They are player number 2
Gatien is the current player
They have rolled a 2
Gatien's new location is 2
The category is SPORT
Sports Question 0
Answer was corrent!!!!
Gatien now has 1 Gold Coins.
Gatien is the current player
They have rolled a 3
Gatien's new location is 3
The category is ROCK
Rock Question 0
Answer was corrent!!!!
Gatien now has 1 Gold Coins.
Gatien is the current player
They have rolled a 1
Gatien's new location is 3
The category is ROCK
Rock Question 1
Answer was corrent!!!!
Gatien now has 2 Gold Coins.
Gatien is the current player
They have rolled a 1
Gatien's new location is 4
The category is POP
Pop Question 0
Question was incorrectly answered
Gatien was sent to the penalty box
Gatien is the current player
They have rolled a 5
Gatien's new location is 8
The category is POP
Pop Question 1
Answer was corrent!!!!
Gatien now has 3 Gold Coins.
Gatien is the current player
They have rolled a 1
Gatien is getting out of the penalty box
Gatien's new location is 5
The category is SCIENCE
Science Question 0
Answer was corrent!!!!
Gatien now has 2 Gold Coins.
Gatien is the current player
They have rolled a 4
Gatien's new location is 0
The category is POP
Pop Question 2
Answer was corrent!!!!
Gatien now has 4 Gold Coins.
Gatien is the current player
They have rolled a 2
Gatien's new location is 7
The category is ROCK
Rock Question 2
Answer was corrent!!!!
Gatien now has 3 Gold Coins.
Gatien is the current player
They have rolled a 1
Gatien's new location is 1
The category is SCIENCE
Science Question 1
Answer was corrent!!!!
Gatien now has 5 Gold Coins.
Gatien is the current player
They have rolled a 1
Gatien's new location is 8
The category is POP
Pop Question 3
Answer was corrent!!!!
Gatien now has 4 Gold Coins.
Gatien is the current player
They have rolled a 1
Gatien's new location is 2
The category is SPORT
Sports Question 1
Question was incorrectly answered
Gatien was sent to the penalty box
Gatien is the current player
They have rolled a 5
Gatien's new location is 1
The category is SCIENCE
Science Question 2
Answer was corrent!!!!
Gatien now has 5 Gold Coins.
Gatien is the current player
They have rolled a 2
Gatien is not getting out of the penalty box
Gatien is the current player
They have rolled a 4
Gatien's new location is 5
The category is SCIENCE
Science Question 3
Answer was corrent!!!!
Gatien now has 6 Gold Coins.
Gatien is the current player
They have rolled a 1
Gatien is getting out of the penalty box
Gatien's new location is 3
The category is ROCK
Rock Question 3
Answer was corrent!!!!
Gatien now has 6 Gold Coins.
Gatien was added
They are player number 1
Gatien was added
They are player number 2
Gatien is the current player
They have rolled a 4
Gatien's new location is 4
The category is POP
Pop Question 0
Answer was corrent!!!!
Gatien now has 1 Gold Coins.
Gatien is the current player
They have rolled a 1
Gatien's new location is 1
The category is SCIENCE
Science Question 0
Answer was corrent!!!!
Gatien now has 1 Gold Coins.
Gatien is the current player
They have rolled a 2
Gatien's new location is 6
The category is SPORT
Sports Question 0
Answer was corrent!!!!
Gatien now has 2 Gold Coins.
Gatien is the current player
They have rolled a 1
Gatien's new location is 2
The category is SPORT
Sports Question 1
Answer was corrent!!!!
Gatien now has 2 Gold Coins.
Gatien is the current player
They have rolled a 4
Gatien's new location is 10
The category is SPORT
Sports Question 2
Answer was corrent!!!!
Gatien now has 3 Gold Coins.
Gatien is the current player
They have rolled a 1
Gatien's new location is 3
The category is TECHNO
Techno Question 0
Answer was corrent!!!!
Gatien now has 3 Gold Coins.
Gatien is the current player
They have rolled a 3
Gatien's new location is 1
The category is SCIENCE
Science Question 1
Answer was corrent!!!!
Gatien now has 4 Gold Coins.
Gatien is the current player
They have rolled a 3
Gatien's new location is 6
The category is SPORT
Sports Question 3
Answer was corrent!!!!
Gatien now has 4 Gold Coins.
Gatien is the current player
They have rolled a 1
Gatien's new location is 2
The category is SPORT
Sports Question 4
Answer was corrent!!!!
Gatien now has 5 Gold Coins.
Gatien is the current player
They have rolled a 1
Gatien's new location is 7
The category is TECHNO
Techno Question 1
Question was incorrectly answered
Gatien was sent to the penalty box
Gatien is the current player
They have rolled a 2
Gatien's new location is 4
The category is POP
Pop Question 1
Answer was corrent!!!!
Gatien now has 6 Gold Coins.
]]></system-out>
  <system-err><![CDATA[]]></system-err>
</testsuite>
