<?xml version="1.0" encoding="UTF-8"?>
<testsuite name="com.adaptionsoft.games.trivia.SomeTest" tests="12" skipped="0" failures="0" errors="0" timestamp="2023-03-17T09:22:59" hostname="MacBook-Pro-de-Clement.local" time="0.065">
  <properties/>
  <testcase name="game with less than 6 gold should throw()" classname="com.adaptionsoft.games.trivia.SomeTest" time="0.013"/>
  <testcase name="game should run if player are 2 or more and 6 or less()" classname="com.adaptionsoft.games.trivia.SomeTest" time="0.004"/>
  <testcase name="should quit prison()" classname="com.adaptionsoft.games.trivia.SomeTest" time="0.01"/>
  <testcase name="golden master()" classname="com.adaptionsoft.games.trivia.SomeTest" time="0.001"/>
  <testcase name="game should not run if player are more than 6()" classname="com.adaptionsoft.games.trivia.SomeTest" time="0.0"/>
  <testcase name="game should not run if player are less than 2()" classname="com.adaptionsoft.games.trivia.SomeTest" time="0.0"/>
  <testcase name="game with 6 gold should not throw()" classname="com.adaptionsoft.games.trivia.SomeTest" time="0.001"/>
  <testcase name="should stay in prison()" classname="com.adaptionsoft.games.trivia.SomeTest" time="0.002"/>
  <testcase name="game more than 6 gold should not throw()" classname="com.adaptionsoft.games.trivia.SomeTest" time="0.004"/>
  <testcase name="number of questions should be infinite()" classname="com.adaptionsoft.games.trivia.SomeTest" time="0.023"/>
  <testcase name="without replacing category is rock and not techno()" classname="com.adaptionsoft.games.trivia.SomeTest" time="0.001"/>
  <testcase name="should replace rock by techno()" classname="com.adaptionsoft.games.trivia.SomeTest" time="0.001"/>
  <system-out><![CDATA[Gatien was added
They are player number 1
Gatien was added
They are player number 2
Gatien was added
They are player number 1
Gatien was added
They are player number 2
Gatien is the current player
They have rolled a 5
Gatien's new location is 5
The category is SCIENCE
Science Question 0
Answer was corrent!!!!
Gatien now has 1 Gold Coins.
Gatien is the current player
They have rolled a 5
Gatien's new location is 5
The category is SCIENCE
Science Question 1
Answer was corrent!!!!
Gatien now has 1 Gold Coins.
Gatien is the current player
They have rolled a 5
Gatien's new location is 10
The category is SPORT
Sports Question 0
Answer was corrent!!!!
Gatien now has 2 Gold Coins.
Gatien is the current player
They have rolled a 5
Gatien's new location is 10
The category is SPORT
Sports Question 1
Answer was corrent!!!!
Gatien now has 2 Gold Coins.
Gatien is the current player
They have rolled a 5
Gatien's new location is 3
The category is ROCK
Rock Question 0
Answer was corrent!!!!
Gatien now has 3 Gold Coins.
Gatien is the current player
They have rolled a 5
Gatien's new location is 3
The category is ROCK
Rock Question 1
Answer was corrent!!!!
Gatien now has 3 Gold Coins.
Gatien is the current player
They have rolled a 5
Gatien's new location is 8
The category is POP
Pop Question 0
Answer was corrent!!!!
Gatien now has 4 Gold Coins.
Gatien is the current player
They have rolled a 5
Gatien's new location is 8
The category is POP
Pop Question 1
Answer was corrent!!!!
Gatien now has 4 Gold Coins.
Gatien is the current player
They have rolled a 5
Gatien's new location is 1
The category is SCIENCE
Science Question 2
Answer was corrent!!!!
Gatien now has 5 Gold Coins.
Gatien is the current player
They have rolled a 5
Gatien's new location is 1
The category is SCIENCE
Science Question 3
Answer was corrent!!!!
Gatien now has 5 Gold Coins.
Gatien is the current player
They have rolled a 5
Gatien's new location is 6
The category is SPORT
Sports Question 2
Answer was corrent!!!!
Gatien now has 6 Gold Coins.
Arthur was added
They are player number 1
Arthur was added
They are player number 2
Arthur is the current player
They have rolled a 7
Arthur's new location is 7
The category is ROCK
Rock Question 0
Question was incorrectly answered
Player(name=Arthur, purses=0, place=7, isInPenaltyBox=false, timesGotInPrison=0) was sent to the penalty box
Arthur is the current player
They have rolled a 7
Arthur's new location is 7
The category is ROCK
Rock Question 1
Question was incorrectly answered
Player(name=Arthur, purses=0, place=7, isInPenaltyBox=false, timesGotInPrison=0) was sent to the penalty box
Arthur is the current player
They have rolled a 7
Arthur is getting out of the penalty box
Arthur's new location is 2
The category is SPORT
Sports Question 0
Question was incorrectly answered
Player(name=Arthur, purses=0, place=2, isInPenaltyBox=false, timesGotInPrison=1) was sent to the penalty box
Arthur is the current player
They have rolled a 7
Arthur is getting out of the penalty box
Arthur's new location is 2
The category is SPORT
Sports Question 1
Question was incorrectly answered
Player(name=Arthur, purses=0, place=2, isInPenaltyBox=false, timesGotInPrison=1) was sent to the penalty box
Arthur is the current player
They have rolled a 7
Arthur is getting out of the penalty box
Arthur's new location is 9
The category is SCIENCE
Science Question 0
Question was incorrectly answered
Player(name=Arthur, purses=0, place=9, isInPenaltyBox=false, timesGotInPrison=2) was sent to the penalty box
Arthur is the current player
They have rolled a 7
Arthur is getting out of the penalty box
Arthur's new location is 9
The category is SCIENCE
Science Question 1
Question was incorrectly answered
Player(name=Arthur, purses=0, place=9, isInPenaltyBox=false, timesGotInPrison=2) was sent to the penalty box
Arthur is the current player
They have rolled a 7
Arthur is getting out of the penalty box
Arthur's new location is 4
The category is POP
Pop Question 0
Question was incorrectly answered
Player(name=Arthur, purses=0, place=4, isInPenaltyBox=false, timesGotInPrison=3) was sent to the penalty box
Arthur is the current player
They have rolled a 7
Arthur is getting out of the penalty box
Arthur's new location is 4
The category is POP
Pop Question 1
Question was incorrectly answered
Player(name=Arthur, purses=0, place=4, isInPenaltyBox=false, timesGotInPrison=3) was sent to the penalty box
Arthur is the current player
They have rolled a 7
Arthur is getting out of the penalty box
Arthur's new location is 11
The category is ROCK
Rock Question 2
Question was incorrectly answered
Player(name=Arthur, purses=0, place=11, isInPenaltyBox=false, timesGotInPrison=4) was sent to the penalty box
Arthur is the current player
They have rolled a 7
Arthur is getting out of the penalty box
Arthur's new location is 11
The category is ROCK
Rock Question 3
Question was incorrectly answered
Player(name=Arthur, purses=0, place=11, isInPenaltyBox=false, timesGotInPrison=4) was sent to the penalty box
Arthur is the current player
They have rolled a 7
Arthur is getting out of the penalty box
Arthur's new location is 6
The category is SPORT
Sports Question 2
Question was incorrectly answered
Player(name=Arthur, purses=0, place=6, isInPenaltyBox=false, timesGotInPrison=5) was sent to the penalty box
Arthur is the current player
They have rolled a 7
Arthur is getting out of the penalty box
Arthur's new location is 6
The category is SPORT
Sports Question 3
Question was incorrectly answered
Player(name=Arthur, purses=0, place=6, isInPenaltyBox=false, timesGotInPrison=5) was sent to the penalty box
Arthur is the current player
They have rolled a 7
Arthur is getting out of the penalty box
Arthur's new location is 1
The category is SCIENCE
Science Question 2
Question was incorrectly answered
Player(name=Arthur, purses=0, place=1, isInPenaltyBox=false, timesGotInPrison=6) was sent to the penalty box
Arthur is the current player
They have rolled a 7
Arthur is getting out of the penalty box
Arthur's new location is 1
The category is SCIENCE
Science Question 3
Question was incorrectly answered
Player(name=Arthur, purses=0, place=1, isInPenaltyBox=false, timesGotInPrison=6) was sent to the penalty box
Arthur is the current player
They have rolled a 7
Arthur is getting out of the penalty box
Arthur's new location is 8
The category is POP
Pop Question 2
Question was incorrectly answered
Player(name=Arthur, purses=0, place=8, isInPenaltyBox=false, timesGotInPrison=7) was sent to the penalty box
Arthur is the current player
They have rolled a 7
Arthur is getting out of the penalty box
Arthur's new location is 8
The category is POP
Pop Question 3
Question was incorrectly answered
Player(name=Arthur, purses=0, place=8, isInPenaltyBox=false, timesGotInPrison=7) was sent to the penalty box
Arthur is the current player
They have rolled a 7
Arthur is getting out of the penalty box
Arthur's new location is 3
The category is ROCK
Rock Question 4
Question was incorrectly answered
Player(name=Arthur, purses=0, place=3, isInPenaltyBox=false, timesGotInPrison=8) was sent to the penalty box
Arthur is the current player
They have rolled a 7
Arthur is getting out of the penalty box
Arthur's new location is 3
The category is ROCK
Rock Question 5
Question was incorrectly answered
Player(name=Arthur, purses=0, place=3, isInPenaltyBox=false, timesGotInPrison=8) was sent to the penalty box
Arthur is the current player
They have rolled a 7
Arthur is getting out of the penalty box
Arthur's new location is 10
The category is SPORT
Sports Question 4
Question was incorrectly answered
Player(name=Arthur, purses=0, place=10, isInPenaltyBox=false, timesGotInPrison=9) was sent to the penalty box
Arthur is the current player
They have rolled a 7
Arthur is getting out of the penalty box
Arthur's new location is 10
The category is SPORT
Sports Question 5
Question was incorrectly answered
Player(name=Arthur, purses=0, place=10, isInPenaltyBox=false, timesGotInPrison=9) was sent to the penalty box
Arthur is the current player
They have rolled a 7
Arthur is getting out of the penalty box
Arthur's new location is 5
The category is SCIENCE
Science Question 4
Question was incorrectly answered
Player(name=Arthur, purses=0, place=5, isInPenaltyBox=false, timesGotInPrison=10) was sent to the penalty box
Arthur is the current player
They have rolled a 7
Arthur is getting out of the penalty box
Arthur's new location is 5
The category is SCIENCE
Science Question 5
Question was incorrectly answered
Player(name=Arthur, purses=0, place=5, isInPenaltyBox=false, timesGotInPrison=10) was sent to the penalty box
Arthur is the current player
They have rolled a 7
Arthur is getting out of the penalty box
Arthur's new location is 0
The category is POP
Pop Question 4
Question was incorrectly answered
Player(name=Arthur, purses=0, place=0, isInPenaltyBox=false, timesGotInPrison=11) was sent to the penalty box
Arthur is the current player
They have rolled a 7
Arthur is getting out of the penalty box
Arthur's new location is 0
The category is POP
Pop Question 5
Question was incorrectly answered
Player(name=Arthur, purses=0, place=0, isInPenaltyBox=false, timesGotInPrison=11) was sent to the penalty box
Arthur is the current player
They have rolled a 7
Arthur is getting out of the penalty box
Arthur's new location is 7
The category is ROCK
Rock Question 6
Question was incorrectly answered
Player(name=Arthur, purses=0, place=7, isInPenaltyBox=false, timesGotInPrison=12) was sent to the penalty box
Arthur is the current player
They have rolled a 7
Arthur is getting out of the penalty box
Arthur's new location is 7
The category is ROCK
Rock Question 7
Question was incorrectly answered
Player(name=Arthur, purses=0, place=7, isInPenaltyBox=false, timesGotInPrison=12) was sent to the penalty box
Arthur is the current player
They have rolled a 7
Arthur is getting out of the penalty box
Arthur's new location is 2
The category is SPORT
Sports Question 6
Question was incorrectly answered
Player(name=Arthur, purses=0, place=2, isInPenaltyBox=false, timesGotInPrison=13) was sent to the penalty box
Arthur is the current player
They have rolled a 7
Arthur is getting out of the penalty box
Arthur's new location is 2
The category is SPORT
Sports Question 7
Question was incorrectly answered
Player(name=Arthur, purses=0, place=2, isInPenaltyBox=false, timesGotInPrison=13) was sent to the penalty box
Arthur is the current player
They have rolled a 7
Arthur is getting out of the penalty box
Arthur's new location is 9
The category is SCIENCE
Science Question 6
Question was incorrectly answered
Player(name=Arthur, purses=0, place=9, isInPenaltyBox=false, timesGotInPrison=14) was sent to the penalty box
Arthur is the current player
They have rolled a 7
Arthur is getting out of the penalty box
Arthur's new location is 9
The category is SCIENCE
Science Question 7
Question was incorrectly answered
Player(name=Arthur, purses=0, place=9, isInPenaltyBox=false, timesGotInPrison=14) was sent to the penalty box
Arthur is the current player
They have rolled a 7
Arthur is getting out of the penalty box
Arthur's new location is 4
The category is POP
Pop Question 6
Question was incorrectly answered
Player(name=Arthur, purses=0, place=4, isInPenaltyBox=false, timesGotInPrison=15) was sent to the penalty box
Arthur is the current player
They have rolled a 7
Arthur is getting out of the penalty box
Arthur's new location is 4
The category is POP
Pop Question 7
Question was incorrectly answered
Player(name=Arthur, purses=0, place=4, isInPenaltyBox=false, timesGotInPrison=15) was sent to the penalty box
Arthur is the current player
They have rolled a 7
Arthur is getting out of the penalty box
Arthur's new location is 11
The category is ROCK
Rock Question 8
Question was incorrectly answered
Player(name=Arthur, purses=0, place=11, isInPenaltyBox=false, timesGotInPrison=16) was sent to the penalty box
Arthur is the current player
They have rolled a 7
Arthur is getting out of the penalty box
Arthur's new location is 11
The category is ROCK
Rock Question 9
Question was incorrectly answered
Player(name=Arthur, purses=0, place=11, isInPenaltyBox=false, timesGotInPrison=16) was sent to the penalty box
Arthur is the current player
They have rolled a 7
Arthur is getting out of the penalty box
Arthur's new location is 6
The category is SPORT
Sports Question 8
Question was incorrectly answered
Player(name=Arthur, purses=0, place=6, isInPenaltyBox=false, timesGotInPrison=17) was sent to the penalty box
Arthur is the current player
They have rolled a 7
Arthur is getting out of the penalty box
Arthur's new location is 6
The category is SPORT
Sports Question 9
Question was incorrectly answered
Player(name=Arthur, purses=0, place=6, isInPenaltyBox=false, timesGotInPrison=17) was sent to the penalty box
Arthur is the current player
They have rolled a 7
Arthur is getting out of the penalty box
Arthur's new location is 1
The category is SCIENCE
Science Question 8
Question was incorrectly answered
Player(name=Arthur, purses=0, place=1, isInPenaltyBox=false, timesGotInPrison=18) was sent to the penalty box
Arthur is the current player
They have rolled a 7
Arthur is getting out of the penalty box
Arthur's new location is 1
The category is SCIENCE
Science Question 9
Question was incorrectly answered
Player(name=Arthur, purses=0, place=1, isInPenaltyBox=false, timesGotInPrison=18) was sent to the penalty box
Arthur is the current player
They have rolled a 7
Arthur is getting out of the penalty box
Arthur's new location is 8
The category is POP
Pop Question 8
Question was incorrectly answered
Player(name=Arthur, purses=0, place=8, isInPenaltyBox=false, timesGotInPrison=19) was sent to the penalty box
Arthur is the current player
They have rolled a 7
Arthur is getting out of the penalty box
Arthur's new location is 8
The category is POP
Pop Question 9
Question was incorrectly answered
Player(name=Arthur, purses=0, place=8, isInPenaltyBox=false, timesGotInPrison=19) was sent to the penalty box
Arthur is the current player
They have rolled a 7
Arthur is getting out of the penalty box
Arthur's new location is 3
The category is ROCK
Rock Question 10
Question was incorrectly answered
Player(name=Arthur, purses=0, place=3, isInPenaltyBox=false, timesGotInPrison=20) was sent to the penalty box
Arthur is the current player
They have rolled a 7
Arthur is getting out of the penalty box
Arthur's new location is 3
The category is ROCK
Rock Question 11
Question was incorrectly answered
Player(name=Arthur, purses=0, place=3, isInPenaltyBox=false, timesGotInPrison=20) was sent to the penalty box
Arthur is the current player
They have rolled a 7
Arthur is getting out of the penalty box
Arthur's new location is 10
The category is SPORT
Sports Question 10
Question was incorrectly answered
Player(name=Arthur, purses=0, place=10, isInPenaltyBox=false, timesGotInPrison=21) was sent to the penalty box
Arthur is the current player
They have rolled a 7
Arthur is getting out of the penalty box
Arthur's new location is 10
The category is SPORT
Sports Question 11
Question was incorrectly answered
Player(name=Arthur, purses=0, place=10, isInPenaltyBox=false, timesGotInPrison=21) was sent to the penalty box
Arthur is the current player
They have rolled a 7
Arthur is getting out of the penalty box
Arthur's new location is 5
The category is SCIENCE
Science Question 10
Question was incorrectly answered
Player(name=Arthur, purses=0, place=5, isInPenaltyBox=false, timesGotInPrison=22) was sent to the penalty box
Arthur is the current player
They have rolled a 7
Arthur is getting out of the penalty box
Arthur's new location is 5
The category is SCIENCE
Science Question 11
Question was incorrectly answered
Player(name=Arthur, purses=0, place=5, isInPenaltyBox=false, timesGotInPrison=22) was sent to the penalty box
Arthur is the current player
They have rolled a 7
Arthur is getting out of the penalty box
Arthur's new location is 0
The category is POP
Pop Question 10
Question was incorrectly answered
Player(name=Arthur, purses=0, place=0, isInPenaltyBox=false, timesGotInPrison=23) was sent to the penalty box
Arthur is the current player
They have rolled a 7
Arthur is getting out of the penalty box
Arthur's new location is 0
The category is POP
Pop Question 11
Question was incorrectly answered
Player(name=Arthur, purses=0, place=0, isInPenaltyBox=false, timesGotInPrison=23) was sent to the penalty box
Arthur is the current player
They have rolled a 7
Arthur is getting out of the penalty box
Arthur's new location is 7
The category is ROCK
Rock Question 12
Question was incorrectly answered
Player(name=Arthur, purses=0, place=7, isInPenaltyBox=false, timesGotInPrison=24) was sent to the penalty box
Arthur is the current player
They have rolled a 7
Arthur is getting out of the penalty box
Arthur's new location is 7
The category is ROCK
Rock Question 13
Question was incorrectly answered
Player(name=Arthur, purses=0, place=7, isInPenaltyBox=false, timesGotInPrison=24) was sent to the penalty box
Gatien was added
They are player number 1
Gatien was added
They are player number 2
Gatien is the current player
They have rolled a 5
Gatien's new location is 5
The category is SCIENCE
Science Question 0
Answer was corrent!!!!
Gatien now has 1 Gold Coins.
Gatien is the current player
They have rolled a 5
Gatien's new location is 5
The category is SCIENCE
Science Question 1
Answer was corrent!!!!
Gatien now has 1 Gold Coins.
Gatien is the current player
They have rolled a 5
Gatien's new location is 10
The category is SPORT
Sports Question 0
Answer was corrent!!!!
Gatien now has 2 Gold Coins.
Gatien is the current player
They have rolled a 5
Gatien's new location is 10
The category is SPORT
Sports Question 1
Answer was corrent!!!!
Gatien now has 2 Gold Coins.
Gatien is the current player
They have rolled a 5
Gatien's new location is 3
The category is ROCK
Rock Question 0
Answer was corrent!!!!
Gatien now has 3 Gold Coins.
Gatien is the current player
They have rolled a 5
Gatien's new location is 3
The category is ROCK
Rock Question 1
Answer was corrent!!!!
Gatien now has 3 Gold Coins.
Gatien is the current player
They have rolled a 5
Gatien's new location is 8
The category is POP
Pop Question 0
Answer was corrent!!!!
Gatien now has 4 Gold Coins.
Gatien is the current player
They have rolled a 5
Gatien's new location is 8
The category is POP
Pop Question 1
Answer was corrent!!!!
Gatien now has 4 Gold Coins.
Gatien is the current player
They have rolled a 5
Gatien's new location is 1
The category is SCIENCE
Science Question 2
Answer was corrent!!!!
Gatien now has 5 Gold Coins.
Gatien is the current player
They have rolled a 5
Gatien's new location is 1
The category is SCIENCE
Science Question 3
Answer was corrent!!!!
Gatien now has 5 Gold Coins.
Gatien is the current player
They have rolled a 5
Gatien's new location is 6
The category is SPORT
Sports Question 2
Answer was corrent!!!!
Gatien now has 6 Gold Coins.
Gatien was added
They are player number 1
Gatien was added
They are player number 2
Gatien was added
They are player number 3
Gatien was added
They are player number 4
Gatien was added
They are player number 5
Gatien was added
They are player number 6
Gatien was added
They are player number 7
Gatien was added
They are player number 8
Gatien was added
They are player number 1
Gatien was added
They are player number 1
Gatien was added
They are player number 2
Gatien is the current player
They have rolled a 5
Gatien's new location is 5
The category is SCIENCE
Science Question 0
Answer was corrent!!!!
Gatien now has 1 Gold Coins.
Gatien is the current player
They have rolled a 4
Gatien's new location is 4
The category is POP
Pop Question 0
Answer was corrent!!!!
Gatien now has 1 Gold Coins.
Gatien is the current player
They have rolled a 4
Gatien's new location is 9
The category is SCIENCE
Science Question 1
Question was incorrectly answered
Player(name=Gatien, purses=1, place=9, isInPenaltyBox=false, timesGotInPrison=0) was sent to the penalty box
Gatien is the current player
They have rolled a 2
Gatien's new location is 6
The category is SPORT
Sports Question 0
Answer was corrent!!!!
Gatien now has 2 Gold Coins.
Gatien is the current player
They have rolled a 2
Gatien is not getting out of the penalty box
Gatien is the current player
They have rolled a 3
Gatien's new location is 9
The category is SCIENCE
Science Question 2
Answer was corrent!!!!
Gatien now has 3 Gold Coins.
Gatien is the current player
They have rolled a 2
Gatien is not getting out of the penalty box
Gatien is the current player
They have rolled a 5
Gatien's new location is 2
The category is SPORT
Sports Question 1
Answer was corrent!!!!
Gatien now has 4 Gold Coins.
Gatien is the current player
They have rolled a 4
Gatien is not getting out of the penalty box
Gatien is the current player
They have rolled a 3
Gatien's new location is 5
The category is SCIENCE
Science Question 3
Answer was corrent!!!!
Gatien now has 5 Gold Coins.
Gatien is the current player
They have rolled a 5
Gatien is getting out of the penalty box
Gatien's new location is 2
The category is SPORT
Sports Question 2
Answer was corrent!!!!
Gatien now has 2 Gold Coins.
Gatien is the current player
They have rolled a 4
Gatien's new location is 9
The category is SCIENCE
Science Question 4
Answer was corrent!!!!
Gatien now has 6 Gold Coins.
Arthur was added
They are player number 1
Arthur was added
They are player number 2
Arthur is the current player
They have rolled a 2
Arthur's new location is 2
The category is SPORT
Sports Question 0
Question was incorrectly answered
Player(name=Arthur, purses=0, place=2, isInPenaltyBox=false, timesGotInPrison=0) was sent to the penalty box
Arthur is the current player
They have rolled a 2
Arthur's new location is 2
The category is SPORT
Sports Question 1
Question was incorrectly answered
Player(name=Arthur, purses=0, place=2, isInPenaltyBox=false, timesGotInPrison=0) was sent to the penalty box
Arthur is the current player
They have rolled a 2
Arthur is not getting out of the penalty box
Question was incorrectly answered
Player(name=Arthur, purses=0, place=2, isInPenaltyBox=true, timesGotInPrison=1) was sent to the penalty box
Arthur is the current player
They have rolled a 2
Arthur is not getting out of the penalty box
Question was incorrectly answered
Player(name=Arthur, purses=0, place=2, isInPenaltyBox=true, timesGotInPrison=1) was sent to the penalty box
Arthur is the current player
They have rolled a 2
Arthur is not getting out of the penalty box
Question was incorrectly answered
Player(name=Arthur, purses=0, place=2, isInPenaltyBox=true, timesGotInPrison=2) was sent to the penalty box
Arthur is the current player
They have rolled a 2
Arthur is not getting out of the penalty box
Question was incorrectly answered
Player(name=Arthur, purses=0, place=2, isInPenaltyBox=true, timesGotInPrison=2) was sent to the penalty box
Arthur is the current player
They have rolled a 2
Arthur is not getting out of the penalty box
Question was incorrectly answered
Player(name=Arthur, purses=0, place=2, isInPenaltyBox=true, timesGotInPrison=3) was sent to the penalty box
Arthur is the current player
They have rolled a 2
Arthur is not getting out of the penalty box
Question was incorrectly answered
Player(name=Arthur, purses=0, place=2, isInPenaltyBox=true, timesGotInPrison=3) was sent to the penalty box
Arthur is the current player
They have rolled a 2
Arthur is not getting out of the penalty box
Question was incorrectly answered
Player(name=Arthur, purses=0, place=2, isInPenaltyBox=true, timesGotInPrison=4) was sent to the penalty box
Arthur is the current player
They have rolled a 2
Arthur is not getting out of the penalty box
Question was incorrectly answered
Player(name=Arthur, purses=0, place=2, isInPenaltyBox=true, timesGotInPrison=4) was sent to the penalty box
Arthur is the current player
They have rolled a 2
Arthur is not getting out of the penalty box
Question was incorrectly answered
Player(name=Arthur, purses=0, place=2, isInPenaltyBox=true, timesGotInPrison=5) was sent to the penalty box
Arthur is the current player
They have rolled a 2
Arthur is not getting out of the penalty box
Question was incorrectly answered
Player(name=Arthur, purses=0, place=2, isInPenaltyBox=true, timesGotInPrison=5) was sent to the penalty box
Arthur is the current player
They have rolled a 2
Arthur is not getting out of the penalty box
Question was incorrectly answered
Player(name=Arthur, purses=0, place=2, isInPenaltyBox=true, timesGotInPrison=6) was sent to the penalty box
Arthur is the current player
They have rolled a 2
Arthur is not getting out of the penalty box
Question was incorrectly answered
Player(name=Arthur, purses=0, place=2, isInPenaltyBox=true, timesGotInPrison=6) was sent to the penalty box
Arthur is the current player
They have rolled a 2
Arthur is not getting out of the penalty box
Question was incorrectly answered
Player(name=Arthur, purses=0, place=2, isInPenaltyBox=true, timesGotInPrison=7) was sent to the penalty box
Arthur is the current player
They have rolled a 2
Arthur is not getting out of the penalty box
Question was incorrectly answered
Player(name=Arthur, purses=0, place=2, isInPenaltyBox=true, timesGotInPrison=7) was sent to the penalty box
Arthur is the current player
They have rolled a 2
Arthur is not getting out of the penalty box
Question was incorrectly answered
Player(name=Arthur, purses=0, place=2, isInPenaltyBox=true, timesGotInPrison=8) was sent to the penalty box
Arthur is the current player
They have rolled a 2
Arthur is not getting out of the penalty box
Question was incorrectly answered
Player(name=Arthur, purses=0, place=2, isInPenaltyBox=true, timesGotInPrison=8) was sent to the penalty box
Arthur is the current player
They have rolled a 2
Arthur is not getting out of the penalty box
Question was incorrectly answered
Player(name=Arthur, purses=0, place=2, isInPenaltyBox=true, timesGotInPrison=9) was sent to the penalty box
Arthur is the current player
They have rolled a 2
Arthur is not getting out of the penalty box
Question was incorrectly answered
Player(name=Arthur, purses=0, place=2, isInPenaltyBox=true, timesGotInPrison=9) was sent to the penalty box
Arthur is the current player
They have rolled a 2
Arthur is not getting out of the penalty box
Question was incorrectly answered
Player(name=Arthur, purses=0, place=2, isInPenaltyBox=true, timesGotInPrison=10) was sent to the penalty box
Arthur is the current player
They have rolled a 2
Arthur is not getting out of the penalty box
Question was incorrectly answered
Player(name=Arthur, purses=0, place=2, isInPenaltyBox=true, timesGotInPrison=10) was sent to the penalty box
Arthur is the current player
They have rolled a 2
Arthur is not getting out of the penalty box
Question was incorrectly answered
Player(name=Arthur, purses=0, place=2, isInPenaltyBox=true, timesGotInPrison=11) was sent to the penalty box
Arthur is the current player
They have rolled a 2
Arthur is not getting out of the penalty box
Question was incorrectly answered
Player(name=Arthur, purses=0, place=2, isInPenaltyBox=true, timesGotInPrison=11) was sent to the penalty box
Arthur is the current player
They have rolled a 2
Arthur is not getting out of the penalty box
Question was incorrectly answered
Player(name=Arthur, purses=0, place=2, isInPenaltyBox=true, timesGotInPrison=12) was sent to the penalty box
Arthur is the current player
They have rolled a 2
Arthur is not getting out of the penalty box
Question was incorrectly answered
Player(name=Arthur, purses=0, place=2, isInPenaltyBox=true, timesGotInPrison=12) was sent to the penalty box
Arthur is the current player
They have rolled a 2
Arthur is not getting out of the penalty box
Question was incorrectly answered
Player(name=Arthur, purses=0, place=2, isInPenaltyBox=true, timesGotInPrison=13) was sent to the penalty box
Arthur is the current player
They have rolled a 2
Arthur is not getting out of the penalty box
Question was incorrectly answered
Player(name=Arthur, purses=0, place=2, isInPenaltyBox=true, timesGotInPrison=13) was sent to the penalty box
Arthur is the current player
They have rolled a 2
Arthur is not getting out of the penalty box
Question was incorrectly answered
Player(name=Arthur, purses=0, place=2, isInPenaltyBox=true, timesGotInPrison=14) was sent to the penalty box
Arthur is the current player
They have rolled a 2
Arthur is not getting out of the penalty box
Question was incorrectly answered
Player(name=Arthur, purses=0, place=2, isInPenaltyBox=true, timesGotInPrison=14) was sent to the penalty box
Arthur is the current player
They have rolled a 2
Arthur is not getting out of the penalty box
Question was incorrectly answered
Player(name=Arthur, purses=0, place=2, isInPenaltyBox=true, timesGotInPrison=15) was sent to the penalty box
Arthur is the current player
They have rolled a 2
Arthur is not getting out of the penalty box
Question was incorrectly answered
Player(name=Arthur, purses=0, place=2, isInPenaltyBox=true, timesGotInPrison=15) was sent to the penalty box
Arthur is the current player
They have rolled a 2
Arthur is not getting out of the penalty box
Question was incorrectly answered
Player(name=Arthur, purses=0, place=2, isInPenaltyBox=true, timesGotInPrison=16) was sent to the penalty box
Arthur is the current player
They have rolled a 2
Arthur is not getting out of the penalty box
Question was incorrectly answered
Player(name=Arthur, purses=0, place=2, isInPenaltyBox=true, timesGotInPrison=16) was sent to the penalty box
Arthur is the current player
They have rolled a 2
Arthur is not getting out of the penalty box
Question was incorrectly answered
Player(name=Arthur, purses=0, place=2, isInPenaltyBox=true, timesGotInPrison=17) was sent to the penalty box
Arthur is the current player
They have rolled a 2
Arthur is not getting out of the penalty box
Question was incorrectly answered
Player(name=Arthur, purses=0, place=2, isInPenaltyBox=true, timesGotInPrison=17) was sent to the penalty box
Arthur is the current player
They have rolled a 2
Arthur is not getting out of the penalty box
Question was incorrectly answered
Player(name=Arthur, purses=0, place=2, isInPenaltyBox=true, timesGotInPrison=18) was sent to the penalty box
Arthur is the current player
They have rolled a 2
Arthur is not getting out of the penalty box
Question was incorrectly answered
Player(name=Arthur, purses=0, place=2, isInPenaltyBox=true, timesGotInPrison=18) was sent to the penalty box
Arthur is the current player
They have rolled a 2
Arthur is not getting out of the penalty box
Question was incorrectly answered
Player(name=Arthur, purses=0, place=2, isInPenaltyBox=true, timesGotInPrison=19) was sent to the penalty box
Arthur is the current player
They have rolled a 2
Arthur is not getting out of the penalty box
Question was incorrectly answered
Player(name=Arthur, purses=0, place=2, isInPenaltyBox=true, timesGotInPrison=19) was sent to the penalty box
Arthur is the current player
They have rolled a 2
Arthur is not getting out of the penalty box
Question was incorrectly answered
Player(name=Arthur, purses=0, place=2, isInPenaltyBox=true, timesGotInPrison=20) was sent to the penalty box
Arthur is the current player
They have rolled a 2
Arthur is not getting out of the penalty box
Question was incorrectly answered
Player(name=Arthur, purses=0, place=2, isInPenaltyBox=true, timesGotInPrison=20) was sent to the penalty box
Arthur is the current player
They have rolled a 2
Arthur is not getting out of the penalty box
Question was incorrectly answered
Player(name=Arthur, purses=0, place=2, isInPenaltyBox=true, timesGotInPrison=21) was sent to the penalty box
Arthur is the current player
They have rolled a 2
Arthur is not getting out of the penalty box
Question was incorrectly answered
Player(name=Arthur, purses=0, place=2, isInPenaltyBox=true, timesGotInPrison=21) was sent to the penalty box
Arthur is the current player
They have rolled a 2
Arthur is not getting out of the penalty box
Question was incorrectly answered
Player(name=Arthur, purses=0, place=2, isInPenaltyBox=true, timesGotInPrison=22) was sent to the penalty box
Arthur is the current player
They have rolled a 2
Arthur is not getting out of the penalty box
Question was incorrectly answered
Player(name=Arthur, purses=0, place=2, isInPenaltyBox=true, timesGotInPrison=22) was sent to the penalty box
Arthur is the current player
They have rolled a 2
Arthur is not getting out of the penalty box
Question was incorrectly answered
Player(name=Arthur, purses=0, place=2, isInPenaltyBox=true, timesGotInPrison=23) was sent to the penalty box
Arthur is the current player
They have rolled a 2
Arthur is not getting out of the penalty box
Question was incorrectly answered
Player(name=Arthur, purses=0, place=2, isInPenaltyBox=true, timesGotInPrison=23) was sent to the penalty box
Arthur is the current player
They have rolled a 2
Arthur is not getting out of the penalty box
Question was incorrectly answered
Player(name=Arthur, purses=0, place=2, isInPenaltyBox=true, timesGotInPrison=24) was sent to the penalty box
Arthur is the current player
They have rolled a 2
Arthur is not getting out of the penalty box
Question was incorrectly answered
Player(name=Arthur, purses=0, place=2, isInPenaltyBox=true, timesGotInPrison=24) was sent to the penalty box
Gatien was added
They are player number 1
Gatien was added
They are player number 2
Gatien is the current player
They have rolled a 5
Gatien's new location is 5
The category is SCIENCE
Science Question 0
Answer was corrent!!!!
Gatien now has 1 Gold Coins.
Gatien is the current player
They have rolled a 2
Gatien's new location is 2
The category is SPORT
Sports Question 0
Answer was corrent!!!!
Gatien now has 1 Gold Coins.
Gatien is the current player
They have rolled a 5
Gatien's new location is 10
The category is SPORT
Sports Question 1
Answer was corrent!!!!
Gatien now has 2 Gold Coins.
Gatien is the current player
They have rolled a 2
Gatien's new location is 4
The category is POP
Pop Question 0
Answer was corrent!!!!
Gatien now has 2 Gold Coins.
Gatien is the current player
They have rolled a 1
Gatien's new location is 11
The category is ROCK
Rock Question 0
Answer was corrent!!!!
Gatien now has 3 Gold Coins.
Gatien is the current player
They have rolled a 2
Gatien's new location is 6
The category is SPORT
Sports Question 2
Answer was corrent!!!!
Gatien now has 3 Gold Coins.
Gatien is the current player
They have rolled a 4
Gatien's new location is 3
The category is ROCK
Rock Question 1
Answer was corrent!!!!
Gatien now has 4 Gold Coins.
Gatien is the current player
They have rolled a 4
Gatien's new location is 10
The category is SPORT
Sports Question 3
Answer was corrent!!!!
Gatien now has 4 Gold Coins.
Gatien is the current player
They have rolled a 4
Gatien's new location is 7
The category is ROCK
Rock Question 2
Answer was corrent!!!!
Gatien now has 5 Gold Coins.
Gatien is the current player
They have rolled a 3
Gatien's new location is 1
The category is SCIENCE
Science Question 1
Answer was corrent!!!!
Gatien now has 5 Gold Coins.
Gatien is the current player
They have rolled a 2
Gatien's new location is 9
The category is SCIENCE
Science Question 2
Answer was corrent!!!!
Gatien now has 6 Gold Coins.
Gatien is the current player
They have rolled a 2
Gatien's new location is 3
The category is ROCK
Rock Question 3
Question was incorrectly answered
Player(name=Gatien, purses=5, place=3, isInPenaltyBox=false, timesGotInPrison=0) was sent to the penalty box
Gatien is the current player
They have rolled a 2
Gatien's new location is 11
The category is ROCK
Rock Question 4
Answer was corrent!!!!
Gatien now has 7 Gold Coins.
Gatien is the current player
They have rolled a 3
Gatien is getting out of the penalty box
Gatien's new location is 6
The category is SPORT
Sports Question 4
Question was incorrectly answered
Player(name=Gatien, purses=5, place=6, isInPenaltyBox=false, timesGotInPrison=1) was sent to the penalty box
Gatien is the current player
They have rolled a 5
Gatien's new location is 4
The category is POP
Pop Question 1
Question was incorrectly answered
Player(name=Gatien, purses=7, place=4, isInPenaltyBox=false, timesGotInPrison=0) was sent to the penalty box
Gatien is the current player
They have rolled a 2
Gatien is not getting out of the penalty box
Gatien is the current player
They have rolled a 3
Gatien is getting out of the penalty box
Gatien's new location is 7
The category is ROCK
Rock Question 5
Answer was corrent!!!!
Gatien now has 8 Gold Coins.
Gatien is the current player
They have rolled a 4
Gatien is not getting out of the penalty box
Question was incorrectly answered
Player(name=Gatien, purses=5, place=6, isInPenaltyBox=true, timesGotInPrison=2) was sent to the penalty box
Gatien is the current player
They have rolled a 2
Gatien's new location is 9
The category is SCIENCE
Science Question 3
Answer was corrent!!!!
Gatien now has 9 Gold Coins.
Gatien is the current player
They have rolled a 4
Gatien is not getting out of the penalty box
Gatien is the current player
They have rolled a 2
Gatien's new location is 11
The category is ROCK
Rock Question 6
Answer was corrent!!!!
Gatien now has 10 Gold Coins.
Gatien is the current player
They have rolled a 4
Gatien is not getting out of the penalty box
Gatien is the current player
They have rolled a 5
Gatien's new location is 4
The category is POP
Pop Question 2
Question was incorrectly answered
Player(name=Gatien, purses=10, place=4, isInPenaltyBox=false, timesGotInPrison=1) was sent to the penalty box
Gatien is the current player
They have rolled a 4
Gatien is not getting out of the penalty box
Gatien is the current player
They have rolled a 5
Gatien is getting out of the penalty box
Gatien's new location is 9
The category is SCIENCE
Science Question 4
Answer was corrent!!!!
Gatien now has 11 Gold Coins.
Gatien is the current player
They have rolled a 5
Gatien is getting out of the penalty box
Gatien's new location is 11
The category is ROCK
Rock Question 7
Answer was corrent!!!!
Gatien now has 6 Gold Coins.
Gatien is the current player
They have rolled a 4
Gatien's new location is 1
The category is SCIENCE
Science Question 5
Answer was corrent!!!!
Gatien now has 12 Gold Coins.
Gatien is the current player
They have rolled a 1
Gatien's new location is 0
The category is POP
Pop Question 3
Answer was corrent!!!!
Gatien now has 7 Gold Coins.
Gatien is the current player
They have rolled a 2
Gatien's new location is 3
The category is ROCK
Rock Question 8
Answer was corrent!!!!
Gatien now has 13 Gold Coins.
Gatien is the current player
They have rolled a 5
Gatien's new location is 5
The category is SCIENCE
Science Question 6
Answer was corrent!!!!
Gatien now has 8 Gold Coins.
Gatien is the current player
They have rolled a 2
Gatien's new location is 5
The category is SCIENCE
Science Question 7
Answer was corrent!!!!
Gatien now has 14 Gold Coins.
Gatien is the current player
They have rolled a 2
Gatien's new location is 7
The category is ROCK
Rock Question 9
Answer was corrent!!!!
Gatien now has 9 Gold Coins.
Gatien is the current player
They have rolled a 1
Gatien's new location is 6
The category is SPORT
Sports Question 5
Answer was corrent!!!!
Gatien now has 15 Gold Coins.
Gatien is the current player
They have rolled a 4
Gatien's new location is 11
The category is ROCK
Rock Question 10
Answer was corrent!!!!
Gatien now has 10 Gold Coins.
Gatien is the current player
They have rolled a 1
Gatien's new location is 7
The category is ROCK
Rock Question 11
Answer was corrent!!!!
Gatien now has 16 Gold Coins.
Gatien is the current player
They have rolled a 1
Gatien's new location is 0
The category is POP
Pop Question 4
Answer was corrent!!!!
Gatien now has 11 Gold Coins.
Gatien is the current player
They have rolled a 2
Gatien's new location is 9
The category is SCIENCE
Science Question 8
Answer was corrent!!!!
Gatien now has 17 Gold Coins.
Gatien is the current player
They have rolled a 4
Gatien's new location is 4
The category is POP
Pop Question 5
Answer was corrent!!!!
Gatien now has 12 Gold Coins.
Gatien is the current player
They have rolled a 5
Gatien's new location is 2
The category is SPORT
Sports Question 6
Answer was corrent!!!!
Gatien now has 18 Gold Coins.
Gatien is the current player
They have rolled a 5
Gatien's new location is 9
The category is SCIENCE
Science Question 9
Answer was corrent!!!!
Gatien now has 13 Gold Coins.
Gatien is the current player
They have rolled a 4
Gatien's new location is 6
The category is SPORT
Sports Question 7
Question was incorrectly answered
Player(name=Gatien, purses=18, place=6, isInPenaltyBox=false, timesGotInPrison=2) was sent to the penalty box
Gatien is the current player
They have rolled a 5
Gatien's new location is 2
The category is SPORT
Sports Question 8
Answer was corrent!!!!
Gatien now has 14 Gold Coins.
Gatien is the current player
They have rolled a 4
Gatien is not getting out of the penalty box
Question was incorrectly answered
Player(name=Gatien, purses=18, place=6, isInPenaltyBox=true, timesGotInPrison=3) was sent to the penalty box
Gatien is the current player
They have rolled a 3
Gatien's new location is 5
The category is SCIENCE
Science Question 10
Answer was corrent!!!!
Gatien now has 15 Gold Coins.
Gatien is the current player
They have rolled a 4
Gatien is not getting out of the penalty box
Gatien is the current player
They have rolled a 3
Gatien's new location is 8
The category is POP
Pop Question 6
Answer was corrent!!!!
Gatien now has 16 Gold Coins.
Gatien is the current player
They have rolled a 5
Gatien is getting out of the penalty box
Gatien's new location is 11
The category is ROCK
Rock Question 12
Question was incorrectly answered
Player(name=Gatien, purses=18, place=11, isInPenaltyBox=false, timesGotInPrison=4) was sent to the penalty box
Gatien is the current player
They have rolled a 3
Gatien's new location is 11
The category is ROCK
Rock Question 13
Answer was corrent!!!!
Gatien now has 17 Gold Coins.
Gatien is the current player
They have rolled a 2
Gatien is not getting out of the penalty box
Gatien is the current player
They have rolled a 3
Gatien's new location is 2
The category is SPORT
Sports Question 9
Answer was corrent!!!!
Gatien now has 18 Gold Coins.
Gatien is the current player
They have rolled a 3
Gatien is getting out of the penalty box
Gatien's new location is 2
The category is SPORT
Sports Question 10
Answer was corrent!!!!
Gatien now has 19 Gold Coins.
Gatien is the current player
They have rolled a 4
Gatien's new location is 6
The category is SPORT
Sports Question 11
Answer was corrent!!!!
Gatien now has 19 Gold Coins.
Gatien is the current player
They have rolled a 2
Gatien's new location is 4
The category is POP
Pop Question 7
Answer was corrent!!!!
Gatien now has 20 Gold Coins.
Gatien is the current player
They have rolled a 3
Gatien's new location is 9
The category is SCIENCE
Science Question 11
Answer was corrent!!!!
Gatien now has 20 Gold Coins.
Gatien is the current player
They have rolled a 1
Gatien's new location is 5
The category is SCIENCE
Science Question 12
Answer was corrent!!!!
Gatien now has 21 Gold Coins.
Gatien is the current player
They have rolled a 3
Gatien's new location is 0
The category is POP
Pop Question 8
Answer was corrent!!!!
Gatien now has 21 Gold Coins.
Gatien is the current player
They have rolled a 1
Gatien's new location is 6
The category is SPORT
Sports Question 12
Answer was corrent!!!!
Gatien now has 22 Gold Coins.
Gatien is the current player
They have rolled a 3
Gatien's new location is 3
The category is ROCK
Rock Question 14
Question was incorrectly answered
Player(name=Gatien, purses=21, place=3, isInPenaltyBox=false, timesGotInPrison=3) was sent to the penalty box
Gatien is the current player
They have rolled a 1
Gatien's new location is 7
The category is ROCK
Rock Question 15
Answer was corrent!!!!
Gatien now has 23 Gold Coins.
Gatien is the current player
They have rolled a 3
Gatien is getting out of the penalty box
Gatien's new location is 6
The category is SPORT
Sports Question 13
Answer was corrent!!!!
Gatien now has 22 Gold Coins.
Gatien is the current player
They have rolled a 1
Gatien's new location is 8
The category is POP
Pop Question 9
Answer was corrent!!!!
Gatien now has 24 Gold Coins.
Gatien is the current player
They have rolled a 1
Gatien's new location is 7
The category is ROCK
Rock Question 16
Question was incorrectly answered
Player(name=Gatien, purses=22, place=7, isInPenaltyBox=false, timesGotInPrison=4) was sent to the penalty box
Gatien is the current player
They have rolled a 3
Gatien's new location is 11
The category is ROCK
Rock Question 17
Answer was corrent!!!!
Gatien now has 25 Gold Coins.
Gatien is the current player
They have rolled a 3
Gatien is getting out of the penalty box
Gatien's new location is 10
The category is SPORT
Sports Question 14
Answer was corrent!!!!
Gatien now has 23 Gold Coins.
Gatien is the current player
They have rolled a 1
Gatien's new location is 0
The category is POP
Pop Question 10
Answer was corrent!!!!
Gatien now has 26 Gold Coins.
Gatien is the current player
They have rolled a 1
Gatien's new location is 11
The category is ROCK
Rock Question 18
Answer was corrent!!!!
Gatien now has 24 Gold Coins.
Gatien is the current player
They have rolled a 1
Gatien's new location is 1
The category is SCIENCE
Science Question 13
Answer was corrent!!!!
Gatien now has 27 Gold Coins.
Gatien is the current player
They have rolled a 2
Gatien's new location is 1
The category is SCIENCE
Science Question 14
Answer was corrent!!!!
Gatien now has 25 Gold Coins.
Gatien is the current player
They have rolled a 1
Gatien's new location is 2
The category is SPORT
Sports Question 15
Answer was corrent!!!!
Gatien now has 28 Gold Coins.
Gatien is the current player
They have rolled a 4
Gatien's new location is 5
The category is SCIENCE
Science Question 15
Answer was corrent!!!!
Gatien now has 26 Gold Coins.
Gatien is the current player
They have rolled a 1
Gatien's new location is 3
The category is ROCK
Rock Question 19
Answer was corrent!!!!
Gatien now has 29 Gold Coins.
Gatien is the current player
They have rolled a 2
Gatien's new location is 7
The category is ROCK
Rock Question 20
Question was incorrectly answered
Player(name=Gatien, purses=26, place=7, isInPenaltyBox=false, timesGotInPrison=5) was sent to the penalty box
Gatien is the current player
They have rolled a 3
Gatien's new location is 6
The category is SPORT
Sports Question 16
Answer was corrent!!!!
Gatien now has 30 Gold Coins.
Gatien is the current player
They have rolled a 3
Gatien is getting out of the penalty box
Gatien's new location is 10
The category is SPORT
Sports Question 17
Answer was corrent!!!!
Gatien now has 27 Gold Coins.
Gatien is the current player
They have rolled a 1
Gatien's new location is 7
The category is ROCK
Rock Question 21
Answer was corrent!!!!
Gatien now has 31 Gold Coins.
Gatien is the current player
They have rolled a 3
Gatien's new location is 1
The category is SCIENCE
Science Question 16
Question was incorrectly answered
Player(name=Gatien, purses=27, place=1, isInPenaltyBox=false, timesGotInPrison=6) was sent to the penalty box
Gatien is the current player
They have rolled a 1
Gatien's new location is 8
The category is POP
Pop Question 11
Answer was corrent!!!!
Gatien now has 32 Gold Coins.
Gatien is the current player
They have rolled a 5
Gatien is getting out of the penalty box
Gatien's new location is 6
The category is SPORT
Sports Question 18
Question was incorrectly answered
Player(name=Gatien, purses=27, place=6, isInPenaltyBox=false, timesGotInPrison=7) was sent to the penalty box
Gatien is the current player
They have rolled a 2
Gatien's new location is 10
The category is SPORT
Sports Question 19
Answer was corrent!!!!
Gatien now has 33 Gold Coins.
Gatien is the current player
They have rolled a 4
Gatien is not getting out of the penalty box
Gatien is the current player
They have rolled a 2
Gatien's new location is 0
The category is POP
Pop Question 12
Answer was corrent!!!!
Gatien now has 34 Gold Coins.
Gatien is the current player
They have rolled a 3
Gatien is getting out of the penalty box
Gatien's new location is 9
The category is SCIENCE
Science Question 17
Answer was corrent!!!!
Gatien now has 28 Gold Coins.
Gatien is the current player
They have rolled a 1
Gatien's new location is 1
The category is SCIENCE
Science Question 18
Answer was corrent!!!!
Gatien now has 35 Gold Coins.
Gatien is the current player
They have rolled a 2
Gatien's new location is 11
The category is ROCK
Rock Question 22
Answer was corrent!!!!
Gatien now has 29 Gold Coins.
Gatien is the current player
They have rolled a 5
Gatien's new location is 6
The category is SPORT
Sports Question 20
Answer was corrent!!!!
Gatien now has 36 Gold Coins.
Gatien is the current player
They have rolled a 2
Gatien's new location is 1
The category is SCIENCE
Science Question 19
Answer was corrent!!!!
Gatien now has 30 Gold Coins.
Gatien is the current player
They have rolled a 5
Gatien's new location is 11
The category is ROCK
Rock Question 23
Question was incorrectly answered
Player(name=Gatien, purses=36, place=11, isInPenaltyBox=false, timesGotInPrison=5) was sent to the penalty box
Gatien is the current player
They have rolled a 5
Gatien's new location is 6
The category is SPORT
Sports Question 21
Answer was corrent!!!!
Gatien now has 31 Gold Coins.
Gatien is the current player
They have rolled a 5
Gatien is getting out of the penalty box
Gatien's new location is 4
The category is POP
Pop Question 13
Answer was corrent!!!!
Gatien now has 37 Gold Coins.
Gatien is the current player
They have rolled a 5
Gatien's new location is 11
The category is ROCK
Rock Question 24
Answer was corrent!!!!
Gatien now has 32 Gold Coins.
Gatien is the current player
They have rolled a 1
Gatien's new location is 5
The category is SCIENCE
Science Question 20
Answer was corrent!!!!
Gatien now has 38 Gold Coins.
Gatien is the current player
They have rolled a 2
Gatien's new location is 1
The category is SCIENCE
Science Question 21
Answer was corrent!!!!
Gatien now has 33 Gold Coins.
Gatien is the current player
They have rolled a 4
Gatien's new location is 9
The category is SCIENCE
Science Question 22
Answer was corrent!!!!
Gatien now has 39 Gold Coins.
Gatien is the current player
They have rolled a 3
Gatien's new location is 4
The category is POP
Pop Question 14
Answer was corrent!!!!
Gatien now has 34 Gold Coins.
Gatien is the current player
They have rolled a 2
Gatien's new location is 11
The category is ROCK
Rock Question 25
Answer was corrent!!!!
Gatien now has 40 Gold Coins.
Gatien was added
They are player number 1
Gatien was added
They are player number 2

Number of roll: 1369

Gatien is the current player
They have rolled a 2
Gatien's new location is 2
The category is SPORT
Sports Question 0
Question was incorrectly answered
Player(name=Gatien, purses=0, place=2, isInPenaltyBox=false, timesGotInPrison=0) was sent to the penalty box
Gatien is the current player
They have rolled a 2
Gatien's new location is 2
The category is SPORT
Sports Question 1
Question was incorrectly answered
Player(name=Gatien, purses=0, place=2, isInPenaltyBox=false, timesGotInPrison=0) was sent to the penalty box
Gatien is the current player
They have rolled a 2
Gatien is not getting out of the penalty box
Question was incorrectly answered
Player(name=Gatien, purses=0, place=2, isInPenaltyBox=true, timesGotInPrison=1) was sent to the penalty box
Gatien is the current player
They have rolled a 2
Gatien is not getting out of the penalty box
Question was incorrectly answered
Player(name=Gatien, purses=0, place=2, isInPenaltyBox=true, timesGotInPrison=1) was sent to the penalty box
Gatien is the current player
They have rolled a 2
Gatien is not getting out of the penalty box
Question was incorrectly answered
Player(name=Gatien, purses=0, place=2, isInPenaltyBox=true, timesGotInPrison=2) was sent to the penalty box
Gatien is the current player
They have rolled a 2
Gatien is not getting out of the penalty box
Question was incorrectly answered
Player(name=Gatien, purses=0, place=2, isInPenaltyBox=true, timesGotInPrison=2) was sent to the penalty box
Gatien is the current player
They have rolled a 2
Gatien is not getting out of the penalty box
Question was incorrectly answered
Player(name=Gatien, purses=0, place=2, isInPenaltyBox=true, timesGotInPrison=3) was sent to the penalty box
Gatien is the current player
They have rolled a 2
Gatien is not getting out of the penalty box
Question was incorrectly answered
Player(name=Gatien, purses=0, place=2, isInPenaltyBox=true, timesGotInPrison=3) was sent to the penalty box
Gatien is the current player
They have rolled a 2
Gatien is not getting out of the penalty box
Question was incorrectly answered
Player(name=Gatien, purses=0, place=2, isInPenaltyBox=true, timesGotInPrison=4) was sent to the penalty box
Gatien is the current player
They have rolled a 2
Gatien is not getting out of the penalty box
Question was incorrectly answered
Player(name=Gatien, purses=0, place=2, isInPenaltyBox=true, timesGotInPrison=4) was sent to the penalty box
Gatien is the current player
They have rolled a 2
Gatien is not getting out of the penalty box
Question was incorrectly answered
Player(name=Gatien, purses=0, place=2, isInPenaltyBox=true, timesGotInPrison=5) was sent to the penalty box
Gatien is the current player
They have rolled a 2
Gatien is not getting out of the penalty box
Question was incorrectly answered
Player(name=Gatien, purses=0, place=2, isInPenaltyBox=true, timesGotInPrison=5) was sent to the penalty box
Gatien is the current player
They have rolled a 2
Gatien is not getting out of the penalty box
Question was incorrectly answered
Player(name=Gatien, purses=0, place=2, isInPenaltyBox=true, timesGotInPrison=6) was sent to the penalty box
Gatien is the current player
They have rolled a 2
Gatien is not getting out of the penalty box
Question was incorrectly answered
Player(name=Gatien, purses=0, place=2, isInPenaltyBox=true, timesGotInPrison=6) was sent to the penalty box
Gatien is the current player
They have rolled a 2
Gatien is not getting out of the penalty box
Question was incorrectly answered
Player(name=Gatien, purses=0, place=2, isInPenaltyBox=true, timesGotInPrison=7) was sent to the penalty box
Gatien is the current player
They have rolled a 2
Gatien is not getting out of the penalty box
Question was incorrectly answered
Player(name=Gatien, purses=0, place=2, isInPenaltyBox=true, timesGotInPrison=7) was sent to the penalty box
Gatien is the current player
They have rolled a 2
Gatien is not getting out of the penalty box
Question was incorrectly answered
Player(name=Gatien, purses=0, place=2, isInPenaltyBox=true, timesGotInPrison=8) was sent to the penalty box
Gatien is the current player
They have rolled a 2
Gatien is not getting out of the penalty box
Question was incorrectly answered
Player(name=Gatien, purses=0, place=2, isInPenaltyBox=true, timesGotInPrison=8) was sent to the penalty box
Gatien is the current player
They have rolled a 2
Gatien is not getting out of the penalty box
Question was incorrectly answered
Player(name=Gatien, purses=0, place=2, isInPenaltyBox=true, timesGotInPrison=9) was sent to the penalty box
Gatien is the current player
They have rolled a 2
Gatien is not getting out of the penalty box
Question was incorrectly answered
Player(name=Gatien, purses=0, place=2, isInPenaltyBox=true, timesGotInPrison=9) was sent to the penalty box
Gatien is the current player
They have rolled a 2
Gatien is not getting out of the penalty box
Question was incorrectly answered
Player(name=Gatien, purses=0, place=2, isInPenaltyBox=true, timesGotInPrison=10) was sent to the penalty box
Gatien is the current player
They have rolled a 2
Gatien is not getting out of the penalty box
Question was incorrectly answered
Player(name=Gatien, purses=0, place=2, isInPenaltyBox=true, timesGotInPrison=10) was sent to the penalty box
Gatien is the current player
They have rolled a 2
Gatien is not getting out of the penalty box
Question was incorrectly answered
Player(name=Gatien, purses=0, place=2, isInPenaltyBox=true, timesGotInPrison=11) was sent to the penalty box
Gatien is the current player
They have rolled a 2
Gatien is not getting out of the penalty box
Question was incorrectly answered
Player(name=Gatien, purses=0, place=2, isInPenaltyBox=true, timesGotInPrison=11) was sent to the penalty box
Gatien is the current player
They have rolled a 2
Gatien is not getting out of the penalty box
Question was incorrectly answered
Player(name=Gatien, purses=0, place=2, isInPenaltyBox=true, timesGotInPrison=12) was sent to the penalty box
Gatien is the current player
They have rolled a 2
Gatien is not getting out of the penalty box
Question was incorrectly answered
Player(name=Gatien, purses=0, place=2, isInPenaltyBox=true, timesGotInPrison=12) was sent to the penalty box
Gatien is the current player
They have rolled a 2
Gatien is not getting out of the penalty box
Question was incorrectly answered
Player(name=Gatien, purses=0, place=2, isInPenaltyBox=true, timesGotInPrison=13) was sent to the penalty box
Gatien is the current player
They have rolled a 2
Gatien is not getting out of the penalty box
Question was incorrectly answered
Player(name=Gatien, purses=0, place=2, isInPenaltyBox=true, timesGotInPrison=13) was sent to the penalty box
Gatien is the current player
They have rolled a 2
Gatien is not getting out of the penalty box
Question was incorrectly answered
Player(name=Gatien, purses=0, place=2, isInPenaltyBox=true, timesGotInPrison=14) was sent to the penalty box
Gatien is the current player
They have rolled a 2
Gatien is not getting out of the penalty box
Question was incorrectly answered
Player(name=Gatien, purses=0, place=2, isInPenaltyBox=true, timesGotInPrison=14) was sent to the penalty box
Gatien is the current player
They have rolled a 2
Gatien is not getting out of the penalty box
Question was incorrectly answered
Player(name=Gatien, purses=0, place=2, isInPenaltyBox=true, timesGotInPrison=15) was sent to the penalty box
Gatien is the current player
They have rolled a 2
Gatien is not getting out of the penalty box
Question was incorrectly answered
Player(name=Gatien, purses=0, place=2, isInPenaltyBox=true, timesGotInPrison=15) was sent to the penalty box
Gatien is the current player
They have rolled a 2
Gatien is not getting out of the penalty box
Question was incorrectly answered
Player(name=Gatien, purses=0, place=2, isInPenaltyBox=true, timesGotInPrison=16) was sent to the penalty box
Gatien is the current player
They have rolled a 2
Gatien is not getting out of the penalty box
Question was incorrectly answered
Player(name=Gatien, purses=0, place=2, isInPenaltyBox=true, timesGotInPrison=16) was sent to the penalty box
Gatien is the current player
They have rolled a 2
Gatien is not getting out of the penalty box
Question was incorrectly answered
Player(name=Gatien, purses=0, place=2, isInPenaltyBox=true, timesGotInPrison=17) was sent to the penalty box
Gatien is the current player
They have rolled a 2
Gatien is not getting out of the penalty box
Question was incorrectly answered
Player(name=Gatien, purses=0, place=2, isInPenaltyBox=true, timesGotInPrison=17) was sent to the penalty box
Gatien is the current player
They have rolled a 2
Gatien is not getting out of the penalty box
Question was incorrectly answered
Player(name=Gatien, purses=0, place=2, isInPenaltyBox=true, timesGotInPrison=18) was sent to the penalty box
Gatien is the current player
They have rolled a 2
Gatien is not getting out of the penalty box
Question was incorrectly answered
Player(name=Gatien, purses=0, place=2, isInPenaltyBox=true, timesGotInPrison=18) was sent to the penalty box
Gatien is the current player
They have rolled a 2
Gatien is not getting out of the penalty box
Question was incorrectly answered
Player(name=Gatien, purses=0, place=2, isInPenaltyBox=true, timesGotInPrison=19) was sent to the penalty box
Gatien is the current player
They have rolled a 2
Gatien is not getting out of the penalty box
Question was incorrectly answered
Player(name=Gatien, purses=0, place=2, isInPenaltyBox=true, timesGotInPrison=19) was sent to the penalty box
Gatien is the current player
They have rolled a 2
Gatien is not getting out of the penalty box
Question was incorrectly answered
Player(name=Gatien, purses=0, place=2, isInPenaltyBox=true, timesGotInPrison=20) was sent to the penalty box
Gatien is the current player
They have rolled a 2
Gatien is not getting out of the penalty box
Question was incorrectly answered
Player(name=Gatien, purses=0, place=2, isInPenaltyBox=true, timesGotInPrison=20) was sent to the penalty box
Gatien is the current player
They have rolled a 2
Gatien is not getting out of the penalty box
Question was incorrectly answered
Player(name=Gatien, purses=0, place=2, isInPenaltyBox=true, timesGotInPrison=21) was sent to the penalty box
Gatien is the current player
They have rolled a 2
Gatien is not getting out of the penalty box
Question was incorrectly answered
Player(name=Gatien, purses=0, place=2, isInPenaltyBox=true, timesGotInPrison=21) was sent to the penalty box
Gatien is the current player
They have rolled a 2
Gatien is not getting out of the penalty box
Question was incorrectly answered
Player(name=Gatien, purses=0, place=2, isInPenaltyBox=true, timesGotInPrison=22) was sent to the penalty box
Gatien is the current player
They have rolled a 2
Gatien is not getting out of the penalty box
Question was incorrectly answered
Player(name=Gatien, purses=0, place=2, isInPenaltyBox=true, timesGotInPrison=22) was sent to the penalty box
Gatien is the current player
They have rolled a 2
Gatien is not getting out of the penalty box
Question was incorrectly answered
Player(name=Gatien, purses=0, place=2, isInPenaltyBox=true, timesGotInPrison=23) was sent to the penalty box
Gatien is the current player
They have rolled a 2
Gatien is not getting out of the penalty box
Question was incorrectly answered
Player(name=Gatien, purses=0, place=2, isInPenaltyBox=true, timesGotInPrison=23) was sent to the penalty box
Gatien is the current player
They have rolled a 2
Gatien is not getting out of the penalty box
Question was incorrectly answered
Player(name=Gatien, purses=0, place=2, isInPenaltyBox=true, timesGotInPrison=24) was sent to the penalty box
Gatien is the current player
They have rolled a 2
Gatien is not getting out of the penalty box
Question was incorrectly answered
Player(name=Gatien, purses=0, place=2, isInPenaltyBox=true, timesGotInPrison=24) was sent to the penalty box
Gatien is the current player
They have rolled a 2
Gatien is not getting out of the penalty box
Question was incorrectly answered
Player(name=Gatien, purses=0, place=2, isInPenaltyBox=true, timesGotInPrison=25) was sent to the penalty box
Gatien is the current player
They have rolled a 2
Gatien is not getting out of the penalty box
Question was incorrectly answered
Player(name=Gatien, purses=0, place=2, isInPenaltyBox=true, timesGotInPrison=25) was sent to the penalty box
Gatien is the current player
They have rolled a 2
Gatien is not getting out of the penalty box
Question was incorrectly answered
Player(name=Gatien, purses=0, place=2, isInPenaltyBox=true, timesGotInPrison=26) was sent to the penalty box
Gatien is the current player
They have rolled a 2
Gatien is not getting out of the penalty box
Question was incorrectly answered
Player(name=Gatien, purses=0, place=2, isInPenaltyBox=true, timesGotInPrison=26) was sent to the penalty box
Gatien is the current player
They have rolled a 2
Gatien is not getting out of the penalty box
Question was incorrectly answered
Player(name=Gatien, purses=0, place=2, isInPenaltyBox=true, timesGotInPrison=27) was sent to the penalty box
Gatien is the current player
They have rolled a 2
Gatien is not getting out of the penalty box
Question was incorrectly answered
Player(name=Gatien, purses=0, place=2, isInPenaltyBox=true, timesGotInPrison=27) was sent to the penalty box
Gatien is the current player
They have rolled a 2
Gatien is not getting out of the penalty box
Question was incorrectly answered
Player(name=Gatien, purses=0, place=2, isInPenaltyBox=true, timesGotInPrison=28) was sent to the penalty box
Gatien is the current player
They have rolled a 2
Gatien is not getting out of the penalty box
Question was incorrectly answered
Player(name=Gatien, purses=0, place=2, isInPenaltyBox=true, timesGotInPrison=28) was sent to the penalty box
Gatien is the current player
They have rolled a 2
Gatien is not getting out of the penalty box
Question was incorrectly answered
Player(name=Gatien, purses=0, place=2, isInPenaltyBox=true, timesGotInPrison=29) was sent to the penalty box
Gatien is the current player
They have rolled a 2
Gatien is not getting out of the penalty box
Question was incorrectly answered
Player(name=Gatien, purses=0, place=2, isInPenaltyBox=true, timesGotInPrison=29) was sent to the penalty box
Gatien is the current player
They have rolled a 2
Gatien is not getting out of the penalty box
Question was incorrectly answered
Player(name=Gatien, purses=0, place=2, isInPenaltyBox=true, timesGotInPrison=30) was sent to the penalty box
Gatien is the current player
They have rolled a 2
Gatien is not getting out of the penalty box
Question was incorrectly answered
Player(name=Gatien, purses=0, place=2, isInPenaltyBox=true, timesGotInPrison=30) was sent to the penalty box
Gatien is the current player
They have rolled a 2
Gatien is not getting out of the penalty box
Question was incorrectly answered
Player(name=Gatien, purses=0, place=2, isInPenaltyBox=true, timesGotInPrison=31) was sent to the penalty box
Gatien is the current player
They have rolled a 2
Gatien is not getting out of the penalty box
Question was incorrectly answered
Player(name=Gatien, purses=0, place=2, isInPenaltyBox=true, timesGotInPrison=31) was sent to the penalty box
Gatien is the current player
They have rolled a 2
Gatien is not getting out of the penalty box
Question was incorrectly answered
Player(name=Gatien, purses=0, place=2, isInPenaltyBox=true, timesGotInPrison=32) was sent to the penalty box
Gatien is the current player
They have rolled a 2
Gatien is not getting out of the penalty box
Question was incorrectly answered
Player(name=Gatien, purses=0, place=2, isInPenaltyBox=true, timesGotInPrison=32) was sent to the penalty box
Gatien is the current player
They have rolled a 2
Gatien is not getting out of the penalty box
Question was incorrectly answered
Player(name=Gatien, purses=0, place=2, isInPenaltyBox=true, timesGotInPrison=33) was sent to the penalty box
Gatien is the current player
They have rolled a 2
Gatien is not getting out of the penalty box
Question was incorrectly answered
Player(name=Gatien, purses=0, place=2, isInPenaltyBox=true, timesGotInPrison=33) was sent to the penalty box
Gatien is the current player
They have rolled a 2
Gatien is not getting out of the penalty box
Question was incorrectly answered
Player(name=Gatien, purses=0, place=2, isInPenaltyBox=true, timesGotInPrison=34) was sent to the penalty box
Gatien is the current player
They have rolled a 2
Gatien is not getting out of the penalty box
Question was incorrectly answered
Player(name=Gatien, purses=0, place=2, isInPenaltyBox=true, timesGotInPrison=34) was sent to the penalty box
Gatien is the current player
They have rolled a 2
Gatien is not getting out of the penalty box
Question was incorrectly answered
Player(name=Gatien, purses=0, place=2, isInPenaltyBox=true, timesGotInPrison=35) was sent to the penalty box
Gatien is the current player
They have rolled a 2
Gatien is not getting out of the penalty box
Question was incorrectly answered
Player(name=Gatien, purses=0, place=2, isInPenaltyBox=true, timesGotInPrison=35) was sent to the penalty box
Gatien is the current player
They have rolled a 2
Gatien is not getting out of the penalty box
Question was incorrectly answered
Player(name=Gatien, purses=0, place=2, isInPenaltyBox=true, timesGotInPrison=36) was sent to the penalty box
Gatien is the current player
They have rolled a 2
Gatien is not getting out of the penalty box
Question was incorrectly answered
Player(name=Gatien, purses=0, place=2, isInPenaltyBox=true, timesGotInPrison=36) was sent to the penalty box
Gatien is the current player
They have rolled a 2
Gatien is not getting out of the penalty box
Question was incorrectly answered
Player(name=Gatien, purses=0, place=2, isInPenaltyBox=true, timesGotInPrison=37) was sent to the penalty box
Gatien is the current player
They have rolled a 2
Gatien is not getting out of the penalty box
Question was incorrectly answered
Player(name=Gatien, purses=0, place=2, isInPenaltyBox=true, timesGotInPrison=37) was sent to the penalty box
Gatien is the current player
They have rolled a 2
Gatien is not getting out of the penalty box
Question was incorrectly answered
Player(name=Gatien, purses=0, place=2, isInPenaltyBox=true, timesGotInPrison=38) was sent to the penalty box
Gatien is the current player
They have rolled a 2
Gatien is not getting out of the penalty box
Question was incorrectly answered
Player(name=Gatien, purses=0, place=2, isInPenaltyBox=true, timesGotInPrison=38) was sent to the penalty box
Gatien is the current player
They have rolled a 2
Gatien is not getting out of the penalty box
Question was incorrectly answered
Player(name=Gatien, purses=0, place=2, isInPenaltyBox=true, timesGotInPrison=39) was sent to the penalty box
Gatien is the current player
They have rolled a 2
Gatien is not getting out of the penalty box
Question was incorrectly answered
Player(name=Gatien, purses=0, place=2, isInPenaltyBox=true, timesGotInPrison=39) was sent to the penalty box
Gatien is the current player
They have rolled a 2
Gatien is not getting out of the penalty box
Question was incorrectly answered
Player(name=Gatien, purses=0, place=2, isInPenaltyBox=true, timesGotInPrison=40) was sent to the penalty box
Gatien is the current player
They have rolled a 2
Gatien is not getting out of the penalty box
Question was incorrectly answered
Player(name=Gatien, purses=0, place=2, isInPenaltyBox=true, timesGotInPrison=40) was sent to the penalty box
Gatien is the current player
They have rolled a 2
Gatien is not getting out of the penalty box
Question was incorrectly answered
Player(name=Gatien, purses=0, place=2, isInPenaltyBox=true, timesGotInPrison=41) was sent to the penalty box
Gatien is the current player
They have rolled a 2
Gatien is not getting out of the penalty box
Question was incorrectly answered
Player(name=Gatien, purses=0, place=2, isInPenaltyBox=true, timesGotInPrison=41) was sent to the penalty box
Gatien is the current player
They have rolled a 2
Gatien is not getting out of the penalty box
Question was incorrectly answered
Player(name=Gatien, purses=0, place=2, isInPenaltyBox=true, timesGotInPrison=42) was sent to the penalty box
Gatien is the current player
They have rolled a 2
Gatien is not getting out of the penalty box
Question was incorrectly answered
Player(name=Gatien, purses=0, place=2, isInPenaltyBox=true, timesGotInPrison=42) was sent to the penalty box
Gatien is the current player
They have rolled a 2
Gatien is not getting out of the penalty box
Question was incorrectly answered
Player(name=Gatien, purses=0, place=2, isInPenaltyBox=true, timesGotInPrison=43) was sent to the penalty box
Gatien is the current player
They have rolled a 2
Gatien is not getting out of the penalty box
Question was incorrectly answered
Player(name=Gatien, purses=0, place=2, isInPenaltyBox=true, timesGotInPrison=43) was sent to the penalty box
Gatien is the current player
They have rolled a 2
Gatien is not getting out of the penalty box
Question was incorrectly answered
Player(name=Gatien, purses=0, place=2, isInPenaltyBox=true, timesGotInPrison=44) was sent to the penalty box
Gatien is the current player
They have rolled a 2
Gatien is not getting out of the penalty box
Question was incorrectly answered
Player(name=Gatien, purses=0, place=2, isInPenaltyBox=true, timesGotInPrison=44) was sent to the penalty box
Gatien is the current player
They have rolled a 2
Gatien is not getting out of the penalty box
Question was incorrectly answered
Player(name=Gatien, purses=0, place=2, isInPenaltyBox=true, timesGotInPrison=45) was sent to the penalty box
Gatien is the current player
They have rolled a 2
Gatien is not getting out of the penalty box
Question was incorrectly answered
Player(name=Gatien, purses=0, place=2, isInPenaltyBox=true, timesGotInPrison=45) was sent to the penalty box
Gatien is the current player
They have rolled a 2
Gatien is not getting out of the penalty box
Question was incorrectly answered
Player(name=Gatien, purses=0, place=2, isInPenaltyBox=true, timesGotInPrison=46) was sent to the penalty box
Gatien is the current player
They have rolled a 2
Gatien is not getting out of the penalty box
Question was incorrectly answered
Player(name=Gatien, purses=0, place=2, isInPenaltyBox=true, timesGotInPrison=46) was sent to the penalty box
Gatien is the current player
They have rolled a 2
Gatien is not getting out of the penalty box
Question was incorrectly answered
Player(name=Gatien, purses=0, place=2, isInPenaltyBox=true, timesGotInPrison=47) was sent to the penalty box
Gatien is the current player
They have rolled a 2
Gatien is not getting out of the penalty box
Question was incorrectly answered
Player(name=Gatien, purses=0, place=2, isInPenaltyBox=true, timesGotInPrison=47) was sent to the penalty box
Gatien is the current player
They have rolled a 2
Gatien is not getting out of the penalty box
Question was incorrectly answered
Player(name=Gatien, purses=0, place=2, isInPenaltyBox=true, timesGotInPrison=48) was sent to the penalty box
Gatien is the current player
They have rolled a 2
Gatien is not getting out of the penalty box
Question was incorrectly answered
Player(name=Gatien, purses=0, place=2, isInPenaltyBox=true, timesGotInPrison=48) was sent to the penalty box
Gatien is the current player
They have rolled a 2
Gatien is not getting out of the penalty box
Question was incorrectly answered
Player(name=Gatien, purses=0, place=2, isInPenaltyBox=true, timesGotInPrison=49) was sent to the penalty box
Gatien is the current player
They have rolled a 2
Gatien is not getting out of the penalty box
Question was incorrectly answered
Player(name=Gatien, purses=0, place=2, isInPenaltyBox=true, timesGotInPrison=49) was sent to the penalty box
Gatien is the current player
They have rolled a 2
Gatien is not getting out of the penalty box
Question was incorrectly answered
Player(name=Gatien, purses=0, place=2, isInPenaltyBox=true, timesGotInPrison=50) was sent to the penalty box
Gatien is the current player
They have rolled a 2
Gatien is not getting out of the penalty box
Question was incorrectly answered
Player(name=Gatien, purses=0, place=2, isInPenaltyBox=true, timesGotInPrison=50) was sent to the penalty box
Gatien is the current player
They have rolled a 2
Gatien is not getting out of the penalty box
Question was incorrectly answered
Player(name=Gatien, purses=0, place=2, isInPenaltyBox=true, timesGotInPrison=51) was sent to the penalty box
Gatien is the current player
They have rolled a 2
Gatien is not getting out of the penalty box
Question was incorrectly answered
Player(name=Gatien, purses=0, place=2, isInPenaltyBox=true, timesGotInPrison=51) was sent to the penalty box
Gatien is the current player
They have rolled a 2
Gatien is not getting out of the penalty box
Question was incorrectly answered
Player(name=Gatien, purses=0, place=2, isInPenaltyBox=true, timesGotInPrison=52) was sent to the penalty box
Gatien is the current player
They have rolled a 2
Gatien is not getting out of the penalty box
Question was incorrectly answered
Player(name=Gatien, purses=0, place=2, isInPenaltyBox=true, timesGotInPrison=52) was sent to the penalty box
Gatien is the current player
They have rolled a 2
Gatien is not getting out of the penalty box
Question was incorrectly answered
Player(name=Gatien, purses=0, place=2, isInPenaltyBox=true, timesGotInPrison=53) was sent to the penalty box
Gatien is the current player
They have rolled a 2
Gatien is not getting out of the penalty box
Question was incorrectly answered
Player(name=Gatien, purses=0, place=2, isInPenaltyBox=true, timesGotInPrison=53) was sent to the penalty box
Gatien is the current player
They have rolled a 2
Gatien is not getting out of the penalty box
Question was incorrectly answered
Player(name=Gatien, purses=0, place=2, isInPenaltyBox=true, timesGotInPrison=54) was sent to the penalty box
Gatien is the current player
They have rolled a 2
Gatien is not getting out of the penalty box
Question was incorrectly answered
Player(name=Gatien, purses=0, place=2, isInPenaltyBox=true, timesGotInPrison=54) was sent to the penalty box
Gatien is the current player
They have rolled a 2
Gatien is not getting out of the penalty box
Question was incorrectly answered
Player(name=Gatien, purses=0, place=2, isInPenaltyBox=true, timesGotInPrison=55) was sent to the penalty box
Gatien is the current player
They have rolled a 2
Gatien is not getting out of the penalty box
Question was incorrectly answered
Player(name=Gatien, purses=0, place=2, isInPenaltyBox=true, timesGotInPrison=55) was sent to the penalty box
Gatien is the current player
They have rolled a 2
Gatien is not getting out of the penalty box
Question was incorrectly answered
Player(name=Gatien, purses=0, place=2, isInPenaltyBox=true, timesGotInPrison=56) was sent to the penalty box
Gatien is the current player
They have rolled a 2
Gatien is not getting out of the penalty box
Question was incorrectly answered
Player(name=Gatien, purses=0, place=2, isInPenaltyBox=true, timesGotInPrison=56) was sent to the penalty box
Gatien is the current player
They have rolled a 2
Gatien is not getting out of the penalty box
Question was incorrectly answered
[...]
Question was incorrectly answered
Player(name=Gatien, purses=0, place=2, isInPenaltyBox=true, timesGotInPrison=653) was sent to the penalty box
Gatien is the current player
They have rolled a 2
Gatien is not getting out of the penalty box
Question was incorrectly answered
Player(name=Gatien, purses=0, place=2, isInPenaltyBox=true, timesGotInPrison=654) was sent to the penalty box
Gatien is the current player
They have rolled a 2
Gatien is not getting out of the penalty box
Question was incorrectly answered
Player(name=Gatien, purses=0, place=2, isInPenaltyBox=true, timesGotInPrison=654) was sent to the penalty box
Gatien is the current player
They have rolled a 2
Gatien is not getting out of the penalty box
Question was incorrectly answered
Player(name=Gatien, purses=0, place=2, isInPenaltyBox=true, timesGotInPrison=655) was sent to the penalty box
Gatien is the current player
They have rolled a 2
Gatien is not getting out of the penalty box
Question was incorrectly answered
Player(name=Gatien, purses=0, place=2, isInPenaltyBox=true, timesGotInPrison=655) was sent to the penalty box
Gatien is the current player
They have rolled a 2
Gatien is not getting out of the penalty box
Question was incorrectly answered
Player(name=Gatien, purses=0, place=2, isInPenaltyBox=true, timesGotInPrison=656) was sent to the penalty box
Gatien is the current player
They have rolled a 2
Gatien is not getting out of the penalty box
Question was incorrectly answered
Player(name=Gatien, purses=0, place=2, isInPenaltyBox=true, timesGotInPrison=656) was sent to the penalty box
Gatien is the current player
They have rolled a 2
Gatien is not getting out of the penalty box
Question was incorrectly answered
Player(name=Gatien, purses=0, place=2, isInPenaltyBox=true, timesGotInPrison=657) was sent to the penalty box
Gatien is the current player
They have rolled a 2
Gatien is not getting out of the penalty box
Question was incorrectly answered
Player(name=Gatien, purses=0, place=2, isInPenaltyBox=true, timesGotInPrison=657) was sent to the penalty box
Gatien is the current player
They have rolled a 2
Gatien is not getting out of the penalty box
Question was incorrectly answered
Player(name=Gatien, purses=0, place=2, isInPenaltyBox=true, timesGotInPrison=658) was sent to the penalty box
Gatien is the current player
They have rolled a 2
Gatien is not getting out of the penalty box
Question was incorrectly answered
Player(name=Gatien, purses=0, place=2, isInPenaltyBox=true, timesGotInPrison=658) was sent to the penalty box
Gatien is the current player
They have rolled a 2
Gatien is not getting out of the penalty box
Question was incorrectly answered
Player(name=Gatien, purses=0, place=2, isInPenaltyBox=true, timesGotInPrison=659) was sent to the penalty box
Gatien is the current player
They have rolled a 2
Gatien is not getting out of the penalty box
Question was incorrectly answered
Player(name=Gatien, purses=0, place=2, isInPenaltyBox=true, timesGotInPrison=659) was sent to the penalty box
Gatien is the current player
They have rolled a 2
Gatien is not getting out of the penalty box
Question was incorrectly answered
Player(name=Gatien, purses=0, place=2, isInPenaltyBox=true, timesGotInPrison=660) was sent to the penalty box
Gatien is the current player
They have rolled a 2
Gatien is not getting out of the penalty box
Question was incorrectly answered
Player(name=Gatien, purses=0, place=2, isInPenaltyBox=true, timesGotInPrison=660) was sent to the penalty box
Gatien is the current player
They have rolled a 2
Gatien is not getting out of the penalty box
Question was incorrectly answered
Player(name=Gatien, purses=0, place=2, isInPenaltyBox=true, timesGotInPrison=661) was sent to the penalty box
Gatien is the current player
They have rolled a 2
Gatien is not getting out of the penalty box
Question was incorrectly answered
Player(name=Gatien, purses=0, place=2, isInPenaltyBox=true, timesGotInPrison=661) was sent to the penalty box
Gatien is the current player
They have rolled a 2
Gatien is not getting out of the penalty box
Question was incorrectly answered
Player(name=Gatien, purses=0, place=2, isInPenaltyBox=true, timesGotInPrison=662) was sent to the penalty box
Gatien is the current player
They have rolled a 2
Gatien is not getting out of the penalty box
Question was incorrectly answered
Player(name=Gatien, purses=0, place=2, isInPenaltyBox=true, timesGotInPrison=662) was sent to the penalty box
Gatien is the current player
They have rolled a 2
Gatien is not getting out of the penalty box
Question was incorrectly answered
Player(name=Gatien, purses=0, place=2, isInPenaltyBox=true, timesGotInPrison=663) was sent to the penalty box
Gatien is the current player
They have rolled a 2
Gatien is not getting out of the penalty box
Question was incorrectly answered
Player(name=Gatien, purses=0, place=2, isInPenaltyBox=true, timesGotInPrison=663) was sent to the penalty box
Gatien is the current player
They have rolled a 2
Gatien is not getting out of the penalty box
Question was incorrectly answered
Player(name=Gatien, purses=0, place=2, isInPenaltyBox=true, timesGotInPrison=664) was sent to the penalty box
Gatien is the current player
They have rolled a 2
Gatien is not getting out of the penalty box
Question was incorrectly answered
Player(name=Gatien, purses=0, place=2, isInPenaltyBox=true, timesGotInPrison=664) was sent to the penalty box
Gatien is the current player
They have rolled a 2
Gatien is not getting out of the penalty box
Question was incorrectly answered
Player(name=Gatien, purses=0, place=2, isInPenaltyBox=true, timesGotInPrison=665) was sent to the penalty box
Gatien is the current player
They have rolled a 2
Gatien is not getting out of the penalty box
Question was incorrectly answered
Player(name=Gatien, purses=0, place=2, isInPenaltyBox=true, timesGotInPrison=665) was sent to the penalty box
Gatien is the current player
They have rolled a 2
Gatien is not getting out of the penalty box
Question was incorrectly answered
Player(name=Gatien, purses=0, place=2, isInPenaltyBox=true, timesGotInPrison=666) was sent to the penalty box
Gatien is the current player
They have rolled a 2
Gatien is not getting out of the penalty box
Question was incorrectly answered
Player(name=Gatien, purses=0, place=2, isInPenaltyBox=true, timesGotInPrison=666) was sent to the penalty box
Gatien is the current player
They have rolled a 2
Gatien is not getting out of the penalty box
Question was incorrectly answered
Player(name=Gatien, purses=0, place=2, isInPenaltyBox=true, timesGotInPrison=667) was sent to the penalty box
Gatien is the current player
They have rolled a 2
Gatien is not getting out of the penalty box
Question was incorrectly answered
Player(name=Gatien, purses=0, place=2, isInPenaltyBox=true, timesGotInPrison=667) was sent to the penalty box
Gatien is the current player
They have rolled a 2
Gatien is not getting out of the penalty box
Question was incorrectly answered
Player(name=Gatien, purses=0, place=2, isInPenaltyBox=true, timesGotInPrison=668) was sent to the penalty box
Gatien is the current player
They have rolled a 2
Gatien is not getting out of the penalty box
Question was incorrectly answered
Player(name=Gatien, purses=0, place=2, isInPenaltyBox=true, timesGotInPrison=668) was sent to the penalty box
Gatien is the current player
They have rolled a 2
Gatien is not getting out of the penalty box
Question was incorrectly answered
Player(name=Gatien, purses=0, place=2, isInPenaltyBox=true, timesGotInPrison=669) was sent to the penalty box
Gatien is the current player
They have rolled a 2
Gatien is not getting out of the penalty box
Question was incorrectly answered
Player(name=Gatien, purses=0, place=2, isInPenaltyBox=true, timesGotInPrison=669) was sent to the penalty box
Gatien is the current player
They have rolled a 2
Gatien is not getting out of the penalty box
Question was incorrectly answered
Player(name=Gatien, purses=0, place=2, isInPenaltyBox=true, timesGotInPrison=670) was sent to the penalty box
Gatien is the current player
They have rolled a 2
Gatien is not getting out of the penalty box
Question was incorrectly answered
Player(name=Gatien, purses=0, place=2, isInPenaltyBox=true, timesGotInPrison=670) was sent to the penalty box
Gatien is the current player
They have rolled a 2
Gatien is not getting out of the penalty box
Question was incorrectly answered
Player(name=Gatien, purses=0, place=2, isInPenaltyBox=true, timesGotInPrison=671) was sent to the penalty box
Gatien is the current player
They have rolled a 2
Gatien is not getting out of the penalty box
Question was incorrectly answered
Player(name=Gatien, purses=0, place=2, isInPenaltyBox=true, timesGotInPrison=671) was sent to the penalty box
Gatien is the current player
They have rolled a 2
Gatien is not getting out of the penalty box
Question was incorrectly answered
Player(name=Gatien, purses=0, place=2, isInPenaltyBox=true, timesGotInPrison=672) was sent to the penalty box
Gatien is the current player
They have rolled a 2
Gatien is not getting out of the penalty box
Question was incorrectly answered
Player(name=Gatien, purses=0, place=2, isInPenaltyBox=true, timesGotInPrison=672) was sent to the penalty box
Gatien is the current player
They have rolled a 2
Gatien is not getting out of the penalty box
Question was incorrectly answered
Player(name=Gatien, purses=0, place=2, isInPenaltyBox=true, timesGotInPrison=673) was sent to the penalty box
Gatien is the current player
They have rolled a 2
Gatien is not getting out of the penalty box
Question was incorrectly answered
Player(name=Gatien, purses=0, place=2, isInPenaltyBox=true, timesGotInPrison=673) was sent to the penalty box
Gatien is the current player
They have rolled a 2
Gatien is not getting out of the penalty box
Question was incorrectly answered
Player(name=Gatien, purses=0, place=2, isInPenaltyBox=true, timesGotInPrison=674) was sent to the penalty box
Gatien is the current player
They have rolled a 2
Gatien is not getting out of the penalty box
Question was incorrectly answered
Player(name=Gatien, purses=0, place=2, isInPenaltyBox=true, timesGotInPrison=674) was sent to the penalty box
Gatien is the current player
They have rolled a 2
Gatien is not getting out of the penalty box
Question was incorrectly answered
Player(name=Gatien, purses=0, place=2, isInPenaltyBox=true, timesGotInPrison=675) was sent to the penalty box
Gatien is the current player
They have rolled a 2
Gatien is not getting out of the penalty box
Question was incorrectly answered
Player(name=Gatien, purses=0, place=2, isInPenaltyBox=true, timesGotInPrison=675) was sent to the penalty box
Gatien is the current player
They have rolled a 2
Gatien is not getting out of the penalty box
Question was incorrectly answered
Player(name=Gatien, purses=0, place=2, isInPenaltyBox=true, timesGotInPrison=676) was sent to the penalty box
Gatien is the current player
They have rolled a 2
Gatien is not getting out of the penalty box
Question was incorrectly answered
Player(name=Gatien, purses=0, place=2, isInPenaltyBox=true, timesGotInPrison=676) was sent to the penalty box
Gatien is the current player
They have rolled a 2
Gatien is not getting out of the penalty box
Question was incorrectly answered
Player(name=Gatien, purses=0, place=2, isInPenaltyBox=true, timesGotInPrison=677) was sent to the penalty box
Gatien is the current player
They have rolled a 2
Gatien is not getting out of the penalty box
Question was incorrectly answered
Player(name=Gatien, purses=0, place=2, isInPenaltyBox=true, timesGotInPrison=677) was sent to the penalty box
Gatien is the current player
They have rolled a 2
Gatien is not getting out of the penalty box
Question was incorrectly answered
Player(name=Gatien, purses=0, place=2, isInPenaltyBox=true, timesGotInPrison=678) was sent to the penalty box
Gatien is the current player
They have rolled a 2
Gatien is not getting out of the penalty box
Question was incorrectly answered
Player(name=Gatien, purses=0, place=2, isInPenaltyBox=true, timesGotInPrison=678) was sent to the penalty box
Gatien is the current player
They have rolled a 2
Gatien is not getting out of the penalty box
Question was incorrectly answered
Player(name=Gatien, purses=0, place=2, isInPenaltyBox=true, timesGotInPrison=679) was sent to the penalty box
Gatien is the current player
They have rolled a 2
Gatien is not getting out of the penalty box
Question was incorrectly answered
Player(name=Gatien, purses=0, place=2, isInPenaltyBox=true, timesGotInPrison=679) was sent to the penalty box
Gatien is the current player
They have rolled a 2
Gatien is not getting out of the penalty box
Question was incorrectly answered
Player(name=Gatien, purses=0, place=2, isInPenaltyBox=true, timesGotInPrison=680) was sent to the penalty box
Gatien is the current player
They have rolled a 2
Gatien is not getting out of the penalty box
Question was incorrectly answered
Player(name=Gatien, purses=0, place=2, isInPenaltyBox=true, timesGotInPrison=680) was sent to the penalty box
Gatien is the current player
They have rolled a 2
Gatien is not getting out of the penalty box
Question was incorrectly answered
Player(name=Gatien, purses=0, place=2, isInPenaltyBox=true, timesGotInPrison=681) was sent to the penalty box
Gatien is the current player
They have rolled a 2
Gatien is not getting out of the penalty box
Question was incorrectly answered
Player(name=Gatien, purses=0, place=2, isInPenaltyBox=true, timesGotInPrison=681) was sent to the penalty box
Gatien is the current player
They have rolled a 2
Gatien is not getting out of the penalty box
Question was incorrectly answered
Player(name=Gatien, purses=0, place=2, isInPenaltyBox=true, timesGotInPrison=682) was sent to the penalty box
Gatien is the current player
They have rolled a 2
Gatien is not getting out of the penalty box
Question was incorrectly answered
Player(name=Gatien, purses=0, place=2, isInPenaltyBox=true, timesGotInPrison=682) was sent to the penalty box
Gatien is the current player
They have rolled a 2
Gatien is not getting out of the penalty box
Question was incorrectly answered
Player(name=Gatien, purses=0, place=2, isInPenaltyBox=true, timesGotInPrison=683) was sent to the penalty box
Gatien is the current player
They have rolled a 2
Gatien is not getting out of the penalty box
Question was incorrectly answered
Player(name=Gatien, purses=0, place=2, isInPenaltyBox=true, timesGotInPrison=683) was sent to the penalty box
Gatien is the current player
They have rolled a 2
Gatien is not getting out of the penalty box
Question was incorrectly answered
Player(name=Gatien, purses=0, place=2, isInPenaltyBox=true, timesGotInPrison=684) was sent to the penalty box
Gatien was added
They are player number 1
Gatien was added
They are player number 2
Gatien is the current player
They have rolled a 4
Gatien's new location is 4
The category is POP
Pop Question 0
Question was incorrectly answered
Player(name=Gatien, purses=0, place=4, isInPenaltyBox=false, timesGotInPrison=0) was sent to the penalty box
Gatien is the current player
They have rolled a 1
Gatien's new location is 1
The category is SCIENCE
Science Question 0
Answer was corrent!!!!
Gatien now has 1 Gold Coins.
Gatien is the current player
They have rolled a 4
Gatien is not getting out of the penalty box
Gatien is the current player
They have rolled a 1
Gatien's new location is 2
The category is SPORT
Sports Question 0
Question was incorrectly answered
Player(name=Gatien, purses=1, place=2, isInPenaltyBox=false, timesGotInPrison=0) was sent to the penalty box
Gatien is the current player
They have rolled a 3
Gatien is getting out of the penalty box
Gatien's new location is 7
The category is ROCK
Rock Question 0
Answer was corrent!!!!
Gatien now has 1 Gold Coins.
Gatien is the current player
They have rolled a 2
Gatien is not getting out of the penalty box
Gatien is the current player
They have rolled a 3
Gatien's new location is 10
The category is SPORT
Sports Question 1
Answer was corrent!!!!
Gatien now has 2 Gold Coins.
Gatien is the current player
They have rolled a 4
Gatien is not getting out of the penalty box
Gatien is the current player
They have rolled a 1
Gatien's new location is 11
The category is ROCK
Rock Question 1
Answer was corrent!!!!
Gatien now has 3 Gold Coins.
Gatien is the current player
They have rolled a 2
Gatien is not getting out of the penalty box
Gatien is the current player
They have rolled a 1
Gatien's new location is 0
The category is POP
Pop Question 1
Answer was corrent!!!!
Gatien now has 4 Gold Coins.
Gatien is the current player
They have rolled a 4
Gatien is not getting out of the penalty box
Question was incorrectly answered
Player(name=Gatien, purses=1, place=2, isInPenaltyBox=true, timesGotInPrison=1) was sent to the penalty box
Gatien is the current player
They have rolled a 4
Gatien's new location is 4
The category is POP
Pop Question 2
Question was incorrectly answered
Player(name=Gatien, purses=4, place=4, isInPenaltyBox=false, timesGotInPrison=1) was sent to the penalty box
Gatien is the current player
They have rolled a 4
Gatien is not getting out of the penalty box
Gatien is the current player
They have rolled a 2
Gatien is not getting out of the penalty box
Gatien is the current player
They have rolled a 4
Gatien is not getting out of the penalty box
Question was incorrectly answered
Player(name=Gatien, purses=1, place=2, isInPenaltyBox=true, timesGotInPrison=2) was sent to the penalty box
Gatien is the current player
They have rolled a 1
Gatien is getting out of the penalty box
Gatien's new location is 5
The category is SCIENCE
Science Question 1
Answer was corrent!!!!
Gatien now has 5 Gold Coins.
Gatien is the current player
They have rolled a 2
Gatien is not getting out of the penalty box
Gatien is the current player
They have rolled a 4
Gatien's new location is 9
The category is SCIENCE
Science Question 2
Answer was corrent!!!!
Gatien now has 6 Gold Coins.
Gatien was added
They are player number 1
Gatien was added
They are player number 2
Gatien is the current player
They have rolled a 4
Gatien's new location is 4
The category is POP
Pop Question 0
Answer was corrent!!!!
Gatien now has 1 Gold Coins.
Gatien is the current player
They have rolled a 3
Gatien's new location is 3
The category is TECHNO
Techno Question 0
Answer was corrent!!!!
Gatien now has 1 Gold Coins.
Gatien is the current player
They have rolled a 2
Gatien's new location is 6
The category is SPORT
Sports Question 0
Answer was corrent!!!!
Gatien now has 2 Gold Coins.
Gatien is the current player
They have rolled a 1
Gatien's new location is 4
The category is POP
Pop Question 1
Answer was corrent!!!!
Gatien now has 2 Gold Coins.
Gatien is the current player
They have rolled a 3
Gatien's new location is 9
The category is SCIENCE
Science Question 0
Answer was corrent!!!!
Gatien now has 3 Gold Coins.
Gatien is the current player
They have rolled a 5
Gatien's new location is 9
The category is SCIENCE
Science Question 1
Answer was corrent!!!!
Gatien now has 3 Gold Coins.
Gatien is the current player
They have rolled a 1
Gatien's new location is 10
The category is SPORT
Sports Question 1
Answer was corrent!!!!
Gatien now has 4 Gold Coins.
Gatien is the current player
They have rolled a 1
Gatien's new location is 10
The category is SPORT
Sports Question 2
Answer was corrent!!!!
Gatien now has 4 Gold Coins.
Gatien is the current player
They have rolled a 2
Gatien's new location is 0
The category is POP
Pop Question 2
Answer was corrent!!!!
Gatien now has 5 Gold Coins.
Gatien is the current player
They have rolled a 4
Gatien's new location is 2
The category is SPORT
Sports Question 3
Answer was corrent!!!!
Gatien now has 5 Gold Coins.
Gatien is the current player
They have rolled a 1
Gatien's new location is 1
The category is SCIENCE
Science Question 2
Answer was corrent!!!!
Gatien now has 6 Gold Coins.
]]></system-out>
  <system-err><![CDATA[]]></system-err>
</testsuite>
