<?xml version="1.0" encoding="UTF-8"?>
<testsuite name="com.adaptionsoft.games.trivia.SomeTest" tests="25" skipped="0" failures="0" errors="0" timestamp="2023-04-14T08:36:53" hostname="macbook-pro-de-clement.home" time="0.24">
  <properties/>
  <testcase name="player should choose next category when loosing()" classname="com.adaptionsoft.games.trivia.SomeTest" time="0.03"/>
  <testcase name="player has 1 divide by X chance to exit jail when X is times he got in jail()" classname="com.adaptionsoft.games.trivia.SomeTest" time="0.022"/>
  <testcase name="player can use joker, doesn't answer and doesn't win gold()" classname="com.adaptionsoft.games.trivia.SomeTest" time="0.003"/>
  <testcase name="player earns X GP when giving X correct answers in a row()" classname="com.adaptionsoft.games.trivia.SomeTest" time="0.002"/>
  <testcase name="after each turn spent in jail, player should have 10 more percent to goes out()" classname="com.adaptionsoft.games.trivia.SomeTest" time="0.022"/>
  <testcase name="game with less than 6 gold should throw()" classname="com.adaptionsoft.games.trivia.SomeTest" time="0.002"/>
  <testcase name="when using expansion pack, specific categories must be played()" classname="com.adaptionsoft.games.trivia.SomeTest" time="0.003"/>
  <testcase name="game should run if player are 2 or more and 6 or less()" classname="com.adaptionsoft.games.trivia.SomeTest" time="0.002"/>
  <testcase name="cannot replay game if no game has been played()" classname="com.adaptionsoft.games.trivia.SomeTest" time="0.0"/>
  <testcase name="should quit prison()" classname="com.adaptionsoft.games.trivia.SomeTest" time="0.027"/>
  <testcase name="game should not run if player are more than 6()" classname="com.adaptionsoft.games.trivia.SomeTest" time="0.032"/>
  <testcase name="questions distribution should be proportional()" classname="com.adaptionsoft.games.trivia.SomeTest" time="0.001"/>
  <testcase name="game should not run if player are less than 2()" classname="com.adaptionsoft.games.trivia.SomeTest" time="0.0"/>
  <testcase name="if number of cells in jail is limited, latest player in jail is freed()" classname="com.adaptionsoft.games.trivia.SomeTest" time="0.037"/>
  <testcase name="player doesn't want to answer the question and leave the game()" classname="com.adaptionsoft.games.trivia.SomeTest" time="0.001"/>
  <testcase name="game with 6 gold should not throw()" classname="com.adaptionsoft.games.trivia.SomeTest" time="0.001"/>
  <testcase name="should stay in prison()" classname="com.adaptionsoft.games.trivia.SomeTest" time="0.0"/>
  <testcase name="game more than 6 gold should not throw()" classname="com.adaptionsoft.games.trivia.SomeTest" time="0.0"/>
  <testcase name="number of questions should be infinite()" classname="com.adaptionsoft.games.trivia.SomeTest" time="0.002"/>
  <testcase name="when NOT using expansion pack, specific categories MUST NOT be played()" classname="com.adaptionsoft.games.trivia.SomeTest" time="0.001"/>
  <testcase name="without replacing category is rock and not techno()" classname="com.adaptionsoft.games.trivia.SomeTest" time="0.0"/>
  <testcase name="game can be replayed()" classname="com.adaptionsoft.games.trivia.SomeTest" time="0.001"/>
  <testcase name="should replace rock by techno()" classname="com.adaptionsoft.games.trivia.SomeTest" time="0.0"/>
  <testcase name="number of cells should be default to unlimited()" classname="com.adaptionsoft.games.trivia.SomeTest" time="0.001"/>
  <testcase name="game should continue while leaderboard is not completed()" classname="com.adaptionsoft.games.trivia.SomeTest" time="0.0"/>
  <system-out><![CDATA[Gatien was added
They are player number 1
Louis was added
They are player number 2
Gatien is the current player
They have rolled a 2
Gatien's new location is 2
The category is SPORT
Sports Question 0
Question was incorrectly answered
Gatien was sent to the penalty box
Louis is the current player
They have rolled a 2
Louis's new location is 2
The category is GEO
Sports Question 1
Question was incorrectly answered
Louis was sent to the penalty box
Gatien is the current player
They have rolled a 2
Gatien has 1/1 chance to exit jail
Gatien has 0% more chance to exit jail with 0 turn in jail
Gatien is not getting out of the penalty box
Question was incorrectly answered
Gatien was sent to the penalty box
Louis is the current player
They have rolled a 2
Louis has 1/1 chance to exit jail
Louis has 0% more chance to exit jail with 0 turn in jail
Louis is not getting out of the penalty box
Question was incorrectly answered
Louis was sent to the penalty box
Gatien is the current player
They have rolled a 2
Gatien has 1/2 chance to exit jail
Gatien has 10% more chance to exit jail with 1 turn in jail
Gatien is not getting out of the penalty box
Question was incorrectly answered
Gatien was sent to the penalty box
Gatien earns a joker after 3 turn in jail
Louis is the current player
They have rolled a 2
Louis has 1/2 chance to exit jail
Louis has 10% more chance to exit jail with 1 turn in jail
Louis is not getting out of the penalty box
Question was incorrectly answered
Louis was sent to the penalty box
Louis earns a joker after 3 turn in jail
Gatien is the current player
They have rolled a 2
Gatien has 1/3 chance to exit jail
Gatien has 20% more chance to exit jail with 2 turn in jail
Gatien is not getting out of the penalty box
Louis is the current player
They have rolled a 2
Louis has 1/3 chance to exit jail
Louis has 20% more chance to exit jail with 2 turn in jail
Louis is not getting out of the penalty box
Gatien is the current player
They have rolled a 2
Gatien has 1/3 chance to exit jail
Gatien has 30% more chance to exit jail with 3 turn in jail
Gatien is not getting out of the penalty box
Question was incorrectly answered
Gatien was sent to the penalty box
Louis is the current player
They have rolled a 2
Louis has 1/3 chance to exit jail
Louis has 30% more chance to exit jail with 3 turn in jail
Louis is not getting out of the penalty box
Question was incorrectly answered
Louis was sent to the penalty box
Gatien is the current player
They have rolled a 2
Gatien has 1/4 chance to exit jail
Gatien has 40% more chance to exit jail with 4 turn in jail
Gatien is not getting out of the penalty box
Question was incorrectly answered
Gatien was sent to the penalty box
Louis is the current player
They have rolled a 2
Louis has 1/4 chance to exit jail
Louis has 40% more chance to exit jail with 4 turn in jail
Louis is not getting out of the penalty box
Question was incorrectly answered
Louis was sent to the penalty box
Gatien is the current player
They have rolled a 2
Gatien has 1/5 chance to exit jail
Gatien has 50% more chance to exit jail with 5 turn in jail
Gatien is not getting out of the penalty box
Question was incorrectly answered
Gatien was sent to the penalty box
Gatien earns a joker after 6 turn in jail
Louis is the current player
They have rolled a 2
Louis has 1/5 chance to exit jail
Louis has 50% more chance to exit jail with 5 turn in jail
Louis is not getting out of the penalty box
Question was incorrectly answered
Louis was sent to the penalty box
Louis earns a joker after 6 turn in jail
Gatien is the current player
They have rolled a 2
Gatien has 1/6 chance to exit jail
Gatien has 60% more chance to exit jail with 6 turn in jail
Gatien is not getting out of the penalty box
Louis is the current player
They have rolled a 2
Louis has 1/6 chance to exit jail
Louis has 60% more chance to exit jail with 6 turn in jail
Louis is not getting out of the penalty box
Gatien is the current player
They have rolled a 2
Gatien has 1/6 chance to exit jail
Gatien has 70% more chance to exit jail with 7 turn in jail
Gatien is not getting out of the penalty box
Question was incorrectly answered
Gatien was sent to the penalty box
Louis is the current player
They have rolled a 2
Louis has 1/6 chance to exit jail
Louis has 70% more chance to exit jail with 7 turn in jail
Louis is not getting out of the penalty box
Question was incorrectly answered
Louis was sent to the penalty box
Gatien is the current player
They have rolled a 2
Gatien has 1/7 chance to exit jail
Gatien has 80% more chance to exit jail with 8 turn in jail
Gatien is not getting out of the penalty box
Question was incorrectly answered
Gatien was sent to the penalty box
Louis is the current player
They have rolled a 2
Louis has 1/7 chance to exit jail
Louis has 80% more chance to exit jail with 8 turn in jail
Louis is not getting out of the penalty box
Question was incorrectly answered
Louis was sent to the penalty box
Gatien is the current player
They have rolled a 2
Gatien has 1/8 chance to exit jail
Gatien has 90% more chance to exit jail with 9 turn in jail
Gatien is not getting out of the penalty box
Question was incorrectly answered
Gatien was sent to the penalty box
Gatien earns a joker after 9 turn in jail
Louis is the current player
They have rolled a 2
Louis has 1/8 chance to exit jail
Louis has 90% more chance to exit jail with 9 turn in jail
Louis is not getting out of the penalty box
Question was incorrectly answered
Louis was sent to the penalty box
Louis earns a joker after 9 turn in jail
Gatien is the current player
They have rolled a 2
Gatien has 1/9 chance to exit jail
Gatien has 100% more chance to exit jail with 10 turn in jail
Gatien is not getting out of the penalty box
Louis is the current player
They have rolled a 2
Louis has 1/9 chance to exit jail
Louis has 100% more chance to exit jail with 10 turn in jail
Louis is not getting out of the penalty box
Gatien is the current player
They have rolled a 2
Gatien has 1/9 chance to exit jail
Gatien has 110% more chance to exit jail with 11 turn in jail
Gatien is not getting out of the penalty box
Question was incorrectly answered
Gatien was sent to the penalty box
Louis is the current player
They have rolled a 2
Louis has 1/9 chance to exit jail
Louis has 110% more chance to exit jail with 11 turn in jail
Louis is not getting out of the penalty box
Question was incorrectly answered
Louis was sent to the penalty box
Gatien is the current player
They have rolled a 2
Gatien has 1/10 chance to exit jail
Gatien has 120% more chance to exit jail with 12 turn in jail
Gatien is not getting out of the penalty box
Question was incorrectly answered
Gatien was sent to the penalty box
Louis is the current player
They have rolled a 2
Louis has 1/10 chance to exit jail
Louis has 120% more chance to exit jail with 12 turn in jail
Louis is not getting out of the penalty box
Question was incorrectly answered
Louis was sent to the penalty box
Gatien is the current player
They have rolled a 2
Gatien has 1/11 chance to exit jail
Gatien has 130% more chance to exit jail with 13 turn in jail
Gatien is not getting out of the penalty box
Question was incorrectly answered
Gatien was sent to the penalty box
Gatien earns a joker after 12 turn in jail
Louis is the current player
They have rolled a 2
Louis has 1/11 chance to exit jail
Louis has 130% more chance to exit jail with 13 turn in jail
Louis is not getting out of the penalty box
Question was incorrectly answered
Louis was sent to the penalty box
Louis earns a joker after 12 turn in jail
Gatien is the current player
They have rolled a 2
Gatien has 1/12 chance to exit jail
Gatien has 140% more chance to exit jail with 14 turn in jail
Gatien is not getting out of the penalty box
Louis is the current player
They have rolled a 2
Louis has 1/12 chance to exit jail
Louis has 140% more chance to exit jail with 14 turn in jail
Louis is not getting out of the penalty box
Gatien is the current player
They have rolled a 2
Gatien has 1/12 chance to exit jail
Gatien has 150% more chance to exit jail with 15 turn in jail
Gatien is not getting out of the penalty box
Question was incorrectly answered
Gatien was sent to the penalty box
Louis is the current player
They have rolled a 2
Louis has 1/12 chance to exit jail
Louis has 150% more chance to exit jail with 15 turn in jail
Louis is not getting out of the penalty box
Question was incorrectly answered
Louis was sent to the penalty box
Gatien is the current player
They have rolled a 2
Gatien has 1/13 chance to exit jail
Gatien has 160% more chance to exit jail with 16 turn in jail
Gatien is not getting out of the penalty box
Question was incorrectly answered
Gatien was sent to the penalty box
Louis is the current player
They have rolled a 2
Louis has 1/13 chance to exit jail
Louis has 160% more chance to exit jail with 16 turn in jail
Louis is not getting out of the penalty box
Question was incorrectly answered
Louis was sent to the penalty box
Gatien is the current player
They have rolled a 2
Gatien has 1/14 chance to exit jail
Gatien has 170% more chance to exit jail with 17 turn in jail
Gatien is not getting out of the penalty box
Question was incorrectly answered
Gatien was sent to the penalty box
Gatien earns a joker after 15 turn in jail
Louis is the current player
They have rolled a 2
Louis has 1/14 chance to exit jail
Louis has 170% more chance to exit jail with 17 turn in jail
Louis is not getting out of the penalty box
Question was incorrectly answered
Louis was sent to the penalty box
Louis earns a joker after 15 turn in jail
Gatien is the current player
They have rolled a 2
Gatien has 1/15 chance to exit jail
Gatien has 180% more chance to exit jail with 18 turn in jail
Gatien is not getting out of the penalty box
Louis is the current player
They have rolled a 2
Louis has 1/15 chance to exit jail
Louis has 180% more chance to exit jail with 18 turn in jail
Louis is not getting out of the penalty box
Gatien is the current player
They have rolled a 2
Gatien has 1/15 chance to exit jail
Gatien has 190% more chance to exit jail with 19 turn in jail
Gatien is not getting out of the penalty box
Question was incorrectly answered
Gatien was sent to the penalty box
Louis is the current player
They have rolled a 2
Louis has 1/15 chance to exit jail
Louis has 190% more chance to exit jail with 19 turn in jail
Louis is not getting out of the penalty box
Question was incorrectly answered
Louis was sent to the penalty box
Gatien is the current player
They have rolled a 2
Gatien has 1/16 chance to exit jail
Gatien has 200% more chance to exit jail with 20 turn in jail
Gatien is not getting out of the penalty box
Question was incorrectly answered
Gatien was sent to the penalty box
Louis is the current player
They have rolled a 2
Louis has 1/16 chance to exit jail
Louis has 200% more chance to exit jail with 20 turn in jail
Louis is not getting out of the penalty box
Question was incorrectly answered
Louis was sent to the penalty box
Gatien is the current player
They have rolled a 2
Gatien has 1/17 chance to exit jail
Gatien has 210% more chance to exit jail with 21 turn in jail
Gatien is not getting out of the penalty box
Question was incorrectly answered
Gatien was sent to the penalty box
Gatien earns a joker after 18 turn in jail
Louis is the current player
They have rolled a 2
Louis has 1/17 chance to exit jail
Louis has 210% more chance to exit jail with 21 turn in jail
Louis is not getting out of the penalty box
Question was incorrectly answered
Louis was sent to the penalty box
Louis earns a joker after 18 turn in jail
Gatien is the current player
They have rolled a 2
Gatien has 1/18 chance to exit jail
Gatien has 220% more chance to exit jail with 22 turn in jail
Gatien is not getting out of the penalty box
Louis is the current player
They have rolled a 2
Louis has 1/18 chance to exit jail
Louis has 220% more chance to exit jail with 22 turn in jail
Louis is not getting out of the penalty box
Gatien is the current player
They have rolled a 2
Gatien has 1/18 chance to exit jail
Gatien has 230% more chance to exit jail with 23 turn in jail
Gatien is not getting out of the penalty box
Question was incorrectly answered
Gatien was sent to the penalty box
Louis is the current player
They have rolled a 2
Louis has 1/18 chance to exit jail
Louis has 230% more chance to exit jail with 23 turn in jail
Louis is not getting out of the penalty box
Question was incorrectly answered
Louis was sent to the penalty box
Gatien was added
They are player number 1
Louis was added
They are player number 2
Gatien is the current player
They have rolled a 2
Gatien's new location is 2
The category is SPORT
Sports Question 0
Question was incorrectly answered
Gatien was sent to the penalty box
Louis is the current player
They have rolled a 2
Louis's new location is 2
The category is SPORT
Sports Question 1
Question was incorrectly answered
Louis was sent to the penalty box
Gatien is the current player
They have rolled a 2
Gatien has 1/1 chance to exit jail
Gatien has 0% more chance to exit jail with 0 turn in jail
Gatien is not getting out of the penalty box
Question was incorrectly answered
Gatien was sent to the penalty box
Louis is the current player
They have rolled a 2
Louis has 1/1 chance to exit jail
Louis has 0% more chance to exit jail with 0 turn in jail
Louis is not getting out of the penalty box
Question was incorrectly answered
Louis was sent to the penalty box
Gatien is the current player
They have rolled a 2
Gatien has 1/2 chance to exit jail
Gatien has 10% more chance to exit jail with 1 turn in jail
Gatien is not getting out of the penalty box
Question was incorrectly answered
Gatien was sent to the penalty box
Gatien earns a joker after 3 turn in jail
Louis is the current player
They have rolled a 2
Louis has 1/2 chance to exit jail
Louis has 10% more chance to exit jail with 1 turn in jail
Louis is not getting out of the penalty box
Question was incorrectly answered
Louis was sent to the penalty box
Louis earns a joker after 3 turn in jail
Gatien is the current player
They have rolled a 2
Gatien has 1/3 chance to exit jail
Gatien has 20% more chance to exit jail with 2 turn in jail
Gatien is not getting out of the penalty box
Louis is the current player
They have rolled a 2
Louis has 1/3 chance to exit jail
Louis has 20% more chance to exit jail with 2 turn in jail
Louis is not getting out of the penalty box
Gatien is the current player
They have rolled a 2
Gatien has 1/3 chance to exit jail
Gatien has 30% more chance to exit jail with 3 turn in jail
Gatien is not getting out of the penalty box
Question was incorrectly answered
Gatien was sent to the penalty box
Louis is the current player
They have rolled a 2
Louis has 1/3 chance to exit jail
Louis has 30% more chance to exit jail with 3 turn in jail
Louis is not getting out of the penalty box
Question was incorrectly answered
Louis was sent to the penalty box
Gatien is the current player
They have rolled a 2
Gatien has 1/4 chance to exit jail
Gatien has 40% more chance to exit jail with 4 turn in jail
Gatien is not getting out of the penalty box
Question was incorrectly answered
Gatien was sent to the penalty box
Louis is the current player
They have rolled a 2
Louis has 1/4 chance to exit jail
Louis has 40% more chance to exit jail with 4 turn in jail
Louis is not getting out of the penalty box
Question was incorrectly answered
Louis was sent to the penalty box
Gatien is the current player
They have rolled a 2
Gatien has 1/5 chance to exit jail
Gatien has 50% more chance to exit jail with 5 turn in jail
Gatien is not getting out of the penalty box
Question was incorrectly answered
Gatien was sent to the penalty box
Gatien earns a joker after 6 turn in jail
Louis is the current player
They have rolled a 2
Louis has 1/5 chance to exit jail
Louis has 50% more chance to exit jail with 5 turn in jail
Louis is not getting out of the penalty box
Question was incorrectly answered
Louis was sent to the penalty box
Louis earns a joker after 6 turn in jail
Gatien is the current player
They have rolled a 2
Gatien has 1/6 chance to exit jail
Gatien has 60% more chance to exit jail with 6 turn in jail
Gatien is not getting out of the penalty box
Louis is the current player
They have rolled a 2
Louis has 1/6 chance to exit jail
Louis has 60% more chance to exit jail with 6 turn in jail
Louis is not getting out of the penalty box
Gatien is the current player
They have rolled a 2
Gatien has 1/6 chance to exit jail
Gatien has 70% more chance to exit jail with 7 turn in jail
Gatien is not getting out of the penalty box
Question was incorrectly answered
Gatien was sent to the penalty box
Louis is the current player
They have rolled a 2
Louis has 1/6 chance to exit jail
Louis has 70% more chance to exit jail with 7 turn in jail
Louis is not getting out of the penalty box
Question was incorrectly answered
Louis was sent to the penalty box
Gatien is the current player
They have rolled a 2
Gatien has 1/7 chance to exit jail
Gatien has 80% more chance to exit jail with 8 turn in jail
Gatien is not getting out of the penalty box
Question was incorrectly answered
Gatien was sent to the penalty box
Louis is the current player
They have rolled a 2
Louis has 1/7 chance to exit jail
Louis has 80% more chance to exit jail with 8 turn in jail
Louis is not getting out of the penalty box
Question was incorrectly answered
Louis was sent to the penalty box
Gatien is the current player
They have rolled a 2
Gatien has 1/8 chance to exit jail
Gatien has 90% more chance to exit jail with 9 turn in jail
Gatien is not getting out of the penalty box
Question was incorrectly answered
Gatien was sent to the penalty box
Gatien earns a joker after 9 turn in jail
Louis is the current player
They have rolled a 2
Louis has 1/8 chance to exit jail
Louis has 90% more chance to exit jail with 9 turn in jail
Louis is not getting out of the penalty box
Question was incorrectly answered
Louis was sent to the penalty box
Louis earns a joker after 9 turn in jail
Gatien is the current player
They have rolled a 2
Gatien has 1/9 chance to exit jail
Gatien has 100% more chance to exit jail with 10 turn in jail
Gatien is not getting out of the penalty box
Louis is the current player
They have rolled a 2
Louis has 1/9 chance to exit jail
Louis has 100% more chance to exit jail with 10 turn in jail
Louis is not getting out of the penalty box
Gatien is the current player
They have rolled a 2
Gatien has 1/9 chance to exit jail
Gatien has 110% more chance to exit jail with 11 turn in jail
Gatien is not getting out of the penalty box
Question was incorrectly answered
Gatien was sent to the penalty box
Louis is the current player
They have rolled a 2
Louis has 1/9 chance to exit jail
Louis has 110% more chance to exit jail with 11 turn in jail
Louis is not getting out of the penalty box
Question was incorrectly answered
Louis was sent to the penalty box
Gatien is the current player
They have rolled a 2
Gatien has 1/10 chance to exit jail
Gatien has 120% more chance to exit jail with 12 turn in jail
Gatien is not getting out of the penalty box
Question was incorrectly answered
Gatien was sent to the penalty box
Louis is the current player
They have rolled a 2
Louis has 1/10 chance to exit jail
Louis has 120% more chance to exit jail with 12 turn in jail
Louis is not getting out of the penalty box
Question was incorrectly answered
Louis was sent to the penalty box
Gatien is the current player
They have rolled a 2
Gatien has 1/11 chance to exit jail
Gatien has 130% more chance to exit jail with 13 turn in jail
Gatien is not getting out of the penalty box
Question was incorrectly answered
Gatien was sent to the penalty box
Gatien earns a joker after 12 turn in jail
Louis is the current player
They have rolled a 2
Louis has 1/11 chance to exit jail
Louis has 130% more chance to exit jail with 13 turn in jail
Louis is not getting out of the penalty box
Question was incorrectly answered
Louis was sent to the penalty box
Louis earns a joker after 12 turn in jail
Gatien is the current player
They have rolled a 2
Gatien has 1/12 chance to exit jail
Gatien has 140% more chance to exit jail with 14 turn in jail
Gatien is not getting out of the penalty box
Louis is the current player
They have rolled a 2
Louis has 1/12 chance to exit jail
Louis has 140% more chance to exit jail with 14 turn in jail
Louis is not getting out of the penalty box
Gatien is the current player
They have rolled a 2
Gatien has 1/12 chance to exit jail
Gatien has 150% more chance to exit jail with 15 turn in jail
Gatien is not getting out of the penalty box
Question was incorrectly answered
Gatien was sent to the penalty box
Louis is the current player
They have rolled a 2
Louis has 1/12 chance to exit jail
Louis has 150% more chance to exit jail with 15 turn in jail
Louis is not getting out of the penalty box
Question was incorrectly answered
Louis was sent to the penalty box
Gatien is the current player
They have rolled a 2
Gatien has 1/13 chance to exit jail
Gatien has 160% more chance to exit jail with 16 turn in jail
Gatien is not getting out of the penalty box
Question was incorrectly answered
Gatien was sent to the penalty box
Louis is the current player
They have rolled a 2
Louis has 1/13 chance to exit jail
Louis has 160% more chance to exit jail with 16 turn in jail
Louis is not getting out of the penalty box
Question was incorrectly answered
Louis was sent to the penalty box
Gatien is the current player
They have rolled a 2
Gatien has 1/14 chance to exit jail
Gatien has 170% more chance to exit jail with 17 turn in jail
Gatien is not getting out of the penalty box
Question was incorrectly answered
Gatien was sent to the penalty box
Gatien earns a joker after 15 turn in jail
Louis is the current player
They have rolled a 2
Louis has 1/14 chance to exit jail
Louis has 170% more chance to exit jail with 17 turn in jail
Louis is not getting out of the penalty box
Question was incorrectly answered
Louis was sent to the penalty box
Louis earns a joker after 15 turn in jail
Gatien is the current player
They have rolled a 2
Gatien has 1/15 chance to exit jail
Gatien has 180% more chance to exit jail with 18 turn in jail
Gatien is not getting out of the penalty box
Louis is the current player
They have rolled a 2
Louis has 1/15 chance to exit jail
Louis has 180% more chance to exit jail with 18 turn in jail
Louis is not getting out of the penalty box
Gatien is the current player
They have rolled a 2
Gatien has 1/15 chance to exit jail
Gatien has 190% more chance to exit jail with 19 turn in jail
Gatien is not getting out of the penalty box
Question was incorrectly answered
Gatien was sent to the penalty box
Louis is the current player
They have rolled a 2
Louis has 1/15 chance to exit jail
Louis has 190% more chance to exit jail with 19 turn in jail
Louis is not getting out of the penalty box
Question was incorrectly answered
Louis was sent to the penalty box
Gatien is the current player
They have rolled a 2
Gatien has 1/16 chance to exit jail
Gatien has 200% more chance to exit jail with 20 turn in jail
Gatien is not getting out of the penalty box
Question was incorrectly answered
Gatien was sent to the penalty box
Louis is the current player
They have rolled a 2
Louis has 1/16 chance to exit jail
Louis has 200% more chance to exit jail with 20 turn in jail
Louis is not getting out of the penalty box
Question was incorrectly answered
Louis was sent to the penalty box
Gatien is the current player
They have rolled a 2
Gatien has 1/17 chance to exit jail
Gatien has 210% more chance to exit jail with 21 turn in jail
Gatien is not getting out of the penalty box
Question was incorrectly answered
Gatien was sent to the penalty box
Gatien earns a joker after 18 turn in jail
Louis is the current player
They have rolled a 2
Louis has 1/17 chance to exit jail
Louis has 210% more chance to exit jail with 21 turn in jail
Louis is not getting out of the penalty box
Question was incorrectly answered
Louis was sent to the penalty box
Louis earns a joker after 18 turn in jail
Gatien is the current player
They have rolled a 2
Gatien has 1/18 chance to exit jail
Gatien has 220% more chance to exit jail with 22 turn in jail
Gatien is not getting out of the penalty box
Louis is the current player
They have rolled a 2
Louis has 1/18 chance to exit jail
Louis has 220% more chance to exit jail with 22 turn in jail
Louis is not getting out of the penalty box
Gatien is the current player
They have rolled a 2
Gatien has 1/18 chance to exit jail
Gatien has 230% more chance to exit jail with 23 turn in jail
Gatien is not getting out of the penalty box
Question was incorrectly answered
Gatien was sent to the penalty box
Louis is the current player
They have rolled a 2
Louis has 1/18 chance to exit jail
Louis has 230% more chance to exit jail with 23 turn in jail
Louis is not getting out of the penalty box
Question was incorrectly answered
Louis was sent to the penalty box
Gatien was added
They are player number 1
Louis was added
They are player number 2
Gatien is the current player
They have rolled a 4
Gatien's new location is 4
The category is POP
Pop Question 0
Answer was correct!!!!
Gatien now has 1 Gold Coins.
Louis is the current player
They have rolled a 1
Louis's new location is 1
The category is SCIENCE
Louis uses his joker
Gatien is the current player
They have rolled a 1
Gatien's new location is 5
The category is SCIENCE
Science Question 0
Answer was correct!!!!
Gatien now has 3 Gold Coins.
Louis is the current player
They have rolled a 4
Louis's new location is 5
The category is SCIENCE
Science Question 1
Answer was correct!!!!
Louis now has 1 Gold Coins.
Gatien is the current player
They have rolled a 5
Gatien's new location is 10
The category is SPORT
Sports Question 0
Question was incorrectly answered
Gatien was sent to the penalty box
Louis is the current player
They have rolled a 5
Louis's new location is 10
The category is SPORT
Sports Question 1
Answer was correct!!!!
Louis now has 3 Gold Coins.
Gatien is the current player
They have rolled a 0
Gatien has 1/1 chance to exit jail
Gatien has 0% more chance to exit jail with 0 turn in jail
Gatien is not getting out of the penalty box
Louis is the current player
They have rolled a 5
Louis's new location is 3
The category is ROCK
Rock Question 0
Answer was correct!!!!
Louis now has 6 Gold Coins.
Louis win
Gatien was added
They are player number 1
Louis was added
They are player number 2
Gatien is the current player
They have rolled a 1
Gatien's new location is 1
The category is SCIENCE
Science Question 0
Answer was correct!!!!
Gatien now has 1 Gold Coins.
Louis is the current player
They have rolled a 1
Louis's new location is 1
The category is SCIENCE
Science Question 1
Answer was correct!!!!
Louis now has 1 Gold Coins.
Gatien is the current player
They have rolled a 1
Gatien's new location is 2
The category is SPORT
Sports Question 0
Answer was correct!!!!
Gatien now has 3 Gold Coins.
Louis is the current player
They have rolled a 1
Louis's new location is 2
The category is SPORT
Sports Question 1
Answer was correct!!!!
Louis now has 3 Gold Coins.
Gatien is the current player
They have rolled a 1
Gatien's new location is 3
The category is ROCK
Rock Question 0
Answer was correct!!!!
Gatien now has 6 Gold Coins.
Gatien win
Gatien was added
They are player number 1
Louis was added
They are player number 2
Gatien is the current player
They have rolled a 2
Gatien's new location is 2
The category is SPORT
Sports Question 0
Question was incorrectly answered
Gatien was sent to the penalty box
Louis is the current player
They have rolled a 2
Louis's new location is 2
The category is SPORT
Sports Question 1
Question was incorrectly answered
Louis was sent to the penalty box
Gatien is the current player
They have rolled a 2
Gatien has 1/1 chance to exit jail
Gatien has 0% more chance to exit jail with 0 turn in jail
Gatien is not getting out of the penalty box
Question was incorrectly answered
Gatien was sent to the penalty box
Louis is the current player
They have rolled a 2
Louis has 1/1 chance to exit jail
Louis has 0% more chance to exit jail with 0 turn in jail
Louis is not getting out of the penalty box
Question was incorrectly answered
Louis was sent to the penalty box
Gatien is the current player
They have rolled a 2
Gatien has 1/2 chance to exit jail
Gatien has 10% more chance to exit jail with 1 turn in jail
Gatien is not getting out of the penalty box
Question was incorrectly answered
Gatien was sent to the penalty box
Gatien earns a joker after 3 turn in jail
Louis is the current player
They have rolled a 2
Louis has 1/2 chance to exit jail
Louis has 10% more chance to exit jail with 1 turn in jail
Louis is not getting out of the penalty box
Question was incorrectly answered
Louis was sent to the penalty box
Louis earns a joker after 3 turn in jail
Gatien is the current player
They have rolled a 2
Gatien has 1/3 chance to exit jail
Gatien has 20% more chance to exit jail with 2 turn in jail
Gatien is not getting out of the penalty box
Louis is the current player
They have rolled a 2
Louis has 1/3 chance to exit jail
Louis has 20% more chance to exit jail with 2 turn in jail
Louis is not getting out of the penalty box
Gatien is the current player
They have rolled a 2
Gatien has 1/3 chance to exit jail
Gatien has 30% more chance to exit jail with 3 turn in jail
Gatien is not getting out of the penalty box
Question was incorrectly answered
Gatien was sent to the penalty box
Louis is the current player
They have rolled a 2
Louis has 1/3 chance to exit jail
Louis has 30% more chance to exit jail with 3 turn in jail
Louis is not getting out of the penalty box
Question was incorrectly answered
Louis was sent to the penalty box
Gatien is the current player
They have rolled a 2
Gatien has 1/4 chance to exit jail
Gatien has 40% more chance to exit jail with 4 turn in jail
Gatien is not getting out of the penalty box
Question was incorrectly answered
Gatien was sent to the penalty box
Louis is the current player
They have rolled a 2
Louis has 1/4 chance to exit jail
Louis has 40% more chance to exit jail with 4 turn in jail
Louis is not getting out of the penalty box
Question was incorrectly answered
Louis was sent to the penalty box
Gatien is the current player
They have rolled a 2
Gatien has 1/5 chance to exit jail
Gatien has 50% more chance to exit jail with 5 turn in jail
Gatien is not getting out of the penalty box
Question was incorrectly answered
Gatien was sent to the penalty box
Gatien earns a joker after 6 turn in jail
Louis is the current player
They have rolled a 2
Louis has 1/5 chance to exit jail
Louis has 50% more chance to exit jail with 5 turn in jail
Louis is not getting out of the penalty box
Question was incorrectly answered
Louis was sent to the penalty box
Louis earns a joker after 6 turn in jail
Gatien is the current player
They have rolled a 2
Gatien has 1/6 chance to exit jail
Gatien has 60% more chance to exit jail with 6 turn in jail
Gatien is not getting out of the penalty box
Louis is the current player
They have rolled a 2
Louis has 1/6 chance to exit jail
Louis has 60% more chance to exit jail with 6 turn in jail
Louis is not getting out of the penalty box
Gatien is the current player
They have rolled a 2
Gatien has 1/6 chance to exit jail
Gatien has 70% more chance to exit jail with 7 turn in jail
Gatien is not getting out of the penalty box
Question was incorrectly answered
Gatien was sent to the penalty box
Louis is the current player
They have rolled a 2
Louis has 1/6 chance to exit jail
Louis has 70% more chance to exit jail with 7 turn in jail
Louis is not getting out of the penalty box
Question was incorrectly answered
Louis was sent to the penalty box
Gatien is the current player
They have rolled a 2
Gatien has 1/7 chance to exit jail
Gatien has 80% more chance to exit jail with 8 turn in jail
Gatien is not getting out of the penalty box
Question was incorrectly answered
Gatien was sent to the penalty box
Louis is the current player
They have rolled a 2
Louis has 1/7 chance to exit jail
Louis has 80% more chance to exit jail with 8 turn in jail
Louis is not getting out of the penalty box
Question was incorrectly answered
Louis was sent to the penalty box
Gatien is the current player
They have rolled a 2
Gatien has 1/8 chance to exit jail
Gatien has 90% more chance to exit jail with 9 turn in jail
Gatien is not getting out of the penalty box
Question was incorrectly answered
Gatien was sent to the penalty box
Gatien earns a joker after 9 turn in jail
Louis is the current player
They have rolled a 2
Louis has 1/8 chance to exit jail
Louis has 90% more chance to exit jail with 9 turn in jail
Louis is not getting out of the penalty box
Question was incorrectly answered
Louis was sent to the penalty box
Louis earns a joker after 9 turn in jail
Gatien is the current player
They have rolled a 2
Gatien has 1/9 chance to exit jail
Gatien has 100% more chance to exit jail with 10 turn in jail
Gatien is not getting out of the penalty box
Louis is the current player
They have rolled a 2
Louis has 1/9 chance to exit jail
Louis has 100% more chance to exit jail with 10 turn in jail
Louis is not getting out of the penalty box
Gatien is the current player
They have rolled a 2
Gatien has 1/9 chance to exit jail
Gatien has 110% more chance to exit jail with 11 turn in jail
Gatien is not getting out of the penalty box
Question was incorrectly answered
Gatien was sent to the penalty box
Louis is the current player
They have rolled a 2
Louis has 1/9 chance to exit jail
Louis has 110% more chance to exit jail with 11 turn in jail
Louis is not getting out of the penalty box
Question was incorrectly answered
Louis was sent to the penalty box
Gatien is the current player
They have rolled a 2
Gatien has 1/10 chance to exit jail
Gatien has 120% more chance to exit jail with 12 turn in jail
Gatien is not getting out of the penalty box
Question was incorrectly answered
Gatien was sent to the penalty box
Louis is the current player
They have rolled a 2
Louis has 1/10 chance to exit jail
Louis has 120% more chance to exit jail with 12 turn in jail
Louis is not getting out of the penalty box
Question was incorrectly answered
Louis was sent to the penalty box
Gatien is the current player
They have rolled a 2
Gatien has 1/11 chance to exit jail
Gatien has 130% more chance to exit jail with 13 turn in jail
Gatien is not getting out of the penalty box
Question was incorrectly answered
Gatien was sent to the penalty box
Gatien earns a joker after 12 turn in jail
Louis is the current player
They have rolled a 2
Louis has 1/11 chance to exit jail
Louis has 130% more chance to exit jail with 13 turn in jail
Louis is not getting out of the penalty box
Question was incorrectly answered
Louis was sent to the penalty box
Louis earns a joker after 12 turn in jail
Gatien is the current player
They have rolled a 2
Gatien has 1/12 chance to exit jail
Gatien has 140% more chance to exit jail with 14 turn in jail
Gatien is not getting out of the penalty box
Louis is the current player
They have rolled a 2
Louis has 1/12 chance to exit jail
Louis has 140% more chance to exit jail with 14 turn in jail
Louis is not getting out of the penalty box
Gatien is the current player
They have rolled a 2
Gatien has 1/12 chance to exit jail
Gatien has 150% more chance to exit jail with 15 turn in jail
Gatien is not getting out of the penalty box
Question was incorrectly answered
Gatien was sent to the penalty box
Louis is the current player
They have rolled a 2
Louis has 1/12 chance to exit jail
Louis has 150% more chance to exit jail with 15 turn in jail
Louis is not getting out of the penalty box
Question was incorrectly answered
Louis was sent to the penalty box
Gatien is the current player
They have rolled a 2
Gatien has 1/13 chance to exit jail
Gatien has 160% more chance to exit jail with 16 turn in jail
Gatien is not getting out of the penalty box
Question was incorrectly answered
Gatien was sent to the penalty box
Louis is the current player
They have rolled a 2
Louis has 1/13 chance to exit jail
Louis has 160% more chance to exit jail with 16 turn in jail
Louis is not getting out of the penalty box
Question was incorrectly answered
Louis was sent to the penalty box
Gatien is the current player
They have rolled a 2
Gatien has 1/14 chance to exit jail
Gatien has 170% more chance to exit jail with 17 turn in jail
Gatien is not getting out of the penalty box
Question was incorrectly answered
Gatien was sent to the penalty box
Gatien earns a joker after 15 turn in jail
Louis is the current player
They have rolled a 2
Louis has 1/14 chance to exit jail
Louis has 170% more chance to exit jail with 17 turn in jail
Louis is not getting out of the penalty box
Question was incorrectly answered
Louis was sent to the penalty box
Louis earns a joker after 15 turn in jail
Gatien is the current player
They have rolled a 2
Gatien has 1/15 chance to exit jail
Gatien has 180% more chance to exit jail with 18 turn in jail
Gatien is not getting out of the penalty box
Louis is the current player
They have rolled a 2
Louis has 1/15 chance to exit jail
Louis has 180% more chance to exit jail with 18 turn in jail
Louis is not getting out of the penalty box
Gatien is the current player
They have rolled a 2
Gatien has 1/15 chance to exit jail
Gatien has 190% more chance to exit jail with 19 turn in jail
Gatien is not getting out of the penalty box
Question was incorrectly answered
Gatien was sent to the penalty box
Louis is the current player
They have rolled a 2
Louis has 1/15 chance to exit jail
Louis has 190% more chance to exit jail with 19 turn in jail
Louis is not getting out of the penalty box
Question was incorrectly answered
Louis was sent to the penalty box
Gatien is the current player
They have rolled a 2
Gatien has 1/16 chance to exit jail
Gatien has 200% more chance to exit jail with 20 turn in jail
Gatien is not getting out of the penalty box
Question was incorrectly answered
Gatien was sent to the penalty box
Louis is the current player
They have rolled a 2
Louis has 1/16 chance to exit jail
Louis has 200% more chance to exit jail with 20 turn in jail
Louis is not getting out of the penalty box
Question was incorrectly answered
Louis was sent to the penalty box
Gatien is the current player
They have rolled a 2
Gatien has 1/17 chance to exit jail
Gatien has 210% more chance to exit jail with 21 turn in jail
Gatien is not getting out of the penalty box
Question was incorrectly answered
Gatien was sent to the penalty box
Gatien earns a joker after 18 turn in jail
Louis is the current player
They have rolled a 2
Louis has 1/17 chance to exit jail
Louis has 210% more chance to exit jail with 21 turn in jail
Louis is not getting out of the penalty box
Question was incorrectly answered
Louis was sent to the penalty box
Louis earns a joker after 18 turn in jail
Gatien is the current player
They have rolled a 2
Gatien has 1/18 chance to exit jail
Gatien has 220% more chance to exit jail with 22 turn in jail
Gatien is not getting out of the penalty box
Louis is the current player
They have rolled a 2
Louis has 1/18 chance to exit jail
Louis has 220% more chance to exit jail with 22 turn in jail
Louis is not getting out of the penalty box
Gatien is the current player
They have rolled a 2
Gatien has 1/18 chance to exit jail
Gatien has 230% more chance to exit jail with 23 turn in jail
Gatien is not getting out of the penalty box
Question was incorrectly answered
Gatien was sent to the penalty box
Louis is the current player
They have rolled a 2
Louis has 1/18 chance to exit jail
Louis has 230% more chance to exit jail with 23 turn in jail
Louis is not getting out of the penalty box
Question was incorrectly answered
Louis was sent to the penalty box
Gatien was added
They are player number 1
Gatien was added
They are player number 2
Gatien was added
They are player number 1
Gatien was added
They are player number 2
Gatien is the current player
They have rolled a 1
Gatien's new location is 1
The category is SCIENCE
Science Question 0
Question was incorrectly answered
Gatien was sent to the penalty box
Gatien is the current player
They have rolled a 1
Gatien's new location is 1
The category is SCIENCE
Science Question 1
Question was incorrectly answered
Gatien was sent to the penalty box
Gatien is the current player
They have rolled a 1
Gatien has 1/1 chance to exit jail
Gatien has 0% more chance to exit jail with 0 turn in jail
Gatien is getting out of the penalty box
Question was incorrectly answered
Gatien was sent to the penalty box
Gatien is the current player
They have rolled a 1
Gatien has 1/1 chance to exit jail
Gatien has 0% more chance to exit jail with 0 turn in jail
Gatien is getting out of the penalty box
Question was incorrectly answered
Gatien was sent to the penalty box
Gatien is the current player
They have rolled a 1
Gatien has 1/2 chance to exit jail
Gatien has 0% more chance to exit jail with 0 turn in jail
Gatien is getting out of the penalty box
Question was incorrectly answered
Gatien was sent to the penalty box
Gatien earns a joker after 3 turn in jail
Gatien is the current player
They have rolled a 1
Gatien has 1/2 chance to exit jail
Gatien has 0% more chance to exit jail with 0 turn in jail
Gatien is getting out of the penalty box
Question was incorrectly answered
Gatien was sent to the penalty box
Gatien earns a joker after 3 turn in jail
Gatien is the current player
They have rolled a 1
Gatien has 1/3 chance to exit jail
Gatien has 0% more chance to exit jail with 0 turn in jail
Gatien is getting out of the penalty box
Gatien is the current player
They have rolled a 1
Gatien has 1/3 chance to exit jail
Gatien has 0% more chance to exit jail with 0 turn in jail
Gatien is getting out of the penalty box
Gatien is the current player
They have rolled a 1
Gatien's new location is 2
The category is SPORT
Sports Question 0
Question was incorrectly answered
Gatien was sent to the penalty box
Gatien is the current player
They have rolled a 1
Gatien's new location is 2
The category is SPORT
Sports Question 1
Question was incorrectly answered
Gatien was sent to the penalty box
Gatien is the current player
They have rolled a 1
Gatien has 1/4 chance to exit jail
Gatien has 0% more chance to exit jail with 0 turn in jail
Gatien is getting out of the penalty box
Question was incorrectly answered
Gatien was sent to the penalty box
Gatien is the current player
They have rolled a 1
Gatien has 1/4 chance to exit jail
Gatien has 0% more chance to exit jail with 0 turn in jail
Gatien is getting out of the penalty box
Question was incorrectly answered
Gatien was sent to the penalty box
Gatien is the current player
They have rolled a 1
Gatien has 1/5 chance to exit jail
Gatien has 0% more chance to exit jail with 0 turn in jail
Gatien is getting out of the penalty box
Question was incorrectly answered
Gatien was sent to the penalty box
Gatien earns a joker after 6 turn in jail
Gatien is the current player
They have rolled a 1
Gatien has 1/5 chance to exit jail
Gatien has 0% more chance to exit jail with 0 turn in jail
Gatien is getting out of the penalty box
Question was incorrectly answered
Gatien was sent to the penalty box
Gatien earns a joker after 6 turn in jail
Gatien is the current player
They have rolled a 1
Gatien has 1/6 chance to exit jail
Gatien has 0% more chance to exit jail with 0 turn in jail
Gatien is getting out of the penalty box
Gatien is the current player
They have rolled a 1
Gatien has 1/6 chance to exit jail
Gatien has 0% more chance to exit jail with 0 turn in jail
Gatien is getting out of the penalty box
Gatien is the current player
They have rolled a 1
Gatien's new location is 3
The category is RAP
Rap Question 0
Question was incorrectly answered
Gatien was sent to the penalty box
Gatien is the current player
They have rolled a 1
Gatien's new location is 3
The category is RAP
Rap Question 1
Question was incorrectly answered
Gatien was sent to the penalty box
Gatien is the current player
They have rolled a 1
Gatien has 1/7 chance to exit jail
Gatien has 0% more chance to exit jail with 0 turn in jail
Gatien is getting out of the penalty box
Question was incorrectly answered
Gatien was sent to the penalty box
Gatien is the current player
They have rolled a 1
Gatien has 1/7 chance to exit jail
Gatien has 0% more chance to exit jail with 0 turn in jail
Gatien is getting out of the penalty box
Question was incorrectly answered
Gatien was sent to the penalty box
Gatien is the current player
They have rolled a 1
Gatien has 1/8 chance to exit jail
Gatien has 0% more chance to exit jail with 0 turn in jail
Gatien is getting out of the penalty box
Question was incorrectly answered
Gatien was sent to the penalty box
Gatien earns a joker after 9 turn in jail
Gatien is the current player
They have rolled a 1
Gatien has 1/8 chance to exit jail
Gatien has 0% more chance to exit jail with 0 turn in jail
Gatien is getting out of the penalty box
Question was incorrectly answered
Gatien was sent to the penalty box
Gatien earns a joker after 9 turn in jail
Gatien is the current player
They have rolled a 1
Gatien has 1/9 chance to exit jail
Gatien has 0% more chance to exit jail with 0 turn in jail
Gatien is getting out of the penalty box
Gatien is the current player
They have rolled a 1
Gatien has 1/9 chance to exit jail
Gatien has 0% more chance to exit jail with 0 turn in jail
Gatien is getting out of the penalty box
Gatien is the current player
They have rolled a 1
Gatien's new location is 4
The category is GEO
Geo Question 0
Question was incorrectly answered
Gatien was sent to the penalty box
Gatien is the current player
They have rolled a 1
Gatien's new location is 4
The category is GEO
Geo Question 1
Question was incorrectly answered
Gatien was sent to the penalty box
Gatien is the current player
They have rolled a 1
Gatien has 1/10 chance to exit jail
Gatien has 0% more chance to exit jail with 0 turn in jail
Gatien is getting out of the penalty box
Question was incorrectly answered
Gatien was sent to the penalty box
Gatien is the current player
They have rolled a 1
Gatien has 1/10 chance to exit jail
Gatien has 0% more chance to exit jail with 0 turn in jail
Gatien is getting out of the penalty box
Question was incorrectly answered
Gatien was sent to the penalty box
Gatien is the current player
They have rolled a 1
Gatien has 1/11 chance to exit jail
Gatien has 0% more chance to exit jail with 0 turn in jail
Gatien is getting out of the penalty box
Question was incorrectly answered
Gatien was sent to the penalty box
Gatien earns a joker after 12 turn in jail
Gatien is the current player
They have rolled a 1
Gatien has 1/11 chance to exit jail
Gatien has 0% more chance to exit jail with 0 turn in jail
Gatien is getting out of the penalty box
Question was incorrectly answered
Gatien was sent to the penalty box
Gatien earns a joker after 12 turn in jail
Gatien is the current player
They have rolled a 1
Gatien has 1/12 chance to exit jail
Gatien has 0% more chance to exit jail with 0 turn in jail
Gatien is getting out of the penalty box
Gatien is the current player
They have rolled a 1
Gatien has 1/12 chance to exit jail
Gatien has 0% more chance to exit jail with 0 turn in jail
Gatien is getting out of the penalty box
Gatien is the current player
They have rolled a 1
Gatien's new location is 5
The category is ROCK
Rock Question 0
Question was incorrectly answered
Gatien was sent to the penalty box
Gatien is the current player
They have rolled a 1
Gatien's new location is 5
The category is ROCK
Rock Question 1
Question was incorrectly answered
Gatien was sent to the penalty box
Gatien is the current player
They have rolled a 1
Gatien has 1/13 chance to exit jail
Gatien has 0% more chance to exit jail with 0 turn in jail
Gatien is getting out of the penalty box
Question was incorrectly answered
Gatien was sent to the penalty box
Gatien is the current player
They have rolled a 1
Gatien has 1/13 chance to exit jail
Gatien has 0% more chance to exit jail with 0 turn in jail
Gatien is getting out of the penalty box
Question was incorrectly answered
Gatien was sent to the penalty box
Gatien is the current player
They have rolled a 1
Gatien has 1/14 chance to exit jail
Gatien has 0% more chance to exit jail with 0 turn in jail
Gatien is getting out of the penalty box
Question was incorrectly answered
Gatien was sent to the penalty box
Gatien earns a joker after 15 turn in jail
Gatien is the current player
They have rolled a 1
Gatien has 1/14 chance to exit jail
Gatien has 0% more chance to exit jail with 0 turn in jail
Gatien is getting out of the penalty box
Question was incorrectly answered
Gatien was sent to the penalty box
Gatien earns a joker after 15 turn in jail
Gatien is the current player
They have rolled a 1
Gatien has 1/15 chance to exit jail
Gatien has 0% more chance to exit jail with 0 turn in jail
Gatien is getting out of the penalty box
Gatien is the current player
They have rolled a 1
Gatien has 1/15 chance to exit jail
Gatien has 0% more chance to exit jail with 0 turn in jail
Gatien is getting out of the penalty box
Gatien is the current player
They have rolled a 1
Gatien's new location is 6
The category is ROCK
Rock Question 2
Question was incorrectly answered
Gatien was sent to the penalty box
Gatien is the current player
They have rolled a 1
Gatien's new location is 6
The category is ROCK
Rock Question 3
Question was incorrectly answered
Gatien was sent to the penalty box
Gatien is the current player
They have rolled a 1
Gatien has 1/16 chance to exit jail
Gatien has 0% more chance to exit jail with 0 turn in jail
Gatien is getting out of the penalty box
Question was incorrectly answered
Gatien was sent to the penalty box
Gatien is the current player
They have rolled a 1
Gatien has 1/16 chance to exit jail
Gatien has 0% more chance to exit jail with 0 turn in jail
Gatien is getting out of the penalty box
Question was incorrectly answered
Gatien was sent to the penalty box
Gatien is the current player
They have rolled a 1
Gatien has 1/17 chance to exit jail
Gatien has 0% more chance to exit jail with 0 turn in jail
Gatien is getting out of the penalty box
Question was incorrectly answered
Gatien was sent to the penalty box
Gatien earns a joker after 18 turn in jail
Gatien is the current player
They have rolled a 1
Gatien has 1/17 chance to exit jail
Gatien has 0% more chance to exit jail with 0 turn in jail
Gatien is getting out of the penalty box
Question was incorrectly answered
Gatien was sent to the penalty box
Gatien earns a joker after 18 turn in jail
Gatien is the current player
They have rolled a 1
Gatien has 1/18 chance to exit jail
Gatien has 0% more chance to exit jail with 0 turn in jail
Gatien is getting out of the penalty box
Gatien is the current player
They have rolled a 1
Gatien has 1/18 chance to exit jail
Gatien has 0% more chance to exit jail with 0 turn in jail
Gatien is getting out of the penalty box
Gatien is the current player
They have rolled a 1
Gatien's new location is 7
The category is GEO
Geo Question 2
Question was incorrectly answered
Gatien was sent to the penalty box
Gatien is the current player
They have rolled a 1
Gatien's new location is 7
The category is GEO
Geo Question 3
Question was incorrectly answered
Gatien was sent to the penalty box
Gatien is the current player
They have rolled a 1
Gatien has 1/19 chance to exit jail
Gatien has 0% more chance to exit jail with 0 turn in jail
Gatien is getting out of the penalty box
Question was incorrectly answered
Gatien was sent to the penalty box
Gatien is the current player
They have rolled a 1
Gatien has 1/19 chance to exit jail
Gatien has 0% more chance to exit jail with 0 turn in jail
Gatien is getting out of the penalty box
Question was incorrectly answered
Gatien was sent to the penalty box
Gatien is the current player
They have rolled a 1
Gatien has 1/20 chance to exit jail
Gatien has 0% more chance to exit jail with 0 turn in jail
Gatien is getting out of the penalty box
Question was incorrectly answered
Gatien was sent to the penalty box
Gatien earns a joker after 21 turn in jail
Gatien is the current player
They have rolled a 1
Gatien has 1/20 chance to exit jail
Gatien has 0% more chance to exit jail with 0 turn in jail
Gatien is getting out of the penalty box
Question was incorrectly answered
Gatien was sent to the penalty box
Gatien earns a joker after 21 turn in jail
Gatien is the current player
They have rolled a 1
Gatien has 1/21 chance to exit jail
Gatien has 0% more chance to exit jail with 0 turn in jail
Gatien is getting out of the penalty box
Gatien is the current player
They have rolled a 1
Gatien has 1/21 chance to exit jail
Gatien has 0% more chance to exit jail with 0 turn in jail
Gatien is getting out of the penalty box
Gatien is the current player
They have rolled a 1
Gatien's new location is 8
The category is PHILO
Philo Question 0
Question was incorrectly answered
Gatien was sent to the penalty box
Gatien is the current player
They have rolled a 1
Gatien's new location is 8
The category is PHILO
Philo Question 1
Question was incorrectly answered
Gatien was sent to the penalty box
Gatien is the current player
They have rolled a 1
Gatien has 1/22 chance to exit jail
Gatien has 0% more chance to exit jail with 0 turn in jail
Gatien is getting out of the penalty box
Question was incorrectly answered
Gatien was sent to the penalty box
Gatien is the current player
They have rolled a 1
Gatien has 1/22 chance to exit jail
Gatien has 0% more chance to exit jail with 0 turn in jail
Gatien is getting out of the penalty box
Question was incorrectly answered
Gatien was sent to the penalty box
Gatien is the current player
They have rolled a 1
Gatien has 1/23 chance to exit jail
Gatien has 0% more chance to exit jail with 0 turn in jail
Gatien is getting out of the penalty box
Question was incorrectly answered
Gatien was sent to the penalty box
Gatien earns a joker after 24 turn in jail
Gatien is the current player
They have rolled a 1
Gatien has 1/23 chance to exit jail
Gatien has 0% more chance to exit jail with 0 turn in jail
Gatien is getting out of the penalty box
Question was incorrectly answered
Gatien was sent to the penalty box
Gatien earns a joker after 24 turn in jail
Gatien is the current player
They have rolled a 1
Gatien has 1/24 chance to exit jail
Gatien has 0% more chance to exit jail with 0 turn in jail
Gatien is getting out of the penalty box
Gatien is the current player
They have rolled a 1
Gatien has 1/24 chance to exit jail
Gatien has 0% more chance to exit jail with 0 turn in jail
Gatien is getting out of the penalty box
Gatien is the current player
They have rolled a 1
Gatien's new location is 9
The category is LITTERATURE
Litterature Question 0
Question was incorrectly answered
Gatien was sent to the penalty box
Gatien is the current player
They have rolled a 1
Gatien's new location is 9
The category is LITTERATURE
Litterature Question 1
Question was incorrectly answered
Gatien was sent to the penalty box
Gatien is the current player
They have rolled a 1
Gatien has 1/25 chance to exit jail
Gatien has 0% more chance to exit jail with 0 turn in jail
Gatien is getting out of the penalty box
Question was incorrectly answered
Gatien was sent to the penalty box
Gatien is the current player
They have rolled a 1
Gatien has 1/25 chance to exit jail
Gatien has 0% more chance to exit jail with 0 turn in jail
Gatien is getting out of the penalty box
Question was incorrectly answered
Gatien was sent to the penalty box
Gatien is the current player
They have rolled a 1
Gatien has 1/26 chance to exit jail
Gatien has 0% more chance to exit jail with 0 turn in jail
Gatien is getting out of the penalty box
Question was incorrectly answered
Gatien was sent to the penalty box
Gatien earns a joker after 27 turn in jail
Gatien is the current player
They have rolled a 1
Gatien has 1/26 chance to exit jail
Gatien has 0% more chance to exit jail with 0 turn in jail
Gatien is getting out of the penalty box
Question was incorrectly answered
Gatien was sent to the penalty box
Gatien earns a joker after 27 turn in jail
Gatien is the current player
They have rolled a 1
Gatien has 1/27 chance to exit jail
Gatien has 0% more chance to exit jail with 0 turn in jail
Gatien is getting out of the penalty box
Gatien is the current player
They have rolled a 1
Gatien has 1/27 chance to exit jail
Gatien has 0% more chance to exit jail with 0 turn in jail
Gatien is getting out of the penalty box
Gatien is the current player
They have rolled a 1
Gatien's new location is 10
The category is PEOPLE
People Question 0
Question was incorrectly answered
Gatien was sent to the penalty box
Gatien is the current player
They have rolled a 1
Gatien's new location is 10
The category is PEOPLE
People Question 1
Question was incorrectly answered
Gatien was sent to the penalty box
Gatien is the current player
They have rolled a 1
Gatien has 1/28 chance to exit jail
Gatien has 0% more chance to exit jail with 0 turn in jail
Gatien is getting out of the penalty box
Question was incorrectly answered
Gatien was sent to the penalty box
Gatien is the current player
They have rolled a 1
Gatien has 1/28 chance to exit jail
Gatien has 0% more chance to exit jail with 0 turn in jail
Gatien is getting out of the penalty box
Question was incorrectly answered
Gatien was sent to the penalty box
Gatien is the current player
They have rolled a 1
Gatien has 1/29 chance to exit jail
Gatien has 0% more chance to exit jail with 0 turn in jail
Gatien is getting out of the penalty box
Question was incorrectly answered
Gatien was sent to the penalty box
Gatien earns a joker after 30 turn in jail
Gatien is the current player
They have rolled a 1
Gatien has 1/29 chance to exit jail
Gatien has 0% more chance to exit jail with 0 turn in jail
Gatien is getting out of the penalty box
Question was incorrectly answered
Gatien was sent to the penalty box
Gatien earns a joker after 30 turn in jail
Gatien is the current player
They have rolled a 1
Gatien has 1/30 chance to exit jail
Gatien has 0% more chance to exit jail with 0 turn in jail
Gatien is getting out of the penalty box
Gatien is the current player
They have rolled a 1
Gatien has 1/30 chance to exit jail
Gatien has 0% more chance to exit jail with 0 turn in jail
Gatien is getting out of the penalty box
Gatien is the current player
They have rolled a 1
Gatien's new location is 11
The category is RAP
Rap Question 2
Question was incorrectly answered
Gatien was sent to the penalty box
Gatien is the current player
They have rolled a 1
Gatien's new location is 11
The category is RAP
Rap Question 3
Question was incorrectly answered
Gatien was sent to the penalty box
Gatien is the current player
They have rolled a 1
Gatien has 1/31 chance to exit jail
Gatien has 0% more chance to exit jail with 0 turn in jail
Gatien is getting out of the penalty box
Question was incorrectly answered
Gatien was sent to the penalty box
Gatien is the current player
They have rolled a 1
Gatien has 1/31 chance to exit jail
Gatien has 0% more chance to exit jail with 0 turn in jail
Gatien is getting out of the penalty box
Question was incorrectly answered
Gatien was sent to the penalty box
Gatien is the current player
They have rolled a 1
Gatien has 1/32 chance to exit jail
Gatien has 0% more chance to exit jail with 0 turn in jail
Gatien is getting out of the penalty box
Question was incorrectly answered
Gatien was sent to the penalty box
Gatien earns a joker after 33 turn in jail
Gatien is the current player
They have rolled a 1
Gatien has 1/32 chance to exit jail
Gatien has 0% more chance to exit jail with 0 turn in jail
Gatien is getting out of the penalty box
Question was incorrectly answered
Gatien was sent to the penalty box
Gatien earns a joker after 33 turn in jail
Gatien is the current player
They have rolled a 1
Gatien has 1/33 chance to exit jail
Gatien has 0% more chance to exit jail with 0 turn in jail
Gatien is getting out of the penalty box
Gatien is the current player
They have rolled a 1
Gatien has 1/33 chance to exit jail
Gatien has 0% more chance to exit jail with 0 turn in jail
Gatien is getting out of the penalty box
Gatien is the current player
They have rolled a 1
Gatien's new location is 0
The category is POP
Pop Question 0
Question was incorrectly answered
Gatien was sent to the penalty box
Gatien is the current player
They have rolled a 1
Gatien's new location is 0
The category is POP
Pop Question 1
Question was incorrectly answered
Gatien was sent to the penalty box
Gatien is the current player
They have rolled a 1
Gatien has 1/34 chance to exit jail
Gatien has 0% more chance to exit jail with 0 turn in jail
Gatien is getting out of the penalty box
Question was incorrectly answered
Gatien was sent to the penalty box
Gatien is the current player
They have rolled a 1
Gatien has 1/34 chance to exit jail
Gatien has 0% more chance to exit jail with 0 turn in jail
Gatien is getting out of the penalty box
Question was incorrectly answered
Gatien was sent to the penalty box
Gatien is the current player
They have rolled a 1
Gatien has 1/35 chance to exit jail
Gatien has 0% more chance to exit jail with 0 turn in jail
Gatien is getting out of the penalty box
Question was incorrectly answered
Gatien was sent to the penalty box
Gatien earns a joker after 36 turn in jail
Gatien is the current player
They have rolled a 1
Gatien has 1/35 chance to exit jail
Gatien has 0% more chance to exit jail with 0 turn in jail
Gatien is getting out of the penalty box
Question was incorrectly answered
Gatien was sent to the penalty box
Gatien earns a joker after 36 turn in jail
Gatien is the current player
They have rolled a 1
Gatien has 1/36 chance to exit jail
Gatien has 0% more chance to exit jail with 0 turn in jail
Gatien is getting out of the penalty box
Gatien is the current player
They have rolled a 1
Gatien has 1/36 chance to exit jail
Gatien has 0% more chance to exit jail with 0 turn in jail
Gatien is getting out of the penalty box
Gatien is the current player
They have rolled a 1
Gatien's new location is 1
The category is SCIENCE
Science Question 2
Question was incorrectly answered
Gatien was sent to the penalty box
Gatien is the current player
They have rolled a 1
Gatien's new location is 1
The category is SCIENCE
Science Question 3
Question was incorrectly answered
Gatien was sent to the penalty box
Gatien is the current player
They have rolled a 1
Gatien has 1/37 chance to exit jail
Gatien has 0% more chance to exit jail with 0 turn in jail
Gatien is getting out of the penalty box
Question was incorrectly answered
Gatien was sent to the penalty box
Gatien is the current player
They have rolled a 1
Gatien has 1/37 chance to exit jail
Gatien has 0% more chance to exit jail with 0 turn in jail
Gatien is getting out of the penalty box
Question was incorrectly answered
Gatien was sent to the penalty box
Gatien was added
They are player number 1
Gatien was added
They are player number 2
Gatien is the current player
They have rolled a 1
Gatien's new location is 1
The category is SCIENCE
Science Question 0
Answer was correct!!!!
Gatien now has 1 Gold Coins.
Gatien is the current player
They have rolled a 2
Gatien's new location is 2
The category is SPORT
Sports Question 0
Answer was correct!!!!
Gatien now has 1 Gold Coins.
Gatien is the current player
They have rolled a 2
Gatien's new location is 3
The category is ROCK
Rock Question 0
Answer was correct!!!!
Gatien now has 3 Gold Coins.
Gatien is the current player
They have rolled a 1
Gatien's new location is 3
The category is ROCK
Rock Question 1
Answer was correct!!!!
Gatien now has 3 Gold Coins.
Gatien is the current player
They have rolled a 2
Gatien's new location is 5
The category is SCIENCE
Science Question 1
Question was incorrectly answered
Gatien was sent to the penalty box
Gatien is the current player
They have rolled a 1
Gatien's new location is 4
The category is POP
Pop Question 0
Answer was correct!!!!
Gatien now has 6 Gold Coins.
Gatien win
Arthur was added
They are player number 1
Arthur was added
They are player number 2
Arthur is the current player
They have rolled a 1
Arthur's new location is 1
The category is SCIENCE
Science Question 0
Question was incorrectly answered
Arthur was sent to the penalty box
Arthur is the current player
They have rolled a 1
Arthur's new location is 1
The category is SCIENCE
Science Question 1
Question was incorrectly answered
Arthur was sent to the penalty box
Arthur is the current player
They have rolled a 1
Arthur has 1/1 chance to exit jail
Arthur has 0% more chance to exit jail with 0 turn in jail
Arthur is getting out of the penalty box
Question was incorrectly answered
Arthur was sent to the penalty box
Arthur is the current player
They have rolled a 1
Arthur has 1/1 chance to exit jail
Arthur has 0% more chance to exit jail with 0 turn in jail
Arthur is getting out of the penalty box
Question was incorrectly answered
Arthur was sent to the penalty box
Arthur is the current player
They have rolled a 1
Arthur has 1/2 chance to exit jail
Arthur has 0% more chance to exit jail with 0 turn in jail
Arthur is getting out of the penalty box
Question was incorrectly answered
Arthur was sent to the penalty box
Arthur earns a joker after 3 turn in jail
Arthur is the current player
They have rolled a 1
Arthur has 1/2 chance to exit jail
Arthur has 0% more chance to exit jail with 0 turn in jail
Arthur is getting out of the penalty box
Question was incorrectly answered
Arthur was sent to the penalty box
Arthur earns a joker after 3 turn in jail
Arthur is the current player
They have rolled a 1
Arthur has 1/3 chance to exit jail
Arthur has 0% more chance to exit jail with 0 turn in jail
Arthur is getting out of the penalty box
Arthur is the current player
They have rolled a 1
Arthur has 1/3 chance to exit jail
Arthur has 0% more chance to exit jail with 0 turn in jail
Arthur is getting out of the penalty box
Arthur is the current player
They have rolled a 1
Arthur's new location is 2
The category is SPORT
Sports Question 0
Question was incorrectly answered
Arthur was sent to the penalty box
Arthur is the current player
They have rolled a 1
Arthur's new location is 2
The category is SPORT
Sports Question 1
Question was incorrectly answered
Arthur was sent to the penalty box
Arthur is the current player
They have rolled a 1
Arthur has 1/4 chance to exit jail
Arthur has 0% more chance to exit jail with 0 turn in jail
Arthur is getting out of the penalty box
Question was incorrectly answered
Arthur was sent to the penalty box
Arthur is the current player
They have rolled a 1
Arthur has 1/4 chance to exit jail
Arthur has 0% more chance to exit jail with 0 turn in jail
Arthur is getting out of the penalty box
Question was incorrectly answered
Arthur was sent to the penalty box
Arthur is the current player
They have rolled a 1
Arthur has 1/5 chance to exit jail
Arthur has 0% more chance to exit jail with 0 turn in jail
Arthur is getting out of the penalty box
Question was incorrectly answered
Arthur was sent to the penalty box
Arthur earns a joker after 6 turn in jail
Arthur is the current player
They have rolled a 1
Arthur has 1/5 chance to exit jail
Arthur has 0% more chance to exit jail with 0 turn in jail
Arthur is getting out of the penalty box
Question was incorrectly answered
Arthur was sent to the penalty box
Arthur earns a joker after 6 turn in jail
Arthur is the current player
They have rolled a 1
Arthur has 1/6 chance to exit jail
Arthur has 0% more chance to exit jail with 0 turn in jail
Arthur is getting out of the penalty box
Arthur is the current player
They have rolled a 1
Arthur has 1/6 chance to exit jail
Arthur has 0% more chance to exit jail with 0 turn in jail
Arthur is getting out of the penalty box
Arthur is the current player
They have rolled a 1
Arthur's new location is 3
The category is ROCK
Rock Question 0
Question was incorrectly answered
Arthur was sent to the penalty box
Arthur is the current player
They have rolled a 1
Arthur's new location is 3
The category is ROCK
Rock Question 1
Question was incorrectly answered
Arthur was sent to the penalty box
Arthur is the current player
They have rolled a 1
Arthur has 1/7 chance to exit jail
Arthur has 0% more chance to exit jail with 0 turn in jail
Arthur is getting out of the penalty box
Question was incorrectly answered
Arthur was sent to the penalty box
Arthur is the current player
They have rolled a 1
Arthur has 1/7 chance to exit jail
Arthur has 0% more chance to exit jail with 0 turn in jail
Arthur is getting out of the penalty box
Question was incorrectly answered
Arthur was sent to the penalty box
Arthur is the current player
They have rolled a 1
Arthur has 1/8 chance to exit jail
Arthur has 0% more chance to exit jail with 0 turn in jail
Arthur is getting out of the penalty box
Question was incorrectly answered
Arthur was sent to the penalty box
Arthur earns a joker after 9 turn in jail
Arthur is the current player
They have rolled a 1
Arthur has 1/8 chance to exit jail
Arthur has 0% more chance to exit jail with 0 turn in jail
Arthur is getting out of the penalty box
Question was incorrectly answered
Arthur was sent to the penalty box
Arthur earns a joker after 9 turn in jail
Arthur is the current player
They have rolled a 1
Arthur has 1/9 chance to exit jail
Arthur has 0% more chance to exit jail with 0 turn in jail
Arthur is getting out of the penalty box
Arthur is the current player
They have rolled a 1
Arthur has 1/9 chance to exit jail
Arthur has 0% more chance to exit jail with 0 turn in jail
Arthur is getting out of the penalty box
Arthur is the current player
They have rolled a 1
Arthur's new location is 4
The category is POP
Pop Question 0
Question was incorrectly answered
Arthur was sent to the penalty box
Arthur is the current player
They have rolled a 1
Arthur's new location is 4
The category is POP
Pop Question 1
Question was incorrectly answered
Arthur was sent to the penalty box
Arthur is the current player
They have rolled a 1
Arthur has 1/10 chance to exit jail
Arthur has 0% more chance to exit jail with 0 turn in jail
Arthur is getting out of the penalty box
Question was incorrectly answered
Arthur was sent to the penalty box
Arthur is the current player
They have rolled a 1
Arthur has 1/10 chance to exit jail
Arthur has 0% more chance to exit jail with 0 turn in jail
Arthur is getting out of the penalty box
Question was incorrectly answered
Arthur was sent to the penalty box
Arthur is the current player
They have rolled a 1
Arthur has 1/11 chance to exit jail
Arthur has 0% more chance to exit jail with 0 turn in jail
Arthur is getting out of the penalty box
Question was incorrectly answered
Arthur was sent to the penalty box
Arthur earns a joker after 12 turn in jail
Arthur is the current player
They have rolled a 1
Arthur has 1/11 chance to exit jail
Arthur has 0% more chance to exit jail with 0 turn in jail
Arthur is getting out of the penalty box
Question was incorrectly answered
Arthur was sent to the penalty box
Arthur earns a joker after 12 turn in jail
Arthur is the current player
They have rolled a 1
Arthur has 1/12 chance to exit jail
Arthur has 0% more chance to exit jail with 0 turn in jail
Arthur is getting out of the penalty box
Arthur is the current player
They have rolled a 1
Arthur has 1/12 chance to exit jail
Arthur has 0% more chance to exit jail with 0 turn in jail
Arthur is getting out of the penalty box
Arthur is the current player
They have rolled a 1
Arthur's new location is 5
The category is SCIENCE
Science Question 2
Question was incorrectly answered
Arthur was sent to the penalty box
Arthur is the current player
They have rolled a 1
Arthur's new location is 5
The category is SCIENCE
Science Question 3
Question was incorrectly answered
Arthur was sent to the penalty box
Arthur is the current player
They have rolled a 1
Arthur has 1/13 chance to exit jail
Arthur has 0% more chance to exit jail with 0 turn in jail
Arthur is getting out of the penalty box
Question was incorrectly answered
Arthur was sent to the penalty box
Arthur is the current player
They have rolled a 1
Arthur has 1/13 chance to exit jail
Arthur has 0% more chance to exit jail with 0 turn in jail
Arthur is getting out of the penalty box
Question was incorrectly answered
Arthur was sent to the penalty box
Arthur is the current player
They have rolled a 1
Arthur has 1/14 chance to exit jail
Arthur has 0% more chance to exit jail with 0 turn in jail
Arthur is getting out of the penalty box
Question was incorrectly answered
Arthur was sent to the penalty box
Arthur earns a joker after 15 turn in jail
Arthur is the current player
They have rolled a 1
Arthur has 1/14 chance to exit jail
Arthur has 0% more chance to exit jail with 0 turn in jail
Arthur is getting out of the penalty box
Question was incorrectly answered
Arthur was sent to the penalty box
Arthur earns a joker after 15 turn in jail
Arthur is the current player
They have rolled a 1
Arthur has 1/15 chance to exit jail
Arthur has 0% more chance to exit jail with 0 turn in jail
Arthur is getting out of the penalty box
Arthur is the current player
They have rolled a 1
Arthur has 1/15 chance to exit jail
Arthur has 0% more chance to exit jail with 0 turn in jail
Arthur is getting out of the penalty box
Arthur is the current player
They have rolled a 1
Arthur's new location is 6
The category is SPORT
Sports Question 2
Question was incorrectly answered
Arthur was sent to the penalty box
Arthur is the current player
They have rolled a 1
Arthur's new location is 6
The category is SPORT
Sports Question 3
Question was incorrectly answered
Arthur was sent to the penalty box
Arthur is the current player
They have rolled a 1
Arthur has 1/16 chance to exit jail
Arthur has 0% more chance to exit jail with 0 turn in jail
Arthur is getting out of the penalty box
Question was incorrectly answered
Arthur was sent to the penalty box
Arthur is the current player
They have rolled a 1
Arthur has 1/16 chance to exit jail
Arthur has 0% more chance to exit jail with 0 turn in jail
Arthur is getting out of the penalty box
Question was incorrectly answered
Arthur was sent to the penalty box
Arthur is the current player
They have rolled a 1
Arthur has 1/17 chance to exit jail
Arthur has 0% more chance to exit jail with 0 turn in jail
Arthur is getting out of the penalty box
Question was incorrectly answered
Arthur was sent to the penalty box
Arthur earns a joker after 18 turn in jail
Arthur is the current player
They have rolled a 1
Arthur has 1/17 chance to exit jail
Arthur has 0% more chance to exit jail with 0 turn in jail
Arthur is getting out of the penalty box
Question was incorrectly answered
Arthur was sent to the penalty box
Arthur earns a joker after 18 turn in jail
Arthur is the current player
They have rolled a 1
Arthur has 1/18 chance to exit jail
Arthur has 0% more chance to exit jail with 0 turn in jail
Arthur is getting out of the penalty box
Arthur is the current player
They have rolled a 1
Arthur has 1/18 chance to exit jail
Arthur has 0% more chance to exit jail with 0 turn in jail
Arthur is getting out of the penalty box
Arthur is the current player
They have rolled a 1
Arthur's new location is 7
The category is ROCK
Rock Question 2
Question was incorrectly answered
Arthur was sent to the penalty box
Arthur is the current player
They have rolled a 1
Arthur's new location is 7
The category is ROCK
Rock Question 3
Question was incorrectly answered
Arthur was sent to the penalty box
Gatien was added
They are player number 1
Gatien was added
They are player number 2
Gatien was added
They are player number 3
Gatien was added
They are player number 4
Gatien was added
They are player number 5
Gatien was added
They are player number 6
Gatien was added
They are player number 7
Gatien was added
They are player number 8
Gatien was added
They are player number 1
Gatien was added
They are player number 2
(POP, 50) == (SCIENCE, 50)
(SCIENCE, 50) == (SPORT, 50)
(SPORT, 50) == (ROCK, 50)
Gatien was added
They are player number 1
Gatien was added
[...]
Gatien is not getting out of the penalty box
Gatien is the current player
They have rolled a 0
Gatien has 1/1 chance to exit jail
Gatien has 120% more chance to exit jail with 12 turn in jail
Gatien is not getting out of the penalty box
Gatien is the current player
They have rolled a 0
Gatien has 1/1 chance to exit jail
Gatien has 130% more chance to exit jail with 13 turn in jail
Gatien is not getting out of the penalty box
Question was incorrectly answered
Gatien was sent to the penalty box
Gatien is the current player
They have rolled a 0
Gatien has 1/1 chance to exit jail
Gatien has 130% more chance to exit jail with 13 turn in jail
Gatien is not getting out of the penalty box
Gatien is the current player
They have rolled a 0
Gatien has 1/2 chance to exit jail
Gatien has 140% more chance to exit jail with 14 turn in jail
Gatien is not getting out of the penalty box
Gatien is the current player
They have rolled a 0
Gatien has 1/1 chance to exit jail
Gatien has 140% more chance to exit jail with 14 turn in jail
Gatien is not getting out of the penalty box
Gatien is the current player
They have rolled a 0
Gatien has 1/2 chance to exit jail
Gatien has 150% more chance to exit jail with 15 turn in jail
Gatien is not getting out of the penalty box
Gatien is the current player
They have rolled a 0
Gatien has 1/1 chance to exit jail
Gatien has 150% more chance to exit jail with 15 turn in jail
Gatien is not getting out of the penalty box
Gatien is the current player
They have rolled a 0
Gatien has 1/2 chance to exit jail
Gatien has 160% more chance to exit jail with 16 turn in jail
Gatien is not getting out of the penalty box
Gatien is the current player
They have rolled a 0
Gatien has 1/1 chance to exit jail
Gatien has 160% more chance to exit jail with 16 turn in jail
Gatien is not getting out of the penalty box
Gatien is the current player
They have rolled a 0
Gatien has 1/2 chance to exit jail
Gatien has 170% more chance to exit jail with 17 turn in jail
Gatien is not getting out of the penalty box
Gatien is the current player
They have rolled a 0
Gatien has 1/1 chance to exit jail
Gatien has 170% more chance to exit jail with 17 turn in jail
Gatien is not getting out of the penalty box
Question was incorrectly answered
Gatien was sent to the penalty box
Gatien is the current player
They have rolled a 0
Gatien has 1/2 chance to exit jail
Gatien has 180% more chance to exit jail with 18 turn in jail
Gatien is not getting out of the penalty box
Gatien is the current player
They have rolled a 0
Gatien has 1/2 chance to exit jail
Gatien has 180% more chance to exit jail with 18 turn in jail
Gatien is not getting out of the penalty box
Gatien is the current player
They have rolled a 0
Gatien has 1/2 chance to exit jail
Gatien has 190% more chance to exit jail with 19 turn in jail
Gatien is not getting out of the penalty box
Gatien is the current player
They have rolled a 0
Gatien has 1/2 chance to exit jail
Gatien has 190% more chance to exit jail with 19 turn in jail
Gatien is not getting out of the penalty box
Gatien is the current player
They have rolled a 0
Gatien has 1/2 chance to exit jail
Gatien has 200% more chance to exit jail with 20 turn in jail
Gatien is not getting out of the penalty box
Gatien is the current player
They have rolled a 0
Gatien has 1/2 chance to exit jail
Gatien has 200% more chance to exit jail with 20 turn in jail
Gatien is not getting out of the penalty box
Gatien is the current player
They have rolled a 0
Gatien has 1/2 chance to exit jail
Gatien has 210% more chance to exit jail with 21 turn in jail
Gatien is not getting out of the penalty box
Gatien is the current player
They have rolled a 0
Gatien has 1/2 chance to exit jail
Gatien has 210% more chance to exit jail with 21 turn in jail
Gatien is not getting out of the penalty box
Gatien is the current player
They have rolled a 0
Gatien has 1/2 chance to exit jail
Gatien has 220% more chance to exit jail with 22 turn in jail
Gatien is not getting out of the penalty box
Gatien is the current player
They have rolled a 0
Gatien has 1/2 chance to exit jail
Gatien has 220% more chance to exit jail with 22 turn in jail
Gatien is not getting out of the penalty box
Gatien is the current player
They have rolled a 0
Gatien has 1/2 chance to exit jail
Gatien has 230% more chance to exit jail with 23 turn in jail
Gatien is not getting out of the penalty box
Gatien is the current player
They have rolled a 0
Gatien has 1/2 chance to exit jail
Gatien has 230% more chance to exit jail with 23 turn in jail
Gatien is not getting out of the penalty box
Gatien is the current player
They have rolled a 0
Gatien has 1/2 chance to exit jail
Gatien has 240% more chance to exit jail with 24 turn in jail
Gatien is not getting out of the penalty box
Gatien is the current player
They have rolled a 0
Gatien has 1/2 chance to exit jail
Gatien has 240% more chance to exit jail with 24 turn in jail
Gatien is not getting out of the penalty box
Question was incorrectly answered
Gatien was sent to the penalty box
Gatien earns a joker after 3 turn in jail
Gatien is the current player
They have rolled a 0
Gatien has 1/2 chance to exit jail
Gatien has 250% more chance to exit jail with 25 turn in jail
Gatien is not getting out of the penalty box
Question was incorrectly answered
Gatien was sent to the penalty box
Gatien earns a joker after 3 turn in jail
Gatien is the current player
They have rolled a 0
Gatien has 1/3 chance to exit jail
Gatien has 250% more chance to exit jail with 25 turn in jail
Gatien is not getting out of the penalty box
Gatien is the current player
They have rolled a 0
Gatien has 1/3 chance to exit jail
Gatien has 260% more chance to exit jail with 26 turn in jail
Gatien is not getting out of the penalty box
Gatien is the current player
They have rolled a 0
Gatien has 1/3 chance to exit jail
Gatien has 260% more chance to exit jail with 26 turn in jail
Gatien is not getting out of the penalty box
Gatien is the current player
They have rolled a 0
Gatien has 1/3 chance to exit jail
Gatien has 270% more chance to exit jail with 27 turn in jail
Gatien is not getting out of the penalty box
Gatien is the current player
They have rolled a 0
Gatien has 1/3 chance to exit jail
Gatien has 270% more chance to exit jail with 27 turn in jail
Gatien is not getting out of the penalty box
Gatien is the current player
They have rolled a 0
Gatien has 1/3 chance to exit jail
Gatien has 280% more chance to exit jail with 28 turn in jail
Gatien is not getting out of the penalty box
Gatien is the current player
They have rolled a 0
Gatien has 1/3 chance to exit jail
Gatien has 280% more chance to exit jail with 28 turn in jail
Gatien is not getting out of the penalty box
Gatien is the current player
They have rolled a 0
Gatien has 1/3 chance to exit jail
Gatien has 290% more chance to exit jail with 29 turn in jail
Gatien is not getting out of the penalty box
Gatien is the current player
They have rolled a 0
Gatien has 1/3 chance to exit jail
Gatien has 290% more chance to exit jail with 29 turn in jail
Gatien is not getting out of the penalty box
Gatien is the current player
They have rolled a 0
Gatien has 1/3 chance to exit jail
Gatien has 300% more chance to exit jail with 30 turn in jail
Gatien is not getting out of the penalty box
Question was incorrectly answered
Gatien was sent to the penalty box
Gatien is the current player
They have rolled a 0
Gatien has 1/3 chance to exit jail
Gatien has 300% more chance to exit jail with 30 turn in jail
Gatien is not getting out of the penalty box
Gatien is the current player
They have rolled a 0
Gatien has 1/4 chance to exit jail
Gatien has 310% more chance to exit jail with 31 turn in jail
Gatien is not getting out of the penalty box
Gatien is the current player
They have rolled a 0
Gatien has 1/3 chance to exit jail
Gatien has 310% more chance to exit jail with 31 turn in jail
Gatien is not getting out of the penalty box
Gatien is the current player
They have rolled a 0
Gatien has 1/4 chance to exit jail
Gatien has 320% more chance to exit jail with 32 turn in jail
Gatien is not getting out of the penalty box
Gatien is the current player
They have rolled a 0
Gatien has 1/3 chance to exit jail
Gatien has 320% more chance to exit jail with 32 turn in jail
Gatien is not getting out of the penalty box
Gatien is the current player
They have rolled a 0
Gatien has 1/4 chance to exit jail
Gatien has 330% more chance to exit jail with 33 turn in jail
Gatien is not getting out of the penalty box
Gatien is the current player
They have rolled a 0
Gatien has 1/3 chance to exit jail
Gatien has 330% more chance to exit jail with 33 turn in jail
Gatien is not getting out of the penalty box
Gatien is the current player
They have rolled a 0
Gatien has 1/4 chance to exit jail
Gatien has 340% more chance to exit jail with 34 turn in jail
Gatien is not getting out of the penalty box
Gatien is the current player
They have rolled a 0
Gatien has 1/3 chance to exit jail
Gatien has 340% more chance to exit jail with 34 turn in jail
Gatien is not getting out of the penalty box
Gatien is the current player
They have rolled a 0
Gatien has 1/4 chance to exit jail
Gatien has 350% more chance to exit jail with 35 turn in jail
Gatien is not getting out of the penalty box
Gatien is the current player
They have rolled a 0
Gatien has 1/3 chance to exit jail
Gatien has 350% more chance to exit jail with 35 turn in jail
Gatien is not getting out of the penalty box
Gatien is the current player
They have rolled a 0
Gatien has 1/4 chance to exit jail
Gatien has 360% more chance to exit jail with 36 turn in jail
Gatien is not getting out of the penalty box
Gatien is the current player
They have rolled a 0
Gatien has 1/3 chance to exit jail
Gatien has 360% more chance to exit jail with 36 turn in jail
Gatien is not getting out of the penalty box
Question was incorrectly answered
Gatien was sent to the penalty box
Gatien is the current player
They have rolled a 0
Gatien has 1/4 chance to exit jail
Gatien has 370% more chance to exit jail with 37 turn in jail
Gatien is not getting out of the penalty box
Gatien is the current player
They have rolled a 0
Gatien has 1/4 chance to exit jail
Gatien has 370% more chance to exit jail with 37 turn in jail
Gatien is not getting out of the penalty box
Gatien is the current player
They have rolled a 0
Gatien has 1/4 chance to exit jail
Gatien has 380% more chance to exit jail with 38 turn in jail
Gatien is not getting out of the penalty box
Gatien is the current player
They have rolled a 0
Gatien has 1/4 chance to exit jail
Gatien has 380% more chance to exit jail with 38 turn in jail
Gatien is not getting out of the penalty box
Question was incorrectly answered
Gatien was sent to the penalty box
Gatien is the current player
They have rolled a 0
Gatien has 1/4 chance to exit jail
Gatien has 390% more chance to exit jail with 39 turn in jail
Gatien is not getting out of the penalty box
Gatien is the current player
They have rolled a 0
Gatien has 1/5 chance to exit jail
Gatien has 390% more chance to exit jail with 39 turn in jail
Gatien is not getting out of the penalty box
Gatien is the current player
They have rolled a 0
Gatien has 1/4 chance to exit jail
Gatien has 400% more chance to exit jail with 40 turn in jail
Gatien is not getting out of the penalty box
Question was incorrectly answered
Gatien was sent to the penalty box
Gatien is the current player
They have rolled a 0
Gatien has 1/5 chance to exit jail
Gatien has 400% more chance to exit jail with 40 turn in jail
Gatien is not getting out of the penalty box
Gatien is the current player
They have rolled a 0
Gatien has 1/5 chance to exit jail
Gatien has 410% more chance to exit jail with 41 turn in jail
Gatien is not getting out of the penalty box
Gatien is the current player
They have rolled a 0
Gatien has 1/5 chance to exit jail
Gatien has 410% more chance to exit jail with 41 turn in jail
Gatien is not getting out of the penalty box
Question was incorrectly answered
Gatien was sent to the penalty box
Gatien earns a joker after 6 turn in jail
Gatien is the current player
They have rolled a 0
Gatien has 1/5 chance to exit jail
Gatien has 420% more chance to exit jail with 42 turn in jail
Gatien is not getting out of the penalty box
Gatien is the current player
They have rolled a 0
Gatien has 1/6 chance to exit jail
Gatien has 420% more chance to exit jail with 42 turn in jail
Gatien is not getting out of the penalty box
Gatien is the current player
They have rolled a 0
Gatien has 1/5 chance to exit jail
Gatien has 430% more chance to exit jail with 43 turn in jail
Gatien is not getting out of the penalty box
Gatien is the current player
They have rolled a 0
Gatien has 1/6 chance to exit jail
Gatien has 430% more chance to exit jail with 43 turn in jail
Gatien is not getting out of the penalty box
Gatien is the current player
They have rolled a 0
Gatien has 1/5 chance to exit jail
Gatien has 440% more chance to exit jail with 44 turn in jail
Gatien is not getting out of the penalty box
Gatien is the current player
They have rolled a 0
Gatien has 1/6 chance to exit jail
Gatien has 440% more chance to exit jail with 44 turn in jail
Gatien is not getting out of the penalty box
Gatien is the current player
They have rolled a 0
Gatien has 1/5 chance to exit jail
Gatien has 450% more chance to exit jail with 45 turn in jail
Gatien is not getting out of the penalty box
Gatien is the current player
They have rolled a 0
Gatien has 1/6 chance to exit jail
Gatien has 450% more chance to exit jail with 45 turn in jail
Gatien is not getting out of the penalty box
Gatien is the current player
They have rolled a 0
Gatien has 1/5 chance to exit jail
Gatien has 460% more chance to exit jail with 46 turn in jail
Gatien is not getting out of the penalty box
Gatien is the current player
They have rolled a 0
Gatien has 1/6 chance to exit jail
Gatien has 460% more chance to exit jail with 46 turn in jail
Gatien is not getting out of the penalty box
Gatien is the current player
They have rolled a 0
Gatien has 1/5 chance to exit jail
Gatien has 470% more chance to exit jail with 47 turn in jail
Gatien is not getting out of the penalty box
Gatien was added
They are player number 1
Gatien was added
They are player number 2
Gatien is the current player
They have rolled a 5
Gatien's new location is 5
The category is SCIENCE
Science Question 0
Answer was correct!!!!
Gatien now has 1 Gold Coins.
Gatien is the current player
They have rolled a 1
Gatien's new location is 1
The category is SCIENCE
Science Question 1
Answer was correct!!!!
Gatien now has 1 Gold Coins.
Gatien is the current player
They have rolled a 3
Gatien's new location is 8
The category is POP
Pop Question 0
Answer was correct!!!!
Gatien now has 3 Gold Coins.
Gatien is the current player
They have rolled a 2
Gatien's new location is 3
The category is TECHNO
Techno Question 0
Answer was correct!!!!
Gatien now has 3 Gold Coins.
Gatien is the current player
They have rolled a 2
Gatien's new location is 10
The category is SPORT
Sports Question 0
Answer was correct!!!!
Gatien now has 6 Gold Coins.
Gatien win
Gatien was added
They are player number 1
Louis was added
They are player number 2
Gatien is the current player
They have rolled a 3
Gatien's new location is 3
The category is ROCK
Rock Question 0
Answer was correct!!!!
Gatien now has 1 Gold Coins.
Louis is the current player
They have rolled a 3
Louis's new location is 3
The category is ROCK
Rock Question 1
Answer was correct!!!!
Louis now has 1 Gold Coins.
Gatien is the current player
They have rolled a 1
Gatien's new location is 4
The category is POP
Pop Question 0
Question was incorrectly answered
Gatien was sent to the penalty box
Louis is the current player
They have rolled a 2
Louis's new location is 5
The category is SCIENCE
Science Question 0
Question was incorrectly answered
Louis was sent to the penalty box
Gatien is the current player
They have rolled a 0
Gatien has 1/1 chance to exit jail
Gatien has 0% more chance to exit jail with 0 turn in jail
Gatien is not getting out of the penalty box
Question was incorrectly answered
Gatien was sent to the penalty box
Louis is the current player
They have rolled a 0
Louis has 1/1 chance to exit jail
Louis has 0% more chance to exit jail with 0 turn in jail
Louis is not getting out of the penalty box
Gatien is the current player
They have rolled a 0
Gatien has 1/2 chance to exit jail
Gatien has 10% more chance to exit jail with 1 turn in jail
Gatien is not getting out of the penalty box
Louis is the current player
They have rolled a 0
Louis has 1/1 chance to exit jail
Louis has 10% more chance to exit jail with 1 turn in jail
Louis is not getting out of the penalty box
Gatien is the current player
They have rolled a 1
Gatien has 1/2 chance to exit jail
Gatien has 20% more chance to exit jail with 2 turn in jail
Gatien is getting out of the penalty box
Gatien is the current player
They have rolled a 1
Gatien's new location is 5
The category is SCIENCE
Science Question 1
Answer was correct!!!!
Gatien now has 2 Gold Coins.
Louis is the current player
They have rolled a 0
Louis has 1/1 chance to exit jail
Louis has 20% more chance to exit jail with 2 turn in jail
Louis is not getting out of the penalty box
Gatien is the current player
They have rolled a 4
Gatien's new location is 9
The category is SCIENCE
Science Question 2
Answer was correct!!!!
Gatien now has 4 Gold Coins.
Louis is the current player
They have rolled a 0
Louis has 1/1 chance to exit jail
Louis has 30% more chance to exit jail with 3 turn in jail
Louis is not getting out of the penalty box
Gatien is the current player
They have rolled a 5
Gatien's new location is 2
The category is SPORT
Sports Question 0
Answer was correct!!!!
Gatien now has 7 Gold Coins.
Gatien win
Gatien was added
They are player number 1
Louis was added
They are player number 2
Arthur was added
They are player number 3
Antoine was added
They are player number 4
Gatien is the current player
They have rolled a 1
Gatien's new location is 1
The category is SCIENCE
Science Question 0
Answer was correct!!!!
Gatien now has 1 Gold Coins.
Louis is the current player
They have rolled a 1
Louis's new location is 1
The category is SCIENCE
Science Question 1
Answer was correct!!!!
Louis now has 1 Gold Coins.
Arthur is the current player
They have rolled a 1
Arthur's new location is 1
The category is SCIENCE
Science Question 2
Answer was correct!!!!
Arthur now has 1 Gold Coins.
Antoine is the current player
They have rolled a 1
Antoine's new location is 1
The category is SCIENCE
Science Question 3
Answer was correct!!!!
Antoine now has 1 Gold Coins.
Gatien is the current player
They have rolled a 1
Gatien's new location is 2
The category is SPORT
Sports Question 0
Answer was correct!!!!
Gatien now has 3 Gold Coins.
Louis is the current player
They have rolled a 1
Louis's new location is 2
The category is SPORT
Sports Question 1
Answer was correct!!!!
Louis now has 3 Gold Coins.
Arthur is the current player
They have rolled a 1
Arthur's new location is 2
The category is SPORT
Sports Question 2
Answer was correct!!!!
Arthur now has 3 Gold Coins.
Antoine is the current player
They have rolled a 1
Antoine's new location is 2
The category is SPORT
Sports Question 3
Answer was correct!!!!
Antoine now has 3 Gold Coins.
Gatien is the current player
They have rolled a 1
Gatien's new location is 3
The category is ROCK
Rock Question 0
Answer was correct!!!!
Gatien now has 6 Gold Coins.
Gatien win
Louis is the current player
They have rolled a 1
Louis's new location is 3
The category is ROCK
Rock Question 1
Answer was correct!!!!
Louis now has 6 Gold Coins.
Louis win
Arthur is the current player
They have rolled a 1
Arthur's new location is 3
The category is ROCK
Rock Question 2
Answer was correct!!!!
Arthur now has 6 Gold Coins.
Arthur win
]]></system-out>
  <system-err><![CDATA[]]></system-err>
</testsuite>
